The target system is: Linux -  - 
The host system is: Linux - 4.10.0-22-generic - x86_64
Determining if the C compiler works passed with the following output:
Change Dir: /home/physiii/circuits/liger/code/build/libwebsockets/CMakeFiles/CMakeTmp

Run Build Command:"/usr/bin/make" "cmTC_e8adc/fast"
make[2]: Entering directory '/home/physiii/circuits/liger/code/build/libwebsockets/CMakeFiles/CMakeTmp'
/usr/bin/make -f CMakeFiles/cmTC_e8adc.dir/build.make CMakeFiles/cmTC_e8adc.dir/build
make[3]: Entering directory '/home/physiii/circuits/liger/code/build/libwebsockets/CMakeFiles/CMakeTmp'
Building C object CMakeFiles/cmTC_e8adc.dir/testCCompiler.c.o
/home/physiii/xtensa-esp32-elf/bin/../bin/xtensa-esp32-elf-gcc    -nostdlib -Wall -Werror 	-I/home/physiii/circuits/liger/code/build/include 	-I/home/physiii/esp/esp-idf/components/mdns/include 	-I/home/physiii/esp/esp-idf/components/driver/include 	-I/home/physiii/esp/esp-idf/components/spi_flash/include 	-I/home/physiii/esp/esp-idf/components/nvs_flash/include 	-I/home/physiii/esp/esp-idf/components/tcpip_adapter/include 	-I/home/physiii/esp/esp-idf/components/lwip/include/lwip/posix 	-I/home/physiii/esp/esp-idf/components/lwip/include/lwip 	-I/home/physiii/esp/esp-idf/components/lwip/include/lwip/port 	-I/home/physiii/esp/esp-idf/components/esp32/include/ 	-I/home/physiii/esp/esp-idf/components/bootloader_support/include/ 	-I/home/physiii/esp/esp-idf/components/app_update/include/ 	-I/home/physiii/esp/esp-idf/components/soc/esp32/include/ 	-std=gnu99 -Os -ggdb -ffunction-sections -fdata-sections -fstrict-volatile-bitfields -mlongcalls -nostdlib -Wall -Werror=all -Wno-error=unused-function -Wno-error=unused-but-set-variable -Wno-error=unused-variable -Wno-error=deprecated-declarations -Wextra -Wno-unused-parameter -Wno-sign-compare -Wno-old-style-declaration -DWITH_POSIX -DMBEDTLS_CONFIG_FILE='mbedtls/esp_config.h' -DHAVE_CONFIG_H -I/home/physiii/circuits/liger/code/main/../components/libwebsockets/plugins  -DLWS_IS_FACTORY_APPLICATION=0 -DNDEBUG=1 -Os 	-I/home/physiii/esp/esp-idf/components/nvs_flash/test_nvs_host 	-I/home/physiii/esp/esp-idf/components/freertos/include    -o CMakeFiles/cmTC_e8adc.dir/testCCompiler.c.o   -c /home/physiii/circuits/liger/code/build/libwebsockets/CMakeFiles/CMakeTmp/testCCompiler.c
Linking C executable cmTC_e8adc
/usr/bin/cmake -E cmake_link_script CMakeFiles/cmTC_e8adc.dir/link.txt --verbose=1
/home/physiii/xtensa-esp32-elf/bin/../bin/xtensa-esp32-elf-gcc  -nostdlib -Wall -Werror 	-I/home/physiii/circuits/liger/code/build/include 	-I/home/physiii/esp/esp-idf/components/mdns/include 	-I/home/physiii/esp/esp-idf/components/driver/include 	-I/home/physiii/esp/esp-idf/components/spi_flash/include 	-I/home/physiii/esp/esp-idf/components/nvs_flash/include 	-I/home/physiii/esp/esp-idf/components/tcpip_adapter/include 	-I/home/physiii/esp/esp-idf/components/lwip/include/lwip/posix 	-I/home/physiii/esp/esp-idf/components/lwip/include/lwip 	-I/home/physiii/esp/esp-idf/components/lwip/include/lwip/port 	-I/home/physiii/esp/esp-idf/components/esp32/include/ 	-I/home/physiii/esp/esp-idf/components/bootloader_support/include/ 	-I/home/physiii/esp/esp-idf/components/app_update/include/ 	-I$(IDF_PATH)/components/soc/esp32/include/ 	-std=gnu99 -Os -ggdb -ffunction-sections -fdata-sections -fstrict-volatile-bitfields -mlongcalls -nostdlib -Wall -Werror=all -Wno-error=unused-function -Wno-error=unused-but-set-variable -Wno-error=unused-variable -Wno-error=deprecated-declarations -Wextra -Wno-unused-parameter -Wno-sign-compare -Wno-old-style-declaration -DWITH_POSIX -DMBEDTLS_CONFIG_FILE='mbedtls/esp_config.h' -DHAVE_CONFIG_H -I/home/physiii/circuits/liger/code/main/../components/libwebsockets/plugins  -DLWS_IS_FACTORY_APPLICATION=0 -DNDEBUG=1 -Os 	-I/home/physiii/esp/esp-idf/components/nvs_flash/test_nvs_host 	-I/home/physiii/esp/esp-idf/components/freertos/include     CMakeFiles/cmTC_e8adc.dir/testCCompiler.c.o  -o cmTC_e8adc  
/home/physiii/xtensa-esp32-elf/bin/../lib/gcc/xtensa-esp32-elf/5.2.0/../../../../xtensa-esp32-elf/bin/ld: warning: cannot find entry symbol _start; defaulting to 0000000000400054
make[3]: Leaving directory '/home/physiii/circuits/liger/code/build/libwebsockets/CMakeFiles/CMakeTmp'
make[2]: Leaving directory '/home/physiii/circuits/liger/code/build/libwebsockets/CMakeFiles/CMakeTmp'


Detecting C compiler ABI info compiled with the following output:
Change Dir: /home/physiii/circuits/liger/code/build/libwebsockets/CMakeFiles/CMakeTmp

Run Build Command:"/usr/bin/make" "cmTC_6a976/fast"
make[2]: Entering directory '/home/physiii/circuits/liger/code/build/libwebsockets/CMakeFiles/CMakeTmp'
/usr/bin/make -f CMakeFiles/cmTC_6a976.dir/build.make CMakeFiles/cmTC_6a976.dir/build
make[3]: Entering directory '/home/physiii/circuits/liger/code/build/libwebsockets/CMakeFiles/CMakeTmp'
Building C object CMakeFiles/cmTC_6a976.dir/CMakeCCompilerABI.c.o
/home/physiii/xtensa-esp32-elf/bin/../bin/xtensa-esp32-elf-gcc    -nostdlib -Wall -Werror 	-I/home/physiii/circuits/liger/code/build/include 	-I/home/physiii/esp/esp-idf/components/mdns/include 	-I/home/physiii/esp/esp-idf/components/driver/include 	-I/home/physiii/esp/esp-idf/components/spi_flash/include 	-I/home/physiii/esp/esp-idf/components/nvs_flash/include 	-I/home/physiii/esp/esp-idf/components/tcpip_adapter/include 	-I/home/physiii/esp/esp-idf/components/lwip/include/lwip/posix 	-I/home/physiii/esp/esp-idf/components/lwip/include/lwip 	-I/home/physiii/esp/esp-idf/components/lwip/include/lwip/port 	-I/home/physiii/esp/esp-idf/components/esp32/include/ 	-I/home/physiii/esp/esp-idf/components/bootloader_support/include/ 	-I/home/physiii/esp/esp-idf/components/app_update/include/ 	-I/home/physiii/esp/esp-idf/components/soc/esp32/include/ 	-std=gnu99 -Os -ggdb -ffunction-sections -fdata-sections -fstrict-volatile-bitfields -mlongcalls -nostdlib -Wall -Werror=all -Wno-error=unused-function -Wno-error=unused-but-set-variable -Wno-error=unused-variable -Wno-error=deprecated-declarations -Wextra -Wno-unused-parameter -Wno-sign-compare -Wno-old-style-declaration -DWITH_POSIX -DMBEDTLS_CONFIG_FILE='mbedtls/esp_config.h' -DHAVE_CONFIG_H -I/home/physiii/circuits/liger/code/main/../components/libwebsockets/plugins  -DLWS_IS_FACTORY_APPLICATION=0 -DNDEBUG=1 -Os 	-I/home/physiii/esp/esp-idf/components/nvs_flash/test_nvs_host 	-I/home/physiii/esp/esp-idf/components/freertos/include    -o CMakeFiles/cmTC_6a976.dir/CMakeCCompilerABI.c.o   -c /usr/share/cmake-3.7/Modules/CMakeCCompilerABI.c
Linking C executable cmTC_6a976
/usr/bin/cmake -E cmake_link_script CMakeFiles/cmTC_6a976.dir/link.txt --verbose=1
/home/physiii/xtensa-esp32-elf/bin/../bin/xtensa-esp32-elf-gcc  -nostdlib -Wall -Werror 	-I/home/physiii/circuits/liger/code/build/include 	-I/home/physiii/esp/esp-idf/components/mdns/include 	-I/home/physiii/esp/esp-idf/components/driver/include 	-I/home/physiii/esp/esp-idf/components/spi_flash/include 	-I/home/physiii/esp/esp-idf/components/nvs_flash/include 	-I/home/physiii/esp/esp-idf/components/tcpip_adapter/include 	-I/home/physiii/esp/esp-idf/components/lwip/include/lwip/posix 	-I/home/physiii/esp/esp-idf/components/lwip/include/lwip 	-I/home/physiii/esp/esp-idf/components/lwip/include/lwip/port 	-I/home/physiii/esp/esp-idf/components/esp32/include/ 	-I/home/physiii/esp/esp-idf/components/bootloader_support/include/ 	-I/home/physiii/esp/esp-idf/components/app_update/include/ 	-I$(IDF_PATH)/components/soc/esp32/include/ 	-std=gnu99 -Os -ggdb -ffunction-sections -fdata-sections -fstrict-volatile-bitfields -mlongcalls -nostdlib -Wall -Werror=all -Wno-error=unused-function -Wno-error=unused-but-set-variable -Wno-error=unused-variable -Wno-error=deprecated-declarations -Wextra -Wno-unused-parameter -Wno-sign-compare -Wno-old-style-declaration -DWITH_POSIX -DMBEDTLS_CONFIG_FILE='mbedtls/esp_config.h' -DHAVE_CONFIG_H -I/home/physiii/circuits/liger/code/main/../components/libwebsockets/plugins  -DLWS_IS_FACTORY_APPLICATION=0 -DNDEBUG=1 -Os 	-I/home/physiii/esp/esp-idf/components/nvs_flash/test_nvs_host 	-I/home/physiii/esp/esp-idf/components/freertos/include     CMakeFiles/cmTC_6a976.dir/CMakeCCompilerABI.c.o  -o cmTC_6a976   
/home/physiii/xtensa-esp32-elf/bin/../lib/gcc/xtensa-esp32-elf/5.2.0/../../../../xtensa-esp32-elf/bin/ld: warning: cannot find entry symbol _start; defaulting to 0000000000400054
make[3]: Leaving directory '/home/physiii/circuits/liger/code/build/libwebsockets/CMakeFiles/CMakeTmp'
make[2]: Leaving directory '/home/physiii/circuits/liger/code/build/libwebsockets/CMakeFiles/CMakeTmp'


Performing C SOURCE FILE Test LWS_HAVE_inline succeeded with the following output:
Change Dir: /home/physiii/circuits/liger/code/build/libwebsockets/CMakeFiles/CMakeTmp

Run Build Command:"/usr/bin/make" "cmTC_1e763/fast"
make[2]: Entering directory '/home/physiii/circuits/liger/code/build/libwebsockets/CMakeFiles/CMakeTmp'
/usr/bin/make -f CMakeFiles/cmTC_1e763.dir/build.make CMakeFiles/cmTC_1e763.dir/build
make[3]: Entering directory '/home/physiii/circuits/liger/code/build/libwebsockets/CMakeFiles/CMakeTmp'
Building C object CMakeFiles/cmTC_1e763.dir/src.c.o
/home/physiii/xtensa-esp32-elf/bin/../bin/xtensa-esp32-elf-gcc  -DKEYWORD=inline  -nostdlib -Wall -Werror 	-I/home/physiii/circuits/liger/code/build/include 	-I/home/physiii/esp/esp-idf/components/mdns/include 	-I/home/physiii/esp/esp-idf/components/driver/include 	-I/home/physiii/esp/esp-idf/components/spi_flash/include 	-I/home/physiii/esp/esp-idf/components/nvs_flash/include 	-I/home/physiii/esp/esp-idf/components/tcpip_adapter/include 	-I/home/physiii/esp/esp-idf/components/lwip/include/lwip/posix 	-I/home/physiii/esp/esp-idf/components/lwip/include/lwip 	-I/home/physiii/esp/esp-idf/components/lwip/include/lwip/port 	-I/home/physiii/esp/esp-idf/components/esp32/include/ 	-I/home/physiii/esp/esp-idf/components/bootloader_support/include/ 	-I/home/physiii/esp/esp-idf/components/app_update/include/ 	-I/home/physiii/esp/esp-idf/components/soc/esp32/include/ 	-std=gnu99 -Os -ggdb -ffunction-sections -fdata-sections -fstrict-volatile-bitfields -mlongcalls -nostdlib -Wall -Werror=all -Wno-error=unused-function -Wno-error=unused-but-set-variable -Wno-error=unused-variable -Wno-error=deprecated-declarations -Wextra -Wno-unused-parameter -Wno-sign-compare -Wno-old-style-declaration -DWITH_POSIX -DMBEDTLS_CONFIG_FILE='mbedtls/esp_config.h' -DHAVE_CONFIG_H -I/home/physiii/circuits/liger/code/main/../components/libwebsockets/plugins  -DLWS_IS_FACTORY_APPLICATION=0 -DNDEBUG=1 -Os 	-I/home/physiii/esp/esp-idf/components/nvs_flash/test_nvs_host 	-I/home/physiii/esp/esp-idf/components/freertos/include -DLWS_HAVE_inline   -o CMakeFiles/cmTC_1e763.dir/src.c.o   -c /home/physiii/circuits/liger/code/build/libwebsockets/CMakeFiles/CMakeTmp/src.c
Linking C executable cmTC_1e763
/usr/bin/cmake -E cmake_link_script CMakeFiles/cmTC_1e763.dir/link.txt --verbose=1
/home/physiii/xtensa-esp32-elf/bin/../bin/xtensa-esp32-elf-gcc  -nostdlib -Wall -Werror 	-I/home/physiii/circuits/liger/code/build/include 	-I/home/physiii/esp/esp-idf/components/mdns/include 	-I/home/physiii/esp/esp-idf/components/driver/include 	-I/home/physiii/esp/esp-idf/components/spi_flash/include 	-I/home/physiii/esp/esp-idf/components/nvs_flash/include 	-I/home/physiii/esp/esp-idf/components/tcpip_adapter/include 	-I/home/physiii/esp/esp-idf/components/lwip/include/lwip/posix 	-I/home/physiii/esp/esp-idf/components/lwip/include/lwip 	-I/home/physiii/esp/esp-idf/components/lwip/include/lwip/port 	-I/home/physiii/esp/esp-idf/components/esp32/include/ 	-I/home/physiii/esp/esp-idf/components/bootloader_support/include/ 	-I/home/physiii/esp/esp-idf/components/app_update/include/ 	-I$(IDF_PATH)/components/soc/esp32/include/ 	-std=gnu99 -Os -ggdb -ffunction-sections -fdata-sections -fstrict-volatile-bitfields -mlongcalls -nostdlib -Wall -Werror=all -Wno-error=unused-function -Wno-error=unused-but-set-variable -Wno-error=unused-variable -Wno-error=deprecated-declarations -Wextra -Wno-unused-parameter -Wno-sign-compare -Wno-old-style-declaration -DWITH_POSIX -DMBEDTLS_CONFIG_FILE='mbedtls/esp_config.h' -DHAVE_CONFIG_H -I/home/physiii/circuits/liger/code/main/../components/libwebsockets/plugins  -DLWS_IS_FACTORY_APPLICATION=0 -DNDEBUG=1 -Os 	-I/home/physiii/esp/esp-idf/components/nvs_flash/test_nvs_host 	-I/home/physiii/esp/esp-idf/components/freertos/include -DLWS_HAVE_inline    CMakeFiles/cmTC_1e763.dir/src.c.o  -o cmTC_1e763  
/home/physiii/xtensa-esp32-elf/bin/../lib/gcc/xtensa-esp32-elf/5.2.0/../../../../xtensa-esp32-elf/bin/ld: warning: cannot find entry symbol _start; defaulting to 0000000000400054
make[3]: Leaving directory '/home/physiii/circuits/liger/code/build/libwebsockets/CMakeFiles/CMakeTmp'
make[2]: Leaving directory '/home/physiii/circuits/liger/code/build/libwebsockets/CMakeFiles/CMakeTmp'

Source file was:

		#include <stdio.h>
		static KEYWORD void a() {}
		int main(int argc, char **argv) { a(); return 0; }
		
Performing C SOURCE FILE Test LWS_HAVE___inline__ succeeded with the following output:
Change Dir: /home/physiii/circuits/liger/code/build/libwebsockets/CMakeFiles/CMakeTmp

Run Build Command:"/usr/bin/make" "cmTC_49cf8/fast"
make[2]: Entering directory '/home/physiii/circuits/liger/code/build/libwebsockets/CMakeFiles/CMakeTmp'
/usr/bin/make -f CMakeFiles/cmTC_49cf8.dir/build.make CMakeFiles/cmTC_49cf8.dir/build
make[3]: Entering directory '/home/physiii/circuits/liger/code/build/libwebsockets/CMakeFiles/CMakeTmp'
Building C object CMakeFiles/cmTC_49cf8.dir/src.c.o
/home/physiii/xtensa-esp32-elf/bin/../bin/xtensa-esp32-elf-gcc  -DKEYWORD=__inline__  -nostdlib -Wall -Werror 	-I/home/physiii/circuits/liger/code/build/include 	-I/home/physiii/esp/esp-idf/components/mdns/include 	-I/home/physiii/esp/esp-idf/components/driver/include 	-I/home/physiii/esp/esp-idf/components/spi_flash/include 	-I/home/physiii/esp/esp-idf/components/nvs_flash/include 	-I/home/physiii/esp/esp-idf/components/tcpip_adapter/include 	-I/home/physiii/esp/esp-idf/components/lwip/include/lwip/posix 	-I/home/physiii/esp/esp-idf/components/lwip/include/lwip 	-I/home/physiii/esp/esp-idf/components/lwip/include/lwip/port 	-I/home/physiii/esp/esp-idf/components/esp32/include/ 	-I/home/physiii/esp/esp-idf/components/bootloader_support/include/ 	-I/home/physiii/esp/esp-idf/components/app_update/include/ 	-I/home/physiii/esp/esp-idf/components/soc/esp32/include/ 	-std=gnu99 -Os -ggdb -ffunction-sections -fdata-sections -fstrict-volatile-bitfields -mlongcalls -nostdlib -Wall -Werror=all -Wno-error=unused-function -Wno-error=unused-but-set-variable -Wno-error=unused-variable -Wno-error=deprecated-declarations -Wextra -Wno-unused-parameter -Wno-sign-compare -Wno-old-style-declaration -DWITH_POSIX -DMBEDTLS_CONFIG_FILE='mbedtls/esp_config.h' -DHAVE_CONFIG_H -I/home/physiii/circuits/liger/code/main/../components/libwebsockets/plugins  -DLWS_IS_FACTORY_APPLICATION=0 -DNDEBUG=1 -Os 	-I/home/physiii/esp/esp-idf/components/nvs_flash/test_nvs_host 	-I/home/physiii/esp/esp-idf/components/freertos/include -DLWS_HAVE___inline__   -o CMakeFiles/cmTC_49cf8.dir/src.c.o   -c /home/physiii/circuits/liger/code/build/libwebsockets/CMakeFiles/CMakeTmp/src.c
Linking C executable cmTC_49cf8
/usr/bin/cmake -E cmake_link_script CMakeFiles/cmTC_49cf8.dir/link.txt --verbose=1
/home/physiii/xtensa-esp32-elf/bin/../bin/xtensa-esp32-elf-gcc  -nostdlib -Wall -Werror 	-I/home/physiii/circuits/liger/code/build/include 	-I/home/physiii/esp/esp-idf/components/mdns/include 	-I/home/physiii/esp/esp-idf/components/driver/include 	-I/home/physiii/esp/esp-idf/components/spi_flash/include 	-I/home/physiii/esp/esp-idf/components/nvs_flash/include 	-I/home/physiii/esp/esp-idf/components/tcpip_adapter/include 	-I/home/physiii/esp/esp-idf/components/lwip/include/lwip/posix 	-I/home/physiii/esp/esp-idf/components/lwip/include/lwip 	-I/home/physiii/esp/esp-idf/components/lwip/include/lwip/port 	-I/home/physiii/esp/esp-idf/components/esp32/include/ 	-I/home/physiii/esp/esp-idf/components/bootloader_support/include/ 	-I/home/physiii/esp/esp-idf/components/app_update/include/ 	-I$(IDF_PATH)/components/soc/esp32/include/ 	-std=gnu99 -Os -ggdb -ffunction-sections -fdata-sections -fstrict-volatile-bitfields -mlongcalls -nostdlib -Wall -Werror=all -Wno-error=unused-function -Wno-error=unused-but-set-variable -Wno-error=unused-variable -Wno-error=deprecated-declarations -Wextra -Wno-unused-parameter -Wno-sign-compare -Wno-old-style-declaration -DWITH_POSIX -DMBEDTLS_CONFIG_FILE='mbedtls/esp_config.h' -DHAVE_CONFIG_H -I/home/physiii/circuits/liger/code/main/../components/libwebsockets/plugins  -DLWS_IS_FACTORY_APPLICATION=0 -DNDEBUG=1 -Os 	-I/home/physiii/esp/esp-idf/components/nvs_flash/test_nvs_host 	-I/home/physiii/esp/esp-idf/components/freertos/include -DLWS_HAVE___inline__    CMakeFiles/cmTC_49cf8.dir/src.c.o  -o cmTC_49cf8  
/home/physiii/xtensa-esp32-elf/bin/../lib/gcc/xtensa-esp32-elf/5.2.0/../../../../xtensa-esp32-elf/bin/ld: warning: cannot find entry symbol _start; defaulting to 0000000000400054
make[3]: Leaving directory '/home/physiii/circuits/liger/code/build/libwebsockets/CMakeFiles/CMakeTmp'
make[2]: Leaving directory '/home/physiii/circuits/liger/code/build/libwebsockets/CMakeFiles/CMakeTmp'

Source file was:

		#include <stdio.h>
		static KEYWORD void a() {}
		int main(int argc, char **argv) { a(); return 0; }
		
Performing C SOURCE FILE Test LWS_HAVE___inline succeeded with the following output:
Change Dir: /home/physiii/circuits/liger/code/build/libwebsockets/CMakeFiles/CMakeTmp

Run Build Command:"/usr/bin/make" "cmTC_7314e/fast"
make[2]: Entering directory '/home/physiii/circuits/liger/code/build/libwebsockets/CMakeFiles/CMakeTmp'
/usr/bin/make -f CMakeFiles/cmTC_7314e.dir/build.make CMakeFiles/cmTC_7314e.dir/build
make[3]: Entering directory '/home/physiii/circuits/liger/code/build/libwebsockets/CMakeFiles/CMakeTmp'
Building C object CMakeFiles/cmTC_7314e.dir/src.c.o
/home/physiii/xtensa-esp32-elf/bin/../bin/xtensa-esp32-elf-gcc  -DKEYWORD=__inline  -nostdlib -Wall -Werror 	-I/home/physiii/circuits/liger/code/build/include 	-I/home/physiii/esp/esp-idf/components/mdns/include 	-I/home/physiii/esp/esp-idf/components/driver/include 	-I/home/physiii/esp/esp-idf/components/spi_flash/include 	-I/home/physiii/esp/esp-idf/components/nvs_flash/include 	-I/home/physiii/esp/esp-idf/components/tcpip_adapter/include 	-I/home/physiii/esp/esp-idf/components/lwip/include/lwip/posix 	-I/home/physiii/esp/esp-idf/components/lwip/include/lwip 	-I/home/physiii/esp/esp-idf/components/lwip/include/lwip/port 	-I/home/physiii/esp/esp-idf/components/esp32/include/ 	-I/home/physiii/esp/esp-idf/components/bootloader_support/include/ 	-I/home/physiii/esp/esp-idf/components/app_update/include/ 	-I/home/physiii/esp/esp-idf/components/soc/esp32/include/ 	-std=gnu99 -Os -ggdb -ffunction-sections -fdata-sections -fstrict-volatile-bitfields -mlongcalls -nostdlib -Wall -Werror=all -Wno-error=unused-function -Wno-error=unused-but-set-variable -Wno-error=unused-variable -Wno-error=deprecated-declarations -Wextra -Wno-unused-parameter -Wno-sign-compare -Wno-old-style-declaration -DWITH_POSIX -DMBEDTLS_CONFIG_FILE='mbedtls/esp_config.h' -DHAVE_CONFIG_H -I/home/physiii/circuits/liger/code/main/../components/libwebsockets/plugins  -DLWS_IS_FACTORY_APPLICATION=0 -DNDEBUG=1 -Os 	-I/home/physiii/esp/esp-idf/components/nvs_flash/test_nvs_host 	-I/home/physiii/esp/esp-idf/components/freertos/include -DLWS_HAVE___inline   -o CMakeFiles/cmTC_7314e.dir/src.c.o   -c /home/physiii/circuits/liger/code/build/libwebsockets/CMakeFiles/CMakeTmp/src.c
Linking C executable cmTC_7314e
/usr/bin/cmake -E cmake_link_script CMakeFiles/cmTC_7314e.dir/link.txt --verbose=1
/home/physiii/xtensa-esp32-elf/bin/../bin/xtensa-esp32-elf-gcc  -nostdlib -Wall -Werror 	-I/home/physiii/circuits/liger/code/build/include 	-I/home/physiii/esp/esp-idf/components/mdns/include 	-I/home/physiii/esp/esp-idf/components/driver/include 	-I/home/physiii/esp/esp-idf/components/spi_flash/include 	-I/home/physiii/esp/esp-idf/components/nvs_flash/include 	-I/home/physiii/esp/esp-idf/components/tcpip_adapter/include 	-I/home/physiii/esp/esp-idf/components/lwip/include/lwip/posix 	-I/home/physiii/esp/esp-idf/components/lwip/include/lwip 	-I/home/physiii/esp/esp-idf/components/lwip/include/lwip/port 	-I/home/physiii/esp/esp-idf/components/esp32/include/ 	-I/home/physiii/esp/esp-idf/components/bootloader_support/include/ 	-I/home/physiii/esp/esp-idf/components/app_update/include/ 	-I$(IDF_PATH)/components/soc/esp32/include/ 	-std=gnu99 -Os -ggdb -ffunction-sections -fdata-sections -fstrict-volatile-bitfields -mlongcalls -nostdlib -Wall -Werror=all -Wno-error=unused-function -Wno-error=unused-but-set-variable -Wno-error=unused-variable -Wno-error=deprecated-declarations -Wextra -Wno-unused-parameter -Wno-sign-compare -Wno-old-style-declaration -DWITH_POSIX -DMBEDTLS_CONFIG_FILE='mbedtls/esp_config.h' -DHAVE_CONFIG_H -I/home/physiii/circuits/liger/code/main/../components/libwebsockets/plugins  -DLWS_IS_FACTORY_APPLICATION=0 -DNDEBUG=1 -Os 	-I/home/physiii/esp/esp-idf/components/nvs_flash/test_nvs_host 	-I/home/physiii/esp/esp-idf/components/freertos/include -DLWS_HAVE___inline    CMakeFiles/cmTC_7314e.dir/src.c.o  -o cmTC_7314e  
/home/physiii/xtensa-esp32-elf/bin/../lib/gcc/xtensa-esp32-elf/5.2.0/../../../../xtensa-esp32-elf/bin/ld: warning: cannot find entry symbol _start; defaulting to 0000000000400054
make[3]: Leaving directory '/home/physiii/circuits/liger/code/build/libwebsockets/CMakeFiles/CMakeTmp'
make[2]: Leaving directory '/home/physiii/circuits/liger/code/build/libwebsockets/CMakeFiles/CMakeTmp'

Source file was:

		#include <stdio.h>
		static KEYWORD void a() {}
		int main(int argc, char **argv) { a(); return 0; }
		
Determining if the include file fcntl.h exists passed with the following output:
Change Dir: /home/physiii/circuits/liger/code/build/libwebsockets/CMakeFiles/CMakeTmp

Run Build Command:"/usr/bin/make" "cmTC_e6bb5/fast"
make[2]: Entering directory '/home/physiii/circuits/liger/code/build/libwebsockets/CMakeFiles/CMakeTmp'
/usr/bin/make -f CMakeFiles/cmTC_e6bb5.dir/build.make CMakeFiles/cmTC_e6bb5.dir/build
make[3]: Entering directory '/home/physiii/circuits/liger/code/build/libwebsockets/CMakeFiles/CMakeTmp'
Building C object CMakeFiles/cmTC_e6bb5.dir/CheckIncludeFile.c.o
/home/physiii/xtensa-esp32-elf/bin/../bin/xtensa-esp32-elf-gcc  -DKEYWORD=__inline  -nostdlib -Wall -Werror 	-I/home/physiii/circuits/liger/code/build/include 	-I/home/physiii/esp/esp-idf/components/mdns/include 	-I/home/physiii/esp/esp-idf/components/driver/include 	-I/home/physiii/esp/esp-idf/components/spi_flash/include 	-I/home/physiii/esp/esp-idf/components/nvs_flash/include 	-I/home/physiii/esp/esp-idf/components/tcpip_adapter/include 	-I/home/physiii/esp/esp-idf/components/lwip/include/lwip/posix 	-I/home/physiii/esp/esp-idf/components/lwip/include/lwip 	-I/home/physiii/esp/esp-idf/components/lwip/include/lwip/port 	-I/home/physiii/esp/esp-idf/components/esp32/include/ 	-I/home/physiii/esp/esp-idf/components/bootloader_support/include/ 	-I/home/physiii/esp/esp-idf/components/app_update/include/ 	-I/home/physiii/esp/esp-idf/components/soc/esp32/include/ 	-std=gnu99 -Os -ggdb -ffunction-sections -fdata-sections -fstrict-volatile-bitfields -mlongcalls -nostdlib -Wall -Werror=all -Wno-error=unused-function -Wno-error=unused-but-set-variable -Wno-error=unused-variable -Wno-error=deprecated-declarations -Wextra -Wno-unused-parameter -Wno-sign-compare -Wno-old-style-declaration -DWITH_POSIX -DMBEDTLS_CONFIG_FILE='mbedtls/esp_config.h' -DHAVE_CONFIG_H -I/home/physiii/circuits/liger/code/main/../components/libwebsockets/plugins  -DLWS_IS_FACTORY_APPLICATION=0 -DNDEBUG=1 -Os 	-I/home/physiii/esp/esp-idf/components/nvs_flash/test_nvs_host 	-I/home/physiii/esp/esp-idf/components/freertos/include    -o CMakeFiles/cmTC_e6bb5.dir/CheckIncludeFile.c.o   -c /home/physiii/circuits/liger/code/build/libwebsockets/CMakeFiles/CMakeTmp/CheckIncludeFile.c
Linking C executable cmTC_e6bb5
/usr/bin/cmake -E cmake_link_script CMakeFiles/cmTC_e6bb5.dir/link.txt --verbose=1
/home/physiii/xtensa-esp32-elf/bin/../bin/xtensa-esp32-elf-gcc  -nostdlib -Wall -Werror 	-I/home/physiii/circuits/liger/code/build/include 	-I/home/physiii/esp/esp-idf/components/mdns/include 	-I/home/physiii/esp/esp-idf/components/driver/include 	-I/home/physiii/esp/esp-idf/components/spi_flash/include 	-I/home/physiii/esp/esp-idf/components/nvs_flash/include 	-I/home/physiii/esp/esp-idf/components/tcpip_adapter/include 	-I/home/physiii/esp/esp-idf/components/lwip/include/lwip/posix 	-I/home/physiii/esp/esp-idf/components/lwip/include/lwip 	-I/home/physiii/esp/esp-idf/components/lwip/include/lwip/port 	-I/home/physiii/esp/esp-idf/components/esp32/include/ 	-I/home/physiii/esp/esp-idf/components/bootloader_support/include/ 	-I/home/physiii/esp/esp-idf/components/app_update/include/ 	-I$(IDF_PATH)/components/soc/esp32/include/ 	-std=gnu99 -Os -ggdb -ffunction-sections -fdata-sections -fstrict-volatile-bitfields -mlongcalls -nostdlib -Wall -Werror=all -Wno-error=unused-function -Wno-error=unused-but-set-variable -Wno-error=unused-variable -Wno-error=deprecated-declarations -Wextra -Wno-unused-parameter -Wno-sign-compare -Wno-old-style-declaration -DWITH_POSIX -DMBEDTLS_CONFIG_FILE='mbedtls/esp_config.h' -DHAVE_CONFIG_H -I/home/physiii/circuits/liger/code/main/../components/libwebsockets/plugins  -DLWS_IS_FACTORY_APPLICATION=0 -DNDEBUG=1 -Os 	-I/home/physiii/esp/esp-idf/components/nvs_flash/test_nvs_host 	-I/home/physiii/esp/esp-idf/components/freertos/include     CMakeFiles/cmTC_e6bb5.dir/CheckIncludeFile.c.o  -o cmTC_e6bb5  
/home/physiii/xtensa-esp32-elf/bin/../lib/gcc/xtensa-esp32-elf/5.2.0/../../../../xtensa-esp32-elf/bin/ld: warning: cannot find entry symbol _start; defaulting to 0000000000400054
make[3]: Leaving directory '/home/physiii/circuits/liger/code/build/libwebsockets/CMakeFiles/CMakeTmp'
make[2]: Leaving directory '/home/physiii/circuits/liger/code/build/libwebsockets/CMakeFiles/CMakeTmp'


Determining if the include file inttypes.h exists passed with the following output:
Change Dir: /home/physiii/circuits/liger/code/build/libwebsockets/CMakeFiles/CMakeTmp

Run Build Command:"/usr/bin/make" "cmTC_0428a/fast"
make[2]: Entering directory '/home/physiii/circuits/liger/code/build/libwebsockets/CMakeFiles/CMakeTmp'
/usr/bin/make -f CMakeFiles/cmTC_0428a.dir/build.make CMakeFiles/cmTC_0428a.dir/build
make[3]: Entering directory '/home/physiii/circuits/liger/code/build/libwebsockets/CMakeFiles/CMakeTmp'
Building C object CMakeFiles/cmTC_0428a.dir/CheckIncludeFile.c.o
/home/physiii/xtensa-esp32-elf/bin/../bin/xtensa-esp32-elf-gcc  -DKEYWORD=__inline  -nostdlib -Wall -Werror 	-I/home/physiii/circuits/liger/code/build/include 	-I/home/physiii/esp/esp-idf/components/mdns/include 	-I/home/physiii/esp/esp-idf/components/driver/include 	-I/home/physiii/esp/esp-idf/components/spi_flash/include 	-I/home/physiii/esp/esp-idf/components/nvs_flash/include 	-I/home/physiii/esp/esp-idf/components/tcpip_adapter/include 	-I/home/physiii/esp/esp-idf/components/lwip/include/lwip/posix 	-I/home/physiii/esp/esp-idf/components/lwip/include/lwip 	-I/home/physiii/esp/esp-idf/components/lwip/include/lwip/port 	-I/home/physiii/esp/esp-idf/components/esp32/include/ 	-I/home/physiii/esp/esp-idf/components/bootloader_support/include/ 	-I/home/physiii/esp/esp-idf/components/app_update/include/ 	-I/home/physiii/esp/esp-idf/components/soc/esp32/include/ 	-std=gnu99 -Os -ggdb -ffunction-sections -fdata-sections -fstrict-volatile-bitfields -mlongcalls -nostdlib -Wall -Werror=all -Wno-error=unused-function -Wno-error=unused-but-set-variable -Wno-error=unused-variable -Wno-error=deprecated-declarations -Wextra -Wno-unused-parameter -Wno-sign-compare -Wno-old-style-declaration -DWITH_POSIX -DMBEDTLS_CONFIG_FILE='mbedtls/esp_config.h' -DHAVE_CONFIG_H -I/home/physiii/circuits/liger/code/main/../components/libwebsockets/plugins  -DLWS_IS_FACTORY_APPLICATION=0 -DNDEBUG=1 -Os 	-I/home/physiii/esp/esp-idf/components/nvs_flash/test_nvs_host 	-I/home/physiii/esp/esp-idf/components/freertos/include    -o CMakeFiles/cmTC_0428a.dir/CheckIncludeFile.c.o   -c /home/physiii/circuits/liger/code/build/libwebsockets/CMakeFiles/CMakeTmp/CheckIncludeFile.c
Linking C executable cmTC_0428a
/usr/bin/cmake -E cmake_link_script CMakeFiles/cmTC_0428a.dir/link.txt --verbose=1
/home/physiii/xtensa-esp32-elf/bin/../bin/xtensa-esp32-elf-gcc  -nostdlib -Wall -Werror 	-I/home/physiii/circuits/liger/code/build/include 	-I/home/physiii/esp/esp-idf/components/mdns/include 	-I/home/physiii/esp/esp-idf/components/driver/include 	-I/home/physiii/esp/esp-idf/components/spi_flash/include 	-I/home/physiii/esp/esp-idf/components/nvs_flash/include 	-I/home/physiii/esp/esp-idf/components/tcpip_adapter/include 	-I/home/physiii/esp/esp-idf/components/lwip/include/lwip/posix 	-I/home/physiii/esp/esp-idf/components/lwip/include/lwip 	-I/home/physiii/esp/esp-idf/components/lwip/include/lwip/port 	-I/home/physiii/esp/esp-idf/components/esp32/include/ 	-I/home/physiii/esp/esp-idf/components/bootloader_support/include/ 	-I/home/physiii/esp/esp-idf/components/app_update/include/ 	-I$(IDF_PATH)/components/soc/esp32/include/ 	-std=gnu99 -Os -ggdb -ffunction-sections -fdata-sections -fstrict-volatile-bitfields -mlongcalls -nostdlib -Wall -Werror=all -Wno-error=unused-function -Wno-error=unused-but-set-variable -Wno-error=unused-variable -Wno-error=deprecated-declarations -Wextra -Wno-unused-parameter -Wno-sign-compare -Wno-old-style-declaration -DWITH_POSIX -DMBEDTLS_CONFIG_FILE='mbedtls/esp_config.h' -DHAVE_CONFIG_H -I/home/physiii/circuits/liger/code/main/../components/libwebsockets/plugins  -DLWS_IS_FACTORY_APPLICATION=0 -DNDEBUG=1 -Os 	-I/home/physiii/esp/esp-idf/components/nvs_flash/test_nvs_host 	-I/home/physiii/esp/esp-idf/components/freertos/include     CMakeFiles/cmTC_0428a.dir/CheckIncludeFile.c.o  -o cmTC_0428a  
/home/physiii/xtensa-esp32-elf/bin/../lib/gcc/xtensa-esp32-elf/5.2.0/../../../../xtensa-esp32-elf/bin/ld: warning: cannot find entry symbol _start; defaulting to 0000000000400054
make[3]: Leaving directory '/home/physiii/circuits/liger/code/build/libwebsockets/CMakeFiles/CMakeTmp'
make[2]: Leaving directory '/home/physiii/circuits/liger/code/build/libwebsockets/CMakeFiles/CMakeTmp'


Determining if the include file netinet/in.h exists passed with the following output:
Change Dir: /home/physiii/circuits/liger/code/build/libwebsockets/CMakeFiles/CMakeTmp

Run Build Command:"/usr/bin/make" "cmTC_781ba/fast"
make[2]: Entering directory '/home/physiii/circuits/liger/code/build/libwebsockets/CMakeFiles/CMakeTmp'
/usr/bin/make -f CMakeFiles/cmTC_781ba.dir/build.make CMakeFiles/cmTC_781ba.dir/build
make[3]: Entering directory '/home/physiii/circuits/liger/code/build/libwebsockets/CMakeFiles/CMakeTmp'
Building C object CMakeFiles/cmTC_781ba.dir/CheckIncludeFile.c.o
/home/physiii/xtensa-esp32-elf/bin/../bin/xtensa-esp32-elf-gcc  -DKEYWORD=__inline  -nostdlib -Wall -Werror 	-I/home/physiii/circuits/liger/code/build/include 	-I/home/physiii/esp/esp-idf/components/mdns/include 	-I/home/physiii/esp/esp-idf/components/driver/include 	-I/home/physiii/esp/esp-idf/components/spi_flash/include 	-I/home/physiii/esp/esp-idf/components/nvs_flash/include 	-I/home/physiii/esp/esp-idf/components/tcpip_adapter/include 	-I/home/physiii/esp/esp-idf/components/lwip/include/lwip/posix 	-I/home/physiii/esp/esp-idf/components/lwip/include/lwip 	-I/home/physiii/esp/esp-idf/components/lwip/include/lwip/port 	-I/home/physiii/esp/esp-idf/components/esp32/include/ 	-I/home/physiii/esp/esp-idf/components/bootloader_support/include/ 	-I/home/physiii/esp/esp-idf/components/app_update/include/ 	-I/home/physiii/esp/esp-idf/components/soc/esp32/include/ 	-std=gnu99 -Os -ggdb -ffunction-sections -fdata-sections -fstrict-volatile-bitfields -mlongcalls -nostdlib -Wall -Werror=all -Wno-error=unused-function -Wno-error=unused-but-set-variable -Wno-error=unused-variable -Wno-error=deprecated-declarations -Wextra -Wno-unused-parameter -Wno-sign-compare -Wno-old-style-declaration -DWITH_POSIX -DMBEDTLS_CONFIG_FILE='mbedtls/esp_config.h' -DHAVE_CONFIG_H -I/home/physiii/circuits/liger/code/main/../components/libwebsockets/plugins  -DLWS_IS_FACTORY_APPLICATION=0 -DNDEBUG=1 -Os 	-I/home/physiii/esp/esp-idf/components/nvs_flash/test_nvs_host 	-I/home/physiii/esp/esp-idf/components/freertos/include    -o CMakeFiles/cmTC_781ba.dir/CheckIncludeFile.c.o   -c /home/physiii/circuits/liger/code/build/libwebsockets/CMakeFiles/CMakeTmp/CheckIncludeFile.c
Linking C executable cmTC_781ba
/usr/bin/cmake -E cmake_link_script CMakeFiles/cmTC_781ba.dir/link.txt --verbose=1
/home/physiii/xtensa-esp32-elf/bin/../bin/xtensa-esp32-elf-gcc  -nostdlib -Wall -Werror 	-I/home/physiii/circuits/liger/code/build/include 	-I/home/physiii/esp/esp-idf/components/mdns/include 	-I/home/physiii/esp/esp-idf/components/driver/include 	-I/home/physiii/esp/esp-idf/components/spi_flash/include 	-I/home/physiii/esp/esp-idf/components/nvs_flash/include 	-I/home/physiii/esp/esp-idf/components/tcpip_adapter/include 	-I/home/physiii/esp/esp-idf/components/lwip/include/lwip/posix 	-I/home/physiii/esp/esp-idf/components/lwip/include/lwip 	-I/home/physiii/esp/esp-idf/components/lwip/include/lwip/port 	-I/home/physiii/esp/esp-idf/components/esp32/include/ 	-I/home/physiii/esp/esp-idf/components/bootloader_support/include/ 	-I/home/physiii/esp/esp-idf/components/app_update/include/ 	-I$(IDF_PATH)/components/soc/esp32/include/ 	-std=gnu99 -Os -ggdb -ffunction-sections -fdata-sections -fstrict-volatile-bitfields -mlongcalls -nostdlib -Wall -Werror=all -Wno-error=unused-function -Wno-error=unused-but-set-variable -Wno-error=unused-variable -Wno-error=deprecated-declarations -Wextra -Wno-unused-parameter -Wno-sign-compare -Wno-old-style-declaration -DWITH_POSIX -DMBEDTLS_CONFIG_FILE='mbedtls/esp_config.h' -DHAVE_CONFIG_H -I/home/physiii/circuits/liger/code/main/../components/libwebsockets/plugins  -DLWS_IS_FACTORY_APPLICATION=0 -DNDEBUG=1 -Os 	-I/home/physiii/esp/esp-idf/components/nvs_flash/test_nvs_host 	-I/home/physiii/esp/esp-idf/components/freertos/include     CMakeFiles/cmTC_781ba.dir/CheckIncludeFile.c.o  -o cmTC_781ba  
/home/physiii/xtensa-esp32-elf/bin/../lib/gcc/xtensa-esp32-elf/5.2.0/../../../../xtensa-esp32-elf/bin/ld: warning: cannot find entry symbol _start; defaulting to 0000000000400054
make[3]: Leaving directory '/home/physiii/circuits/liger/code/build/libwebsockets/CMakeFiles/CMakeTmp'
make[2]: Leaving directory '/home/physiii/circuits/liger/code/build/libwebsockets/CMakeFiles/CMakeTmp'


Determining if the include file stdint.h exists passed with the following output:
Change Dir: /home/physiii/circuits/liger/code/build/libwebsockets/CMakeFiles/CMakeTmp

Run Build Command:"/usr/bin/make" "cmTC_d913c/fast"
make[2]: Entering directory '/home/physiii/circuits/liger/code/build/libwebsockets/CMakeFiles/CMakeTmp'
/usr/bin/make -f CMakeFiles/cmTC_d913c.dir/build.make CMakeFiles/cmTC_d913c.dir/build
make[3]: Entering directory '/home/physiii/circuits/liger/code/build/libwebsockets/CMakeFiles/CMakeTmp'
Building C object CMakeFiles/cmTC_d913c.dir/CheckIncludeFile.c.o
/home/physiii/xtensa-esp32-elf/bin/../bin/xtensa-esp32-elf-gcc  -DKEYWORD=__inline  -nostdlib -Wall -Werror 	-I/home/physiii/circuits/liger/code/build/include 	-I/home/physiii/esp/esp-idf/components/mdns/include 	-I/home/physiii/esp/esp-idf/components/driver/include 	-I/home/physiii/esp/esp-idf/components/spi_flash/include 	-I/home/physiii/esp/esp-idf/components/nvs_flash/include 	-I/home/physiii/esp/esp-idf/components/tcpip_adapter/include 	-I/home/physiii/esp/esp-idf/components/lwip/include/lwip/posix 	-I/home/physiii/esp/esp-idf/components/lwip/include/lwip 	-I/home/physiii/esp/esp-idf/components/lwip/include/lwip/port 	-I/home/physiii/esp/esp-idf/components/esp32/include/ 	-I/home/physiii/esp/esp-idf/components/bootloader_support/include/ 	-I/home/physiii/esp/esp-idf/components/app_update/include/ 	-I/home/physiii/esp/esp-idf/components/soc/esp32/include/ 	-std=gnu99 -Os -ggdb -ffunction-sections -fdata-sections -fstrict-volatile-bitfields -mlongcalls -nostdlib -Wall -Werror=all -Wno-error=unused-function -Wno-error=unused-but-set-variable -Wno-error=unused-variable -Wno-error=deprecated-declarations -Wextra -Wno-unused-parameter -Wno-sign-compare -Wno-old-style-declaration -DWITH_POSIX -DMBEDTLS_CONFIG_FILE='mbedtls/esp_config.h' -DHAVE_CONFIG_H -I/home/physiii/circuits/liger/code/main/../components/libwebsockets/plugins  -DLWS_IS_FACTORY_APPLICATION=0 -DNDEBUG=1 -Os 	-I/home/physiii/esp/esp-idf/components/nvs_flash/test_nvs_host 	-I/home/physiii/esp/esp-idf/components/freertos/include    -o CMakeFiles/cmTC_d913c.dir/CheckIncludeFile.c.o   -c /home/physiii/circuits/liger/code/build/libwebsockets/CMakeFiles/CMakeTmp/CheckIncludeFile.c
Linking C executable cmTC_d913c
/usr/bin/cmake -E cmake_link_script CMakeFiles/cmTC_d913c.dir/link.txt --verbose=1
/home/physiii/xtensa-esp32-elf/bin/../bin/xtensa-esp32-elf-gcc  -nostdlib -Wall -Werror 	-I/home/physiii/circuits/liger/code/build/include 	-I/home/physiii/esp/esp-idf/components/mdns/include 	-I/home/physiii/esp/esp-idf/components/driver/include 	-I/home/physiii/esp/esp-idf/components/spi_flash/include 	-I/home/physiii/esp/esp-idf/components/nvs_flash/include 	-I/home/physiii/esp/esp-idf/components/tcpip_adapter/include 	-I/home/physiii/esp/esp-idf/components/lwip/include/lwip/posix 	-I/home/physiii/esp/esp-idf/components/lwip/include/lwip 	-I/home/physiii/esp/esp-idf/components/lwip/include/lwip/port 	-I/home/physiii/esp/esp-idf/components/esp32/include/ 	-I/home/physiii/esp/esp-idf/components/bootloader_support/include/ 	-I/home/physiii/esp/esp-idf/components/app_update/include/ 	-I$(IDF_PATH)/components/soc/esp32/include/ 	-std=gnu99 -Os -ggdb -ffunction-sections -fdata-sections -fstrict-volatile-bitfields -mlongcalls -nostdlib -Wall -Werror=all -Wno-error=unused-function -Wno-error=unused-but-set-variable -Wno-error=unused-variable -Wno-error=deprecated-declarations -Wextra -Wno-unused-parameter -Wno-sign-compare -Wno-old-style-declaration -DWITH_POSIX -DMBEDTLS_CONFIG_FILE='mbedtls/esp_config.h' -DHAVE_CONFIG_H -I/home/physiii/circuits/liger/code/main/../components/libwebsockets/plugins  -DLWS_IS_FACTORY_APPLICATION=0 -DNDEBUG=1 -Os 	-I/home/physiii/esp/esp-idf/components/nvs_flash/test_nvs_host 	-I/home/physiii/esp/esp-idf/components/freertos/include     CMakeFiles/cmTC_d913c.dir/CheckIncludeFile.c.o  -o cmTC_d913c  
/home/physiii/xtensa-esp32-elf/bin/../lib/gcc/xtensa-esp32-elf/5.2.0/../../../../xtensa-esp32-elf/bin/ld: warning: cannot find entry symbol _start; defaulting to 0000000000400054
make[3]: Leaving directory '/home/physiii/circuits/liger/code/build/libwebsockets/CMakeFiles/CMakeTmp'
make[2]: Leaving directory '/home/physiii/circuits/liger/code/build/libwebsockets/CMakeFiles/CMakeTmp'


Determining if the include file stdlib.h exists passed with the following output:
Change Dir: /home/physiii/circuits/liger/code/build/libwebsockets/CMakeFiles/CMakeTmp

Run Build Command:"/usr/bin/make" "cmTC_cbe34/fast"
make[2]: Entering directory '/home/physiii/circuits/liger/code/build/libwebsockets/CMakeFiles/CMakeTmp'
/usr/bin/make -f CMakeFiles/cmTC_cbe34.dir/build.make CMakeFiles/cmTC_cbe34.dir/build
make[3]: Entering directory '/home/physiii/circuits/liger/code/build/libwebsockets/CMakeFiles/CMakeTmp'
Building C object CMakeFiles/cmTC_cbe34.dir/CheckIncludeFile.c.o
/home/physiii/xtensa-esp32-elf/bin/../bin/xtensa-esp32-elf-gcc  -DKEYWORD=__inline  -nostdlib -Wall -Werror 	-I/home/physiii/circuits/liger/code/build/include 	-I/home/physiii/esp/esp-idf/components/mdns/include 	-I/home/physiii/esp/esp-idf/components/driver/include 	-I/home/physiii/esp/esp-idf/components/spi_flash/include 	-I/home/physiii/esp/esp-idf/components/nvs_flash/include 	-I/home/physiii/esp/esp-idf/components/tcpip_adapter/include 	-I/home/physiii/esp/esp-idf/components/lwip/include/lwip/posix 	-I/home/physiii/esp/esp-idf/components/lwip/include/lwip 	-I/home/physiii/esp/esp-idf/components/lwip/include/lwip/port 	-I/home/physiii/esp/esp-idf/components/esp32/include/ 	-I/home/physiii/esp/esp-idf/components/bootloader_support/include/ 	-I/home/physiii/esp/esp-idf/components/app_update/include/ 	-I/home/physiii/esp/esp-idf/components/soc/esp32/include/ 	-std=gnu99 -Os -ggdb -ffunction-sections -fdata-sections -fstrict-volatile-bitfields -mlongcalls -nostdlib -Wall -Werror=all -Wno-error=unused-function -Wno-error=unused-but-set-variable -Wno-error=unused-variable -Wno-error=deprecated-declarations -Wextra -Wno-unused-parameter -Wno-sign-compare -Wno-old-style-declaration -DWITH_POSIX -DMBEDTLS_CONFIG_FILE='mbedtls/esp_config.h' -DHAVE_CONFIG_H -I/home/physiii/circuits/liger/code/main/../components/libwebsockets/plugins  -DLWS_IS_FACTORY_APPLICATION=0 -DNDEBUG=1 -Os 	-I/home/physiii/esp/esp-idf/components/nvs_flash/test_nvs_host 	-I/home/physiii/esp/esp-idf/components/freertos/include    -o CMakeFiles/cmTC_cbe34.dir/CheckIncludeFile.c.o   -c /home/physiii/circuits/liger/code/build/libwebsockets/CMakeFiles/CMakeTmp/CheckIncludeFile.c
Linking C executable cmTC_cbe34
/usr/bin/cmake -E cmake_link_script CMakeFiles/cmTC_cbe34.dir/link.txt --verbose=1
/home/physiii/xtensa-esp32-elf/bin/../bin/xtensa-esp32-elf-gcc  -nostdlib -Wall -Werror 	-I/home/physiii/circuits/liger/code/build/include 	-I/home/physiii/esp/esp-idf/components/mdns/include 	-I/home/physiii/esp/esp-idf/components/driver/include 	-I/home/physiii/esp/esp-idf/components/spi_flash/include 	-I/home/physiii/esp/esp-idf/components/nvs_flash/include 	-I/home/physiii/esp/esp-idf/components/tcpip_adapter/include 	-I/home/physiii/esp/esp-idf/components/lwip/include/lwip/posix 	-I/home/physiii/esp/esp-idf/components/lwip/include/lwip 	-I/home/physiii/esp/esp-idf/components/lwip/include/lwip/port 	-I/home/physiii/esp/esp-idf/components/esp32/include/ 	-I/home/physiii/esp/esp-idf/components/bootloader_support/include/ 	-I/home/physiii/esp/esp-idf/components/app_update/include/ 	-I$(IDF_PATH)/components/soc/esp32/include/ 	-std=gnu99 -Os -ggdb -ffunction-sections -fdata-sections -fstrict-volatile-bitfields -mlongcalls -nostdlib -Wall -Werror=all -Wno-error=unused-function -Wno-error=unused-but-set-variable -Wno-error=unused-variable -Wno-error=deprecated-declarations -Wextra -Wno-unused-parameter -Wno-sign-compare -Wno-old-style-declaration -DWITH_POSIX -DMBEDTLS_CONFIG_FILE='mbedtls/esp_config.h' -DHAVE_CONFIG_H -I/home/physiii/circuits/liger/code/main/../components/libwebsockets/plugins  -DLWS_IS_FACTORY_APPLICATION=0 -DNDEBUG=1 -Os 	-I/home/physiii/esp/esp-idf/components/nvs_flash/test_nvs_host 	-I/home/physiii/esp/esp-idf/components/freertos/include     CMakeFiles/cmTC_cbe34.dir/CheckIncludeFile.c.o  -o cmTC_cbe34  
/home/physiii/xtensa-esp32-elf/bin/../lib/gcc/xtensa-esp32-elf/5.2.0/../../../../xtensa-esp32-elf/bin/ld: warning: cannot find entry symbol _start; defaulting to 0000000000400054
make[3]: Leaving directory '/home/physiii/circuits/liger/code/build/libwebsockets/CMakeFiles/CMakeTmp'
make[2]: Leaving directory '/home/physiii/circuits/liger/code/build/libwebsockets/CMakeFiles/CMakeTmp'


Determining if the include file strings.h exists passed with the following output:
Change Dir: /home/physiii/circuits/liger/code/build/libwebsockets/CMakeFiles/CMakeTmp

Run Build Command:"/usr/bin/make" "cmTC_f75a7/fast"
make[2]: Entering directory '/home/physiii/circuits/liger/code/build/libwebsockets/CMakeFiles/CMakeTmp'
/usr/bin/make -f CMakeFiles/cmTC_f75a7.dir/build.make CMakeFiles/cmTC_f75a7.dir/build
make[3]: Entering directory '/home/physiii/circuits/liger/code/build/libwebsockets/CMakeFiles/CMakeTmp'
Building C object CMakeFiles/cmTC_f75a7.dir/CheckIncludeFile.c.o
/home/physiii/xtensa-esp32-elf/bin/../bin/xtensa-esp32-elf-gcc  -DKEYWORD=__inline  -nostdlib -Wall -Werror 	-I/home/physiii/circuits/liger/code/build/include 	-I/home/physiii/esp/esp-idf/components/mdns/include 	-I/home/physiii/esp/esp-idf/components/driver/include 	-I/home/physiii/esp/esp-idf/components/spi_flash/include 	-I/home/physiii/esp/esp-idf/components/nvs_flash/include 	-I/home/physiii/esp/esp-idf/components/tcpip_adapter/include 	-I/home/physiii/esp/esp-idf/components/lwip/include/lwip/posix 	-I/home/physiii/esp/esp-idf/components/lwip/include/lwip 	-I/home/physiii/esp/esp-idf/components/lwip/include/lwip/port 	-I/home/physiii/esp/esp-idf/components/esp32/include/ 	-I/home/physiii/esp/esp-idf/components/bootloader_support/include/ 	-I/home/physiii/esp/esp-idf/components/app_update/include/ 	-I/home/physiii/esp/esp-idf/components/soc/esp32/include/ 	-std=gnu99 -Os -ggdb -ffunction-sections -fdata-sections -fstrict-volatile-bitfields -mlongcalls -nostdlib -Wall -Werror=all -Wno-error=unused-function -Wno-error=unused-but-set-variable -Wno-error=unused-variable -Wno-error=deprecated-declarations -Wextra -Wno-unused-parameter -Wno-sign-compare -Wno-old-style-declaration -DWITH_POSIX -DMBEDTLS_CONFIG_FILE='mbedtls/esp_config.h' -DHAVE_CONFIG_H -I/home/physiii/circuits/liger/code/main/../components/libwebsockets/plugins  -DLWS_IS_FACTORY_APPLICATION=0 -DNDEBUG=1 -Os 	-I/home/physiii/esp/esp-idf/components/nvs_flash/test_nvs_host 	-I/home/physiii/esp/esp-idf/components/freertos/include    -o CMakeFiles/cmTC_f75a7.dir/CheckIncludeFile.c.o   -c /home/physiii/circuits/liger/code/build/libwebsockets/CMakeFiles/CMakeTmp/CheckIncludeFile.c
Linking C executable cmTC_f75a7
/usr/bin/cmake -E cmake_link_script CMakeFiles/cmTC_f75a7.dir/link.txt --verbose=1
/home/physiii/xtensa-esp32-elf/bin/../bin/xtensa-esp32-elf-gcc  -nostdlib -Wall -Werror 	-I/home/physiii/circuits/liger/code/build/include 	-I/home/physiii/esp/esp-idf/components/mdns/include 	-I/home/physiii/esp/esp-idf/components/driver/include 	-I/home/physiii/esp/esp-idf/components/spi_flash/include 	-I/home/physiii/esp/esp-idf/components/nvs_flash/include 	-I/home/physiii/esp/esp-idf/components/tcpip_adapter/include 	-I/home/physiii/esp/esp-idf/components/lwip/include/lwip/posix 	-I/home/physiii/esp/esp-idf/components/lwip/include/lwip 	-I/home/physiii/esp/esp-idf/components/lwip/include/lwip/port 	-I/home/physiii/esp/esp-idf/components/esp32/include/ 	-I/home/physiii/esp/esp-idf/components/bootloader_support/include/ 	-I/home/physiii/esp/esp-idf/components/app_update/include/ 	-I$(IDF_PATH)/components/soc/esp32/include/ 	-std=gnu99 -Os -ggdb -ffunction-sections -fdata-sections -fstrict-volatile-bitfields -mlongcalls -nostdlib -Wall -Werror=all -Wno-error=unused-function -Wno-error=unused-but-set-variable -Wno-error=unused-variable -Wno-error=deprecated-declarations -Wextra -Wno-unused-parameter -Wno-sign-compare -Wno-old-style-declaration -DWITH_POSIX -DMBEDTLS_CONFIG_FILE='mbedtls/esp_config.h' -DHAVE_CONFIG_H -I/home/physiii/circuits/liger/code/main/../components/libwebsockets/plugins  -DLWS_IS_FACTORY_APPLICATION=0 -DNDEBUG=1 -Os 	-I/home/physiii/esp/esp-idf/components/nvs_flash/test_nvs_host 	-I/home/physiii/esp/esp-idf/components/freertos/include     CMakeFiles/cmTC_f75a7.dir/CheckIncludeFile.c.o  -o cmTC_f75a7  
/home/physiii/xtensa-esp32-elf/bin/../lib/gcc/xtensa-esp32-elf/5.2.0/../../../../xtensa-esp32-elf/bin/ld: warning: cannot find entry symbol _start; defaulting to 0000000000400054
make[3]: Leaving directory '/home/physiii/circuits/liger/code/build/libwebsockets/CMakeFiles/CMakeTmp'
make[2]: Leaving directory '/home/physiii/circuits/liger/code/build/libwebsockets/CMakeFiles/CMakeTmp'


Determining if the include file string.h exists passed with the following output:
Change Dir: /home/physiii/circuits/liger/code/build/libwebsockets/CMakeFiles/CMakeTmp

Run Build Command:"/usr/bin/make" "cmTC_1e679/fast"
make[2]: Entering directory '/home/physiii/circuits/liger/code/build/libwebsockets/CMakeFiles/CMakeTmp'
/usr/bin/make -f CMakeFiles/cmTC_1e679.dir/build.make CMakeFiles/cmTC_1e679.dir/build
make[3]: Entering directory '/home/physiii/circuits/liger/code/build/libwebsockets/CMakeFiles/CMakeTmp'
Building C object CMakeFiles/cmTC_1e679.dir/CheckIncludeFile.c.o
/home/physiii/xtensa-esp32-elf/bin/../bin/xtensa-esp32-elf-gcc  -DKEYWORD=__inline  -nostdlib -Wall -Werror 	-I/home/physiii/circuits/liger/code/build/include 	-I/home/physiii/esp/esp-idf/components/mdns/include 	-I/home/physiii/esp/esp-idf/components/driver/include 	-I/home/physiii/esp/esp-idf/components/spi_flash/include 	-I/home/physiii/esp/esp-idf/components/nvs_flash/include 	-I/home/physiii/esp/esp-idf/components/tcpip_adapter/include 	-I/home/physiii/esp/esp-idf/components/lwip/include/lwip/posix 	-I/home/physiii/esp/esp-idf/components/lwip/include/lwip 	-I/home/physiii/esp/esp-idf/components/lwip/include/lwip/port 	-I/home/physiii/esp/esp-idf/components/esp32/include/ 	-I/home/physiii/esp/esp-idf/components/bootloader_support/include/ 	-I/home/physiii/esp/esp-idf/components/app_update/include/ 	-I/home/physiii/esp/esp-idf/components/soc/esp32/include/ 	-std=gnu99 -Os -ggdb -ffunction-sections -fdata-sections -fstrict-volatile-bitfields -mlongcalls -nostdlib -Wall -Werror=all -Wno-error=unused-function -Wno-error=unused-but-set-variable -Wno-error=unused-variable -Wno-error=deprecated-declarations -Wextra -Wno-unused-parameter -Wno-sign-compare -Wno-old-style-declaration -DWITH_POSIX -DMBEDTLS_CONFIG_FILE='mbedtls/esp_config.h' -DHAVE_CONFIG_H -I/home/physiii/circuits/liger/code/main/../components/libwebsockets/plugins  -DLWS_IS_FACTORY_APPLICATION=0 -DNDEBUG=1 -Os 	-I/home/physiii/esp/esp-idf/components/nvs_flash/test_nvs_host 	-I/home/physiii/esp/esp-idf/components/freertos/include    -o CMakeFiles/cmTC_1e679.dir/CheckIncludeFile.c.o   -c /home/physiii/circuits/liger/code/build/libwebsockets/CMakeFiles/CMakeTmp/CheckIncludeFile.c
Linking C executable cmTC_1e679
/usr/bin/cmake -E cmake_link_script CMakeFiles/cmTC_1e679.dir/link.txt --verbose=1
/home/physiii/xtensa-esp32-elf/bin/../bin/xtensa-esp32-elf-gcc  -nostdlib -Wall -Werror 	-I/home/physiii/circuits/liger/code/build/include 	-I/home/physiii/esp/esp-idf/components/mdns/include 	-I/home/physiii/esp/esp-idf/components/driver/include 	-I/home/physiii/esp/esp-idf/components/spi_flash/include 	-I/home/physiii/esp/esp-idf/components/nvs_flash/include 	-I/home/physiii/esp/esp-idf/components/tcpip_adapter/include 	-I/home/physiii/esp/esp-idf/components/lwip/include/lwip/posix 	-I/home/physiii/esp/esp-idf/components/lwip/include/lwip 	-I/home/physiii/esp/esp-idf/components/lwip/include/lwip/port 	-I/home/physiii/esp/esp-idf/components/esp32/include/ 	-I/home/physiii/esp/esp-idf/components/bootloader_support/include/ 	-I/home/physiii/esp/esp-idf/components/app_update/include/ 	-I$(IDF_PATH)/components/soc/esp32/include/ 	-std=gnu99 -Os -ggdb -ffunction-sections -fdata-sections -fstrict-volatile-bitfields -mlongcalls -nostdlib -Wall -Werror=all -Wno-error=unused-function -Wno-error=unused-but-set-variable -Wno-error=unused-variable -Wno-error=deprecated-declarations -Wextra -Wno-unused-parameter -Wno-sign-compare -Wno-old-style-declaration -DWITH_POSIX -DMBEDTLS_CONFIG_FILE='mbedtls/esp_config.h' -DHAVE_CONFIG_H -I/home/physiii/circuits/liger/code/main/../components/libwebsockets/plugins  -DLWS_IS_FACTORY_APPLICATION=0 -DNDEBUG=1 -Os 	-I/home/physiii/esp/esp-idf/components/nvs_flash/test_nvs_host 	-I/home/physiii/esp/esp-idf/components/freertos/include     CMakeFiles/cmTC_1e679.dir/CheckIncludeFile.c.o  -o cmTC_1e679  
/home/physiii/xtensa-esp32-elf/bin/../lib/gcc/xtensa-esp32-elf/5.2.0/../../../../xtensa-esp32-elf/bin/ld: warning: cannot find entry symbol _start; defaulting to 0000000000400054
make[3]: Leaving directory '/home/physiii/circuits/liger/code/build/libwebsockets/CMakeFiles/CMakeTmp'
make[2]: Leaving directory '/home/physiii/circuits/liger/code/build/libwebsockets/CMakeFiles/CMakeTmp'


Determining if the include file sys/socket.h exists passed with the following output:
Change Dir: /home/physiii/circuits/liger/code/build/libwebsockets/CMakeFiles/CMakeTmp

Run Build Command:"/usr/bin/make" "cmTC_29aaa/fast"
make[2]: Entering directory '/home/physiii/circuits/liger/code/build/libwebsockets/CMakeFiles/CMakeTmp'
/usr/bin/make -f CMakeFiles/cmTC_29aaa.dir/build.make CMakeFiles/cmTC_29aaa.dir/build
make[3]: Entering directory '/home/physiii/circuits/liger/code/build/libwebsockets/CMakeFiles/CMakeTmp'
Building C object CMakeFiles/cmTC_29aaa.dir/CheckIncludeFile.c.o
/home/physiii/xtensa-esp32-elf/bin/../bin/xtensa-esp32-elf-gcc  -DKEYWORD=__inline  -nostdlib -Wall -Werror 	-I/home/physiii/circuits/liger/code/build/include 	-I/home/physiii/esp/esp-idf/components/mdns/include 	-I/home/physiii/esp/esp-idf/components/driver/include 	-I/home/physiii/esp/esp-idf/components/spi_flash/include 	-I/home/physiii/esp/esp-idf/components/nvs_flash/include 	-I/home/physiii/esp/esp-idf/components/tcpip_adapter/include 	-I/home/physiii/esp/esp-idf/components/lwip/include/lwip/posix 	-I/home/physiii/esp/esp-idf/components/lwip/include/lwip 	-I/home/physiii/esp/esp-idf/components/lwip/include/lwip/port 	-I/home/physiii/esp/esp-idf/components/esp32/include/ 	-I/home/physiii/esp/esp-idf/components/bootloader_support/include/ 	-I/home/physiii/esp/esp-idf/components/app_update/include/ 	-I/home/physiii/esp/esp-idf/components/soc/esp32/include/ 	-std=gnu99 -Os -ggdb -ffunction-sections -fdata-sections -fstrict-volatile-bitfields -mlongcalls -nostdlib -Wall -Werror=all -Wno-error=unused-function -Wno-error=unused-but-set-variable -Wno-error=unused-variable -Wno-error=deprecated-declarations -Wextra -Wno-unused-parameter -Wno-sign-compare -Wno-old-style-declaration -DWITH_POSIX -DMBEDTLS_CONFIG_FILE='mbedtls/esp_config.h' -DHAVE_CONFIG_H -I/home/physiii/circuits/liger/code/main/../components/libwebsockets/plugins  -DLWS_IS_FACTORY_APPLICATION=0 -DNDEBUG=1 -Os 	-I/home/physiii/esp/esp-idf/components/nvs_flash/test_nvs_host 	-I/home/physiii/esp/esp-idf/components/freertos/include    -o CMakeFiles/cmTC_29aaa.dir/CheckIncludeFile.c.o   -c /home/physiii/circuits/liger/code/build/libwebsockets/CMakeFiles/CMakeTmp/CheckIncludeFile.c
Linking C executable cmTC_29aaa
/usr/bin/cmake -E cmake_link_script CMakeFiles/cmTC_29aaa.dir/link.txt --verbose=1
/home/physiii/xtensa-esp32-elf/bin/../bin/xtensa-esp32-elf-gcc  -nostdlib -Wall -Werror 	-I/home/physiii/circuits/liger/code/build/include 	-I/home/physiii/esp/esp-idf/components/mdns/include 	-I/home/physiii/esp/esp-idf/components/driver/include 	-I/home/physiii/esp/esp-idf/components/spi_flash/include 	-I/home/physiii/esp/esp-idf/components/nvs_flash/include 	-I/home/physiii/esp/esp-idf/components/tcpip_adapter/include 	-I/home/physiii/esp/esp-idf/components/lwip/include/lwip/posix 	-I/home/physiii/esp/esp-idf/components/lwip/include/lwip 	-I/home/physiii/esp/esp-idf/components/lwip/include/lwip/port 	-I/home/physiii/esp/esp-idf/components/esp32/include/ 	-I/home/physiii/esp/esp-idf/components/bootloader_support/include/ 	-I/home/physiii/esp/esp-idf/components/app_update/include/ 	-I$(IDF_PATH)/components/soc/esp32/include/ 	-std=gnu99 -Os -ggdb -ffunction-sections -fdata-sections -fstrict-volatile-bitfields -mlongcalls -nostdlib -Wall -Werror=all -Wno-error=unused-function -Wno-error=unused-but-set-variable -Wno-error=unused-variable -Wno-error=deprecated-declarations -Wextra -Wno-unused-parameter -Wno-sign-compare -Wno-old-style-declaration -DWITH_POSIX -DMBEDTLS_CONFIG_FILE='mbedtls/esp_config.h' -DHAVE_CONFIG_H -I/home/physiii/circuits/liger/code/main/../components/libwebsockets/plugins  -DLWS_IS_FACTORY_APPLICATION=0 -DNDEBUG=1 -Os 	-I/home/physiii/esp/esp-idf/components/nvs_flash/test_nvs_host 	-I/home/physiii/esp/esp-idf/components/freertos/include     CMakeFiles/cmTC_29aaa.dir/CheckIncludeFile.c.o  -o cmTC_29aaa  
/home/physiii/xtensa-esp32-elf/bin/../lib/gcc/xtensa-esp32-elf/5.2.0/../../../../xtensa-esp32-elf/bin/ld: warning: cannot find entry symbol _start; defaulting to 0000000000400054
make[3]: Leaving directory '/home/physiii/circuits/liger/code/build/libwebsockets/CMakeFiles/CMakeTmp'
make[2]: Leaving directory '/home/physiii/circuits/liger/code/build/libwebsockets/CMakeFiles/CMakeTmp'


Determining if the include file sys/stat.h exists passed with the following output:
Change Dir: /home/physiii/circuits/liger/code/build/libwebsockets/CMakeFiles/CMakeTmp

Run Build Command:"/usr/bin/make" "cmTC_cef66/fast"
make[2]: Entering directory '/home/physiii/circuits/liger/code/build/libwebsockets/CMakeFiles/CMakeTmp'
/usr/bin/make -f CMakeFiles/cmTC_cef66.dir/build.make CMakeFiles/cmTC_cef66.dir/build
make[3]: Entering directory '/home/physiii/circuits/liger/code/build/libwebsockets/CMakeFiles/CMakeTmp'
Building C object CMakeFiles/cmTC_cef66.dir/CheckIncludeFile.c.o
/home/physiii/xtensa-esp32-elf/bin/../bin/xtensa-esp32-elf-gcc  -DKEYWORD=__inline  -nostdlib -Wall -Werror 	-I/home/physiii/circuits/liger/code/build/include 	-I/home/physiii/esp/esp-idf/components/mdns/include 	-I/home/physiii/esp/esp-idf/components/driver/include 	-I/home/physiii/esp/esp-idf/components/spi_flash/include 	-I/home/physiii/esp/esp-idf/components/nvs_flash/include 	-I/home/physiii/esp/esp-idf/components/tcpip_adapter/include 	-I/home/physiii/esp/esp-idf/components/lwip/include/lwip/posix 	-I/home/physiii/esp/esp-idf/components/lwip/include/lwip 	-I/home/physiii/esp/esp-idf/components/lwip/include/lwip/port 	-I/home/physiii/esp/esp-idf/components/esp32/include/ 	-I/home/physiii/esp/esp-idf/components/bootloader_support/include/ 	-I/home/physiii/esp/esp-idf/components/app_update/include/ 	-I/home/physiii/esp/esp-idf/components/soc/esp32/include/ 	-std=gnu99 -Os -ggdb -ffunction-sections -fdata-sections -fstrict-volatile-bitfields -mlongcalls -nostdlib -Wall -Werror=all -Wno-error=unused-function -Wno-error=unused-but-set-variable -Wno-error=unused-variable -Wno-error=deprecated-declarations -Wextra -Wno-unused-parameter -Wno-sign-compare -Wno-old-style-declaration -DWITH_POSIX -DMBEDTLS_CONFIG_FILE='mbedtls/esp_config.h' -DHAVE_CONFIG_H -I/home/physiii/circuits/liger/code/main/../components/libwebsockets/plugins  -DLWS_IS_FACTORY_APPLICATION=0 -DNDEBUG=1 -Os 	-I/home/physiii/esp/esp-idf/components/nvs_flash/test_nvs_host 	-I/home/physiii/esp/esp-idf/components/freertos/include    -o CMakeFiles/cmTC_cef66.dir/CheckIncludeFile.c.o   -c /home/physiii/circuits/liger/code/build/libwebsockets/CMakeFiles/CMakeTmp/CheckIncludeFile.c
Linking C executable cmTC_cef66
/usr/bin/cmake -E cmake_link_script CMakeFiles/cmTC_cef66.dir/link.txt --verbose=1
/home/physiii/xtensa-esp32-elf/bin/../bin/xtensa-esp32-elf-gcc  -nostdlib -Wall -Werror 	-I/home/physiii/circuits/liger/code/build/include 	-I/home/physiii/esp/esp-idf/components/mdns/include 	-I/home/physiii/esp/esp-idf/components/driver/include 	-I/home/physiii/esp/esp-idf/components/spi_flash/include 	-I/home/physiii/esp/esp-idf/components/nvs_flash/include 	-I/home/physiii/esp/esp-idf/components/tcpip_adapter/include 	-I/home/physiii/esp/esp-idf/components/lwip/include/lwip/posix 	-I/home/physiii/esp/esp-idf/components/lwip/include/lwip 	-I/home/physiii/esp/esp-idf/components/lwip/include/lwip/port 	-I/home/physiii/esp/esp-idf/components/esp32/include/ 	-I/home/physiii/esp/esp-idf/components/bootloader_support/include/ 	-I/home/physiii/esp/esp-idf/components/app_update/include/ 	-I$(IDF_PATH)/components/soc/esp32/include/ 	-std=gnu99 -Os -ggdb -ffunction-sections -fdata-sections -fstrict-volatile-bitfields -mlongcalls -nostdlib -Wall -Werror=all -Wno-error=unused-function -Wno-error=unused-but-set-variable -Wno-error=unused-variable -Wno-error=deprecated-declarations -Wextra -Wno-unused-parameter -Wno-sign-compare -Wno-old-style-declaration -DWITH_POSIX -DMBEDTLS_CONFIG_FILE='mbedtls/esp_config.h' -DHAVE_CONFIG_H -I/home/physiii/circuits/liger/code/main/../components/libwebsockets/plugins  -DLWS_IS_FACTORY_APPLICATION=0 -DNDEBUG=1 -Os 	-I/home/physiii/esp/esp-idf/components/nvs_flash/test_nvs_host 	-I/home/physiii/esp/esp-idf/components/freertos/include     CMakeFiles/cmTC_cef66.dir/CheckIncludeFile.c.o  -o cmTC_cef66  
/home/physiii/xtensa-esp32-elf/bin/../lib/gcc/xtensa-esp32-elf/5.2.0/../../../../xtensa-esp32-elf/bin/ld: warning: cannot find entry symbol _start; defaulting to 0000000000400054
make[3]: Leaving directory '/home/physiii/circuits/liger/code/build/libwebsockets/CMakeFiles/CMakeTmp'
make[2]: Leaving directory '/home/physiii/circuits/liger/code/build/libwebsockets/CMakeFiles/CMakeTmp'


Determining if the include file sys/types.h exists passed with the following output:
Change Dir: /home/physiii/circuits/liger/code/build/libwebsockets/CMakeFiles/CMakeTmp

Run Build Command:"/usr/bin/make" "cmTC_39142/fast"
make[2]: Entering directory '/home/physiii/circuits/liger/code/build/libwebsockets/CMakeFiles/CMakeTmp'
/usr/bin/make -f CMakeFiles/cmTC_39142.dir/build.make CMakeFiles/cmTC_39142.dir/build
make[3]: Entering directory '/home/physiii/circuits/liger/code/build/libwebsockets/CMakeFiles/CMakeTmp'
Building C object CMakeFiles/cmTC_39142.dir/CheckIncludeFile.c.o
/home/physiii/xtensa-esp32-elf/bin/../bin/xtensa-esp32-elf-gcc  -DKEYWORD=__inline  -nostdlib -Wall -Werror 	-I/home/physiii/circuits/liger/code/build/include 	-I/home/physiii/esp/esp-idf/components/mdns/include 	-I/home/physiii/esp/esp-idf/components/driver/include 	-I/home/physiii/esp/esp-idf/components/spi_flash/include 	-I/home/physiii/esp/esp-idf/components/nvs_flash/include 	-I/home/physiii/esp/esp-idf/components/tcpip_adapter/include 	-I/home/physiii/esp/esp-idf/components/lwip/include/lwip/posix 	-I/home/physiii/esp/esp-idf/components/lwip/include/lwip 	-I/home/physiii/esp/esp-idf/components/lwip/include/lwip/port 	-I/home/physiii/esp/esp-idf/components/esp32/include/ 	-I/home/physiii/esp/esp-idf/components/bootloader_support/include/ 	-I/home/physiii/esp/esp-idf/components/app_update/include/ 	-I/home/physiii/esp/esp-idf/components/soc/esp32/include/ 	-std=gnu99 -Os -ggdb -ffunction-sections -fdata-sections -fstrict-volatile-bitfields -mlongcalls -nostdlib -Wall -Werror=all -Wno-error=unused-function -Wno-error=unused-but-set-variable -Wno-error=unused-variable -Wno-error=deprecated-declarations -Wextra -Wno-unused-parameter -Wno-sign-compare -Wno-old-style-declaration -DWITH_POSIX -DMBEDTLS_CONFIG_FILE='mbedtls/esp_config.h' -DHAVE_CONFIG_H -I/home/physiii/circuits/liger/code/main/../components/libwebsockets/plugins  -DLWS_IS_FACTORY_APPLICATION=0 -DNDEBUG=1 -Os 	-I/home/physiii/esp/esp-idf/components/nvs_flash/test_nvs_host 	-I/home/physiii/esp/esp-idf/components/freertos/include    -o CMakeFiles/cmTC_39142.dir/CheckIncludeFile.c.o   -c /home/physiii/circuits/liger/code/build/libwebsockets/CMakeFiles/CMakeTmp/CheckIncludeFile.c
Linking C executable cmTC_39142
/usr/bin/cmake -E cmake_link_script CMakeFiles/cmTC_39142.dir/link.txt --verbose=1
/home/physiii/xtensa-esp32-elf/bin/../bin/xtensa-esp32-elf-gcc  -nostdlib -Wall -Werror 	-I/home/physiii/circuits/liger/code/build/include 	-I/home/physiii/esp/esp-idf/components/mdns/include 	-I/home/physiii/esp/esp-idf/components/driver/include 	-I/home/physiii/esp/esp-idf/components/spi_flash/include 	-I/home/physiii/esp/esp-idf/components/nvs_flash/include 	-I/home/physiii/esp/esp-idf/components/tcpip_adapter/include 	-I/home/physiii/esp/esp-idf/components/lwip/include/lwip/posix 	-I/home/physiii/esp/esp-idf/components/lwip/include/lwip 	-I/home/physiii/esp/esp-idf/components/lwip/include/lwip/port 	-I/home/physiii/esp/esp-idf/components/esp32/include/ 	-I/home/physiii/esp/esp-idf/components/bootloader_support/include/ 	-I/home/physiii/esp/esp-idf/components/app_update/include/ 	-I$(IDF_PATH)/components/soc/esp32/include/ 	-std=gnu99 -Os -ggdb -ffunction-sections -fdata-sections -fstrict-volatile-bitfields -mlongcalls -nostdlib -Wall -Werror=all -Wno-error=unused-function -Wno-error=unused-but-set-variable -Wno-error=unused-variable -Wno-error=deprecated-declarations -Wextra -Wno-unused-parameter -Wno-sign-compare -Wno-old-style-declaration -DWITH_POSIX -DMBEDTLS_CONFIG_FILE='mbedtls/esp_config.h' -DHAVE_CONFIG_H -I/home/physiii/circuits/liger/code/main/../components/libwebsockets/plugins  -DLWS_IS_FACTORY_APPLICATION=0 -DNDEBUG=1 -Os 	-I/home/physiii/esp/esp-idf/components/nvs_flash/test_nvs_host 	-I/home/physiii/esp/esp-idf/components/freertos/include     CMakeFiles/cmTC_39142.dir/CheckIncludeFile.c.o  -o cmTC_39142  
/home/physiii/xtensa-esp32-elf/bin/../lib/gcc/xtensa-esp32-elf/5.2.0/../../../../xtensa-esp32-elf/bin/ld: warning: cannot find entry symbol _start; defaulting to 0000000000400054
make[3]: Leaving directory '/home/physiii/circuits/liger/code/build/libwebsockets/CMakeFiles/CMakeTmp'
make[2]: Leaving directory '/home/physiii/circuits/liger/code/build/libwebsockets/CMakeFiles/CMakeTmp'


Determining if the include file unistd.h exists passed with the following output:
Change Dir: /home/physiii/circuits/liger/code/build/libwebsockets/CMakeFiles/CMakeTmp

Run Build Command:"/usr/bin/make" "cmTC_b762f/fast"
make[2]: Entering directory '/home/physiii/circuits/liger/code/build/libwebsockets/CMakeFiles/CMakeTmp'
/usr/bin/make -f CMakeFiles/cmTC_b762f.dir/build.make CMakeFiles/cmTC_b762f.dir/build
make[3]: Entering directory '/home/physiii/circuits/liger/code/build/libwebsockets/CMakeFiles/CMakeTmp'
Building C object CMakeFiles/cmTC_b762f.dir/CheckIncludeFile.c.o
/home/physiii/xtensa-esp32-elf/bin/../bin/xtensa-esp32-elf-gcc  -DKEYWORD=__inline  -nostdlib -Wall -Werror 	-I/home/physiii/circuits/liger/code/build/include 	-I/home/physiii/esp/esp-idf/components/mdns/include 	-I/home/physiii/esp/esp-idf/components/driver/include 	-I/home/physiii/esp/esp-idf/components/spi_flash/include 	-I/home/physiii/esp/esp-idf/components/nvs_flash/include 	-I/home/physiii/esp/esp-idf/components/tcpip_adapter/include 	-I/home/physiii/esp/esp-idf/components/lwip/include/lwip/posix 	-I/home/physiii/esp/esp-idf/components/lwip/include/lwip 	-I/home/physiii/esp/esp-idf/components/lwip/include/lwip/port 	-I/home/physiii/esp/esp-idf/components/esp32/include/ 	-I/home/physiii/esp/esp-idf/components/bootloader_support/include/ 	-I/home/physiii/esp/esp-idf/components/app_update/include/ 	-I/home/physiii/esp/esp-idf/components/soc/esp32/include/ 	-std=gnu99 -Os -ggdb -ffunction-sections -fdata-sections -fstrict-volatile-bitfields -mlongcalls -nostdlib -Wall -Werror=all -Wno-error=unused-function -Wno-error=unused-but-set-variable -Wno-error=unused-variable -Wno-error=deprecated-declarations -Wextra -Wno-unused-parameter -Wno-sign-compare -Wno-old-style-declaration -DWITH_POSIX -DMBEDTLS_CONFIG_FILE='mbedtls/esp_config.h' -DHAVE_CONFIG_H -I/home/physiii/circuits/liger/code/main/../components/libwebsockets/plugins  -DLWS_IS_FACTORY_APPLICATION=0 -DNDEBUG=1 -Os 	-I/home/physiii/esp/esp-idf/components/nvs_flash/test_nvs_host 	-I/home/physiii/esp/esp-idf/components/freertos/include    -o CMakeFiles/cmTC_b762f.dir/CheckIncludeFile.c.o   -c /home/physiii/circuits/liger/code/build/libwebsockets/CMakeFiles/CMakeTmp/CheckIncludeFile.c
Linking C executable cmTC_b762f
/usr/bin/cmake -E cmake_link_script CMakeFiles/cmTC_b762f.dir/link.txt --verbose=1
/home/physiii/xtensa-esp32-elf/bin/../bin/xtensa-esp32-elf-gcc  -nostdlib -Wall -Werror 	-I/home/physiii/circuits/liger/code/build/include 	-I/home/physiii/esp/esp-idf/components/mdns/include 	-I/home/physiii/esp/esp-idf/components/driver/include 	-I/home/physiii/esp/esp-idf/components/spi_flash/include 	-I/home/physiii/esp/esp-idf/components/nvs_flash/include 	-I/home/physiii/esp/esp-idf/components/tcpip_adapter/include 	-I/home/physiii/esp/esp-idf/components/lwip/include/lwip/posix 	-I/home/physiii/esp/esp-idf/components/lwip/include/lwip 	-I/home/physiii/esp/esp-idf/components/lwip/include/lwip/port 	-I/home/physiii/esp/esp-idf/components/esp32/include/ 	-I/home/physiii/esp/esp-idf/components/bootloader_support/include/ 	-I/home/physiii/esp/esp-idf/components/app_update/include/ 	-I$(IDF_PATH)/components/soc/esp32/include/ 	-std=gnu99 -Os -ggdb -ffunction-sections -fdata-sections -fstrict-volatile-bitfields -mlongcalls -nostdlib -Wall -Werror=all -Wno-error=unused-function -Wno-error=unused-but-set-variable -Wno-error=unused-variable -Wno-error=deprecated-declarations -Wextra -Wno-unused-parameter -Wno-sign-compare -Wno-old-style-declaration -DWITH_POSIX -DMBEDTLS_CONFIG_FILE='mbedtls/esp_config.h' -DHAVE_CONFIG_H -I/home/physiii/circuits/liger/code/main/../components/libwebsockets/plugins  -DLWS_IS_FACTORY_APPLICATION=0 -DNDEBUG=1 -Os 	-I/home/physiii/esp/esp-idf/components/nvs_flash/test_nvs_host 	-I/home/physiii/esp/esp-idf/components/freertos/include     CMakeFiles/cmTC_b762f.dir/CheckIncludeFile.c.o  -o cmTC_b762f  
/home/physiii/xtensa-esp32-elf/bin/../lib/gcc/xtensa-esp32-elf/5.2.0/../../../../xtensa-esp32-elf/bin/ld: warning: cannot find entry symbol _start; defaulting to 0000000000400054
make[3]: Leaving directory '/home/physiii/circuits/liger/code/build/libwebsockets/CMakeFiles/CMakeTmp'
make[2]: Leaving directory '/home/physiii/circuits/liger/code/build/libwebsockets/CMakeFiles/CMakeTmp'


Determining if files stdlib.h;stdarg.h;string.h;float.h exist passed with the following output:
Change Dir: /home/physiii/circuits/liger/code/build/libwebsockets/CMakeFiles/CMakeTmp

Run Build Command:"/usr/bin/make" "cmTC_170d8/fast"
make[2]: Entering directory '/home/physiii/circuits/liger/code/build/libwebsockets/CMakeFiles/CMakeTmp'
/usr/bin/make -f CMakeFiles/cmTC_170d8.dir/build.make CMakeFiles/cmTC_170d8.dir/build
make[3]: Entering directory '/home/physiii/circuits/liger/code/build/libwebsockets/CMakeFiles/CMakeTmp'
Building C object CMakeFiles/cmTC_170d8.dir/CheckIncludeFiles.c.o
/home/physiii/xtensa-esp32-elf/bin/../bin/xtensa-esp32-elf-gcc  -DKEYWORD=__inline  -nostdlib -Wall -Werror 	-I/home/physiii/circuits/liger/code/build/include 	-I/home/physiii/esp/esp-idf/components/mdns/include 	-I/home/physiii/esp/esp-idf/components/driver/include 	-I/home/physiii/esp/esp-idf/components/spi_flash/include 	-I/home/physiii/esp/esp-idf/components/nvs_flash/include 	-I/home/physiii/esp/esp-idf/components/tcpip_adapter/include 	-I/home/physiii/esp/esp-idf/components/lwip/include/lwip/posix 	-I/home/physiii/esp/esp-idf/components/lwip/include/lwip 	-I/home/physiii/esp/esp-idf/components/lwip/include/lwip/port 	-I/home/physiii/esp/esp-idf/components/esp32/include/ 	-I/home/physiii/esp/esp-idf/components/bootloader_support/include/ 	-I/home/physiii/esp/esp-idf/components/app_update/include/ 	-I/home/physiii/esp/esp-idf/components/soc/esp32/include/ 	-std=gnu99 -Os -ggdb -ffunction-sections -fdata-sections -fstrict-volatile-bitfields -mlongcalls -nostdlib -Wall -Werror=all -Wno-error=unused-function -Wno-error=unused-but-set-variable -Wno-error=unused-variable -Wno-error=deprecated-declarations -Wextra -Wno-unused-parameter -Wno-sign-compare -Wno-old-style-declaration -DWITH_POSIX -DMBEDTLS_CONFIG_FILE='mbedtls/esp_config.h' -DHAVE_CONFIG_H -I/home/physiii/circuits/liger/code/main/../components/libwebsockets/plugins  -DLWS_IS_FACTORY_APPLICATION=0 -DNDEBUG=1 -Os 	-I/home/physiii/esp/esp-idf/components/nvs_flash/test_nvs_host 	-I/home/physiii/esp/esp-idf/components/freertos/include    -o CMakeFiles/cmTC_170d8.dir/CheckIncludeFiles.c.o   -c /home/physiii/circuits/liger/code/build/libwebsockets/CMakeFiles/CMakeTmp/CheckIncludeFiles.c
Linking C executable cmTC_170d8
/usr/bin/cmake -E cmake_link_script CMakeFiles/cmTC_170d8.dir/link.txt --verbose=1
/home/physiii/xtensa-esp32-elf/bin/../bin/xtensa-esp32-elf-gcc  -nostdlib -Wall -Werror 	-I/home/physiii/circuits/liger/code/build/include 	-I/home/physiii/esp/esp-idf/components/mdns/include 	-I/home/physiii/esp/esp-idf/components/driver/include 	-I/home/physiii/esp/esp-idf/components/spi_flash/include 	-I/home/physiii/esp/esp-idf/components/nvs_flash/include 	-I/home/physiii/esp/esp-idf/components/tcpip_adapter/include 	-I/home/physiii/esp/esp-idf/components/lwip/include/lwip/posix 	-I/home/physiii/esp/esp-idf/components/lwip/include/lwip 	-I/home/physiii/esp/esp-idf/components/lwip/include/lwip/port 	-I/home/physiii/esp/esp-idf/components/esp32/include/ 	-I/home/physiii/esp/esp-idf/components/bootloader_support/include/ 	-I/home/physiii/esp/esp-idf/components/app_update/include/ 	-I$(IDF_PATH)/components/soc/esp32/include/ 	-std=gnu99 -Os -ggdb -ffunction-sections -fdata-sections -fstrict-volatile-bitfields -mlongcalls -nostdlib -Wall -Werror=all -Wno-error=unused-function -Wno-error=unused-but-set-variable -Wno-error=unused-variable -Wno-error=deprecated-declarations -Wextra -Wno-unused-parameter -Wno-sign-compare -Wno-old-style-declaration -DWITH_POSIX -DMBEDTLS_CONFIG_FILE='mbedtls/esp_config.h' -DHAVE_CONFIG_H -I/home/physiii/circuits/liger/code/main/../components/libwebsockets/plugins  -DLWS_IS_FACTORY_APPLICATION=0 -DNDEBUG=1 -Os 	-I/home/physiii/esp/esp-idf/components/nvs_flash/test_nvs_host 	-I/home/physiii/esp/esp-idf/components/freertos/include     CMakeFiles/cmTC_170d8.dir/CheckIncludeFiles.c.o  -o cmTC_170d8  
/home/physiii/xtensa-esp32-elf/bin/../lib/gcc/xtensa-esp32-elf/5.2.0/../../../../xtensa-esp32-elf/bin/ld: warning: cannot find entry symbol _start; defaulting to 0000000000400054
make[3]: Leaving directory '/home/physiii/circuits/liger/code/build/libwebsockets/CMakeFiles/CMakeTmp'
make[2]: Leaving directory '/home/physiii/circuits/liger/code/build/libwebsockets/CMakeFiles/CMakeTmp'


