Compiling the C compiler identification source file "CMakeCCompilerId.c" failed.
Compiler: /home/physiii/xtensa-esp32-elf/bin/../bin/xtensa-esp32-elf-gcc 
Build flags: -nostdlib;-Wall;-Werror;	-I/home/physiii/circuits/liger/code/build/include;	-I/home/physiii/esp/esp-idf/components/mdns/include;	-I/home/physiii/esp/esp-idf/components/driver/include;	-I/home/physiii/esp/esp-idf/components/spi_flash/include;	-I/home/physiii/esp/esp-idf/components/nvs_flash/include;	-I/home/physiii/esp/esp-idf/components/tcpip_adapter/include;	-I/home/physiii/esp/esp-idf/components/lwip/include/lwip/posix;	-I/home/physiii/esp/esp-idf/components/lwip/include/lwip;	-I/home/physiii/esp/esp-idf/components/lwip/include/lwip/port;	-I/home/physiii/esp/esp-idf/components/esp32/include/;	-I/home/physiii/esp/esp-idf/components/bootloader_support/include/;	-I/home/physiii/esp/esp-idf/components/app_update/include/;	-I$(IDF_PATH)/components/soc/esp32/include/;	-std=gnu99;-Os;-ggdb;-ffunction-sections;-fdata-sections;-fstrict-volatile-bitfields;-mlongcalls;-nostdlib;-Wall;-Werror=all;-Wno-error=unused-function;-Wno-error=unused-but-set-variable;-Wno-error=unused-variable;-Wno-error=deprecated-declarations;-Wextra;-Wno-unused-parameter;-Wno-sign-compare;-Wno-old-style-declaration;-DWITH_POSIX;-DMBEDTLS_CONFIG_FILE='mbedtls/esp_config.h';-DHAVE_CONFIG_H;-I/home/physiii/circuits/liger/code/main/../components/libwebsockets/plugins;;-DLWS_IS_FACTORY_APPLICATION=0;-DNDEBUG=1;-Os;	-I/home/physiii/esp/esp-idf/components/nvs_flash/test_nvs_host;	-I/home/physiii/esp/esp-idf/components/freertos/include
Id flags: 

The output was:
1
xtensa-esp32-elf-gcc: error: 	-I/home/physiii/circuits/liger/code/build/include: No such file or directory
xtensa-esp32-elf-gcc: error: 	-I/home/physiii/esp/esp-idf/components/mdns/include: No such file or directory
xtensa-esp32-elf-gcc: error: 	-I/home/physiii/esp/esp-idf/components/driver/include: No such file or directory
xtensa-esp32-elf-gcc: error: 	-I/home/physiii/esp/esp-idf/components/spi_flash/include: No such file or directory
xtensa-esp32-elf-gcc: error: 	-I/home/physiii/esp/esp-idf/components/nvs_flash/include: No such file or directory
xtensa-esp32-elf-gcc: error: 	-I/home/physiii/esp/esp-idf/components/tcpip_adapter/include: No such file or directory
xtensa-esp32-elf-gcc: error: 	-I/home/physiii/esp/esp-idf/components/lwip/include/lwip/posix: No such file or directory
xtensa-esp32-elf-gcc: error: 	-I/home/physiii/esp/esp-idf/components/lwip/include/lwip: No such file or directory
xtensa-esp32-elf-gcc: error: 	-I/home/physiii/esp/esp-idf/components/lwip/include/lwip/port: No such file or directory
xtensa-esp32-elf-gcc: error: 	-I/home/physiii/esp/esp-idf/components/esp32/include/: No such file or directory
xtensa-esp32-elf-gcc: error: 	-I/home/physiii/esp/esp-idf/components/bootloader_support/include/: No such file or directory
xtensa-esp32-elf-gcc: error: 	-I/home/physiii/esp/esp-idf/components/app_update/include/: No such file or directory
xtensa-esp32-elf-gcc: error: 	-I$(IDF_PATH)/components/soc/esp32/include/: No such file or directory
xtensa-esp32-elf-gcc: error: 	-std=gnu99: No such file or directory
xtensa-esp32-elf-gcc: error: 	-I/home/physiii/esp/esp-idf/components/nvs_flash/test_nvs_host: No such file or directory
xtensa-esp32-elf-gcc: error: 	-I/home/physiii/esp/esp-idf/components/freertos/include: No such file or directory


Compiling the C compiler identification source file "CMakeCCompilerId.c" failed.
Compiler: /home/physiii/xtensa-esp32-elf/bin/../bin/xtensa-esp32-elf-gcc 
Build flags: -nostdlib;-Wall;-Werror;	-I/home/physiii/circuits/liger/code/build/include;	-I/home/physiii/esp/esp-idf/components/mdns/include;	-I/home/physiii/esp/esp-idf/components/driver/include;	-I/home/physiii/esp/esp-idf/components/spi_flash/include;	-I/home/physiii/esp/esp-idf/components/nvs_flash/include;	-I/home/physiii/esp/esp-idf/components/tcpip_adapter/include;	-I/home/physiii/esp/esp-idf/components/lwip/include/lwip/posix;	-I/home/physiii/esp/esp-idf/components/lwip/include/lwip;	-I/home/physiii/esp/esp-idf/components/lwip/include/lwip/port;	-I/home/physiii/esp/esp-idf/components/esp32/include/;	-I/home/physiii/esp/esp-idf/components/bootloader_support/include/;	-I/home/physiii/esp/esp-idf/components/app_update/include/;	-I$(IDF_PATH)/components/soc/esp32/include/;	-std=gnu99;-Os;-ggdb;-ffunction-sections;-fdata-sections;-fstrict-volatile-bitfields;-mlongcalls;-nostdlib;-Wall;-Werror=all;-Wno-error=unused-function;-Wno-error=unused-but-set-variable;-Wno-error=unused-variable;-Wno-error=deprecated-declarations;-Wextra;-Wno-unused-parameter;-Wno-sign-compare;-Wno-old-style-declaration;-DWITH_POSIX;-DMBEDTLS_CONFIG_FILE='mbedtls/esp_config.h';-DHAVE_CONFIG_H;-I/home/physiii/circuits/liger/code/main/../components/libwebsockets/plugins;;-DLWS_IS_FACTORY_APPLICATION=0;-DNDEBUG=1;-Os;	-I/home/physiii/esp/esp-idf/components/nvs_flash/test_nvs_host;	-I/home/physiii/esp/esp-idf/components/freertos/include
Id flags: -c

The output was:
1
xtensa-esp32-elf-gcc: error: 	-I/home/physiii/circuits/liger/code/build/include: No such file or directory
xtensa-esp32-elf-gcc: error: 	-I/home/physiii/esp/esp-idf/components/mdns/include: No such file or directory
xtensa-esp32-elf-gcc: error: 	-I/home/physiii/esp/esp-idf/components/driver/include: No such file or directory
xtensa-esp32-elf-gcc: error: 	-I/home/physiii/esp/esp-idf/components/spi_flash/include: No such file or directory
xtensa-esp32-elf-gcc: error: 	-I/home/physiii/esp/esp-idf/components/nvs_flash/include: No such file or directory
xtensa-esp32-elf-gcc: error: 	-I/home/physiii/esp/esp-idf/components/tcpip_adapter/include: No such file or directory
xtensa-esp32-elf-gcc: error: 	-I/home/physiii/esp/esp-idf/components/lwip/include/lwip/posix: No such file or directory
xtensa-esp32-elf-gcc: error: 	-I/home/physiii/esp/esp-idf/components/lwip/include/lwip: No such file or directory
xtensa-esp32-elf-gcc: error: 	-I/home/physiii/esp/esp-idf/components/lwip/include/lwip/port: No such file or directory
xtensa-esp32-elf-gcc: error: 	-I/home/physiii/esp/esp-idf/components/esp32/include/: No such file or directory
xtensa-esp32-elf-gcc: error: 	-I/home/physiii/esp/esp-idf/components/bootloader_support/include/: No such file or directory
xtensa-esp32-elf-gcc: error: 	-I/home/physiii/esp/esp-idf/components/app_update/include/: No such file or directory
xtensa-esp32-elf-gcc: error: 	-I$(IDF_PATH)/components/soc/esp32/include/: No such file or directory
xtensa-esp32-elf-gcc: error: 	-std=gnu99: No such file or directory
xtensa-esp32-elf-gcc: error: 	-I/home/physiii/esp/esp-idf/components/nvs_flash/test_nvs_host: No such file or directory
xtensa-esp32-elf-gcc: error: 	-I/home/physiii/esp/esp-idf/components/freertos/include: No such file or directory


Compiling the C compiler identification source file "CMakeCCompilerId.c" failed.
Compiler: /home/physiii/xtensa-esp32-elf/bin/../bin/xtensa-esp32-elf-gcc 
Build flags: -nostdlib;-Wall;-Werror;	-I/home/physiii/circuits/liger/code/build/include;	-I/home/physiii/esp/esp-idf/components/mdns/include;	-I/home/physiii/esp/esp-idf/components/driver/include;	-I/home/physiii/esp/esp-idf/components/spi_flash/include;	-I/home/physiii/esp/esp-idf/components/nvs_flash/include;	-I/home/physiii/esp/esp-idf/components/tcpip_adapter/include;	-I/home/physiii/esp/esp-idf/components/lwip/include/lwip/posix;	-I/home/physiii/esp/esp-idf/components/lwip/include/lwip;	-I/home/physiii/esp/esp-idf/components/lwip/include/lwip/port;	-I/home/physiii/esp/esp-idf/components/esp32/include/;	-I/home/physiii/esp/esp-idf/components/bootloader_support/include/;	-I/home/physiii/esp/esp-idf/components/app_update/include/;	-I$(IDF_PATH)/components/soc/esp32/include/;	-std=gnu99;-Os;-ggdb;-ffunction-sections;-fdata-sections;-fstrict-volatile-bitfields;-mlongcalls;-nostdlib;-Wall;-Werror=all;-Wno-error=unused-function;-Wno-error=unused-but-set-variable;-Wno-error=unused-variable;-Wno-error=deprecated-declarations;-Wextra;-Wno-unused-parameter;-Wno-sign-compare;-Wno-old-style-declaration;-DWITH_POSIX;-DMBEDTLS_CONFIG_FILE='mbedtls/esp_config.h';-DHAVE_CONFIG_H;-I/home/physiii/circuits/liger/code/main/../components/libwebsockets/plugins;;-DLWS_IS_FACTORY_APPLICATION=0;-DNDEBUG=1;-Os;	-I/home/physiii/esp/esp-idf/components/nvs_flash/test_nvs_host;	-I/home/physiii/esp/esp-idf/components/freertos/include
Id flags: -Aa

The output was:
1
xtensa-esp32-elf-gcc: error: 	-I/home/physiii/circuits/liger/code/build/include: No such file or directory
xtensa-esp32-elf-gcc: error: 	-I/home/physiii/esp/esp-idf/components/mdns/include: No such file or directory
xtensa-esp32-elf-gcc: error: 	-I/home/physiii/esp/esp-idf/components/driver/include: No such file or directory
xtensa-esp32-elf-gcc: error: 	-I/home/physiii/esp/esp-idf/components/spi_flash/include: No such file or directory
xtensa-esp32-elf-gcc: error: 	-I/home/physiii/esp/esp-idf/components/nvs_flash/include: No such file or directory
xtensa-esp32-elf-gcc: error: 	-I/home/physiii/esp/esp-idf/components/tcpip_adapter/include: No such file or directory
xtensa-esp32-elf-gcc: error: 	-I/home/physiii/esp/esp-idf/components/lwip/include/lwip/posix: No such file or directory
xtensa-esp32-elf-gcc: error: 	-I/home/physiii/esp/esp-idf/components/lwip/include/lwip: No such file or directory
xtensa-esp32-elf-gcc: error: 	-I/home/physiii/esp/esp-idf/components/lwip/include/lwip/port: No such file or directory
xtensa-esp32-elf-gcc: error: 	-I/home/physiii/esp/esp-idf/components/esp32/include/: No such file or directory
xtensa-esp32-elf-gcc: error: 	-I/home/physiii/esp/esp-idf/components/bootloader_support/include/: No such file or directory
xtensa-esp32-elf-gcc: error: 	-I/home/physiii/esp/esp-idf/components/app_update/include/: No such file or directory
xtensa-esp32-elf-gcc: error: 	-I$(IDF_PATH)/components/soc/esp32/include/: No such file or directory
xtensa-esp32-elf-gcc: error: 	-std=gnu99: No such file or directory
xtensa-esp32-elf-gcc: error: 	-I/home/physiii/esp/esp-idf/components/nvs_flash/test_nvs_host: No such file or directory
xtensa-esp32-elf-gcc: error: 	-I/home/physiii/esp/esp-idf/components/freertos/include: No such file or directory


Compiling the C compiler identification source file "CMakeCCompilerId.c" failed.
Compiler: /home/physiii/xtensa-esp32-elf/bin/../bin/xtensa-esp32-elf-gcc 
Build flags: -nostdlib;-Wall;-Werror;	-I/home/physiii/circuits/liger/code/build/include;	-I/home/physiii/esp/esp-idf/components/mdns/include;	-I/home/physiii/esp/esp-idf/components/driver/include;	-I/home/physiii/esp/esp-idf/components/spi_flash/include;	-I/home/physiii/esp/esp-idf/components/nvs_flash/include;	-I/home/physiii/esp/esp-idf/components/tcpip_adapter/include;	-I/home/physiii/esp/esp-idf/components/lwip/include/lwip/posix;	-I/home/physiii/esp/esp-idf/components/lwip/include/lwip;	-I/home/physiii/esp/esp-idf/components/lwip/include/lwip/port;	-I/home/physiii/esp/esp-idf/components/esp32/include/;	-I/home/physiii/esp/esp-idf/components/bootloader_support/include/;	-I/home/physiii/esp/esp-idf/components/app_update/include/;	-I$(IDF_PATH)/components/soc/esp32/include/;	-std=gnu99;-Os;-ggdb;-ffunction-sections;-fdata-sections;-fstrict-volatile-bitfields;-mlongcalls;-nostdlib;-Wall;-Werror=all;-Wno-error=unused-function;-Wno-error=unused-but-set-variable;-Wno-error=unused-variable;-Wno-error=deprecated-declarations;-Wextra;-Wno-unused-parameter;-Wno-sign-compare;-Wno-old-style-declaration;-DWITH_POSIX;-DMBEDTLS_CONFIG_FILE='mbedtls/esp_config.h';-DHAVE_CONFIG_H;-I/home/physiii/circuits/liger/code/main/../components/libwebsockets/plugins;;-DLWS_IS_FACTORY_APPLICATION=0;-DNDEBUG=1;-Os;	-I/home/physiii/esp/esp-idf/components/nvs_flash/test_nvs_host;	-I/home/physiii/esp/esp-idf/components/freertos/include
Id flags: -D__CLASSIC_C__

The output was:
1
xtensa-esp32-elf-gcc: error: 	-I/home/physiii/circuits/liger/code/build/include: No such file or directory
xtensa-esp32-elf-gcc: error: 	-I/home/physiii/esp/esp-idf/components/mdns/include: No such file or directory
xtensa-esp32-elf-gcc: error: 	-I/home/physiii/esp/esp-idf/components/driver/include: No such file or directory
xtensa-esp32-elf-gcc: error: 	-I/home/physiii/esp/esp-idf/components/spi_flash/include: No such file or directory
xtensa-esp32-elf-gcc: error: 	-I/home/physiii/esp/esp-idf/components/nvs_flash/include: No such file or directory
xtensa-esp32-elf-gcc: error: 	-I/home/physiii/esp/esp-idf/components/tcpip_adapter/include: No such file or directory
xtensa-esp32-elf-gcc: error: 	-I/home/physiii/esp/esp-idf/components/lwip/include/lwip/posix: No such file or directory
xtensa-esp32-elf-gcc: error: 	-I/home/physiii/esp/esp-idf/components/lwip/include/lwip: No such file or directory
xtensa-esp32-elf-gcc: error: 	-I/home/physiii/esp/esp-idf/components/lwip/include/lwip/port: No such file or directory
xtensa-esp32-elf-gcc: error: 	-I/home/physiii/esp/esp-idf/components/esp32/include/: No such file or directory
xtensa-esp32-elf-gcc: error: 	-I/home/physiii/esp/esp-idf/components/bootloader_support/include/: No such file or directory
xtensa-esp32-elf-gcc: error: 	-I/home/physiii/esp/esp-idf/components/app_update/include/: No such file or directory
xtensa-esp32-elf-gcc: error: 	-I$(IDF_PATH)/components/soc/esp32/include/: No such file or directory
xtensa-esp32-elf-gcc: error: 	-std=gnu99: No such file or directory
xtensa-esp32-elf-gcc: error: 	-I/home/physiii/esp/esp-idf/components/nvs_flash/test_nvs_host: No such file or directory
xtensa-esp32-elf-gcc: error: 	-I/home/physiii/esp/esp-idf/components/freertos/include: No such file or directory


Checking whether the C compiler is IAR using "" did not match "IAR .+ Compiler":
xtensa-esp32-elf-gcc: error: 	-I/home/physiii/circuits/liger/code/build/include: No such file or directory
xtensa-esp32-elf-gcc: error: 	-I/home/physiii/esp/esp-idf/components/mdns/include: No such file or directory
xtensa-esp32-elf-gcc: error: 	-I/home/physiii/esp/esp-idf/components/driver/include: No such file or directory
xtensa-esp32-elf-gcc: error: 	-I/home/physiii/esp/esp-idf/components/spi_flash/include: No such file or directory
xtensa-esp32-elf-gcc: error: 	-I/home/physiii/esp/esp-idf/components/nvs_flash/include: No such file or directory
xtensa-esp32-elf-gcc: error: 	-I/home/physiii/esp/esp-idf/components/tcpip_adapter/include: No such file or directory
xtensa-esp32-elf-gcc: error: 	-I/home/physiii/esp/esp-idf/components/lwip/include/lwip/posix: No such file or directory
xtensa-esp32-elf-gcc: error: 	-I/home/physiii/esp/esp-idf/components/lwip/include/lwip: No such file or directory
xtensa-esp32-elf-gcc: error: 	-I/home/physiii/esp/esp-idf/components/lwip/include/lwip/port: No such file or directory
xtensa-esp32-elf-gcc: error: 	-I/home/physiii/esp/esp-idf/components/esp32/include/: No such file or directory
xtensa-esp32-elf-gcc: error: 	-I/home/physiii/esp/esp-idf/components/bootloader_support/include/: No such file or directory
xtensa-esp32-elf-gcc: error: 	-I/home/physiii/esp/esp-idf/components/app_update/include/: No such file or directory
xtensa-esp32-elf-gcc: error: 	-I$(IDF_PATH)/components/soc/esp32/include/: No such file or directory
xtensa-esp32-elf-gcc: error: 	-std=gnu99: No such file or directory
xtensa-esp32-elf-gcc: error: 	-I/home/physiii/esp/esp-idf/components/nvs_flash/test_nvs_host: No such file or directory
xtensa-esp32-elf-gcc: error: 	-I/home/physiii/esp/esp-idf/components/freertos/include: No such file or directory
xtensa-esp32-elf-gcc: fatal error: no input files
compilation terminated.
Determining if the function bzero exists failed with the following output:
Change Dir: /home/physiii/circuits/liger/code/build/libwebsockets/CMakeFiles/CMakeTmp

Run Build Command:"/usr/bin/make" "cmTC_453a7/fast"
make[2]: Entering directory '/home/physiii/circuits/liger/code/build/libwebsockets/CMakeFiles/CMakeTmp'
/usr/bin/make -f CMakeFiles/cmTC_453a7.dir/build.make CMakeFiles/cmTC_453a7.dir/build
make[3]: Entering directory '/home/physiii/circuits/liger/code/build/libwebsockets/CMakeFiles/CMakeTmp'
Building C object CMakeFiles/cmTC_453a7.dir/CheckFunctionExists.c.o
/home/physiii/xtensa-esp32-elf/bin/../bin/xtensa-esp32-elf-gcc  -DKEYWORD=__inline  -nostdlib -Wall -Werror 	-I/home/physiii/circuits/liger/code/build/include 	-I/home/physiii/esp/esp-idf/components/mdns/include 	-I/home/physiii/esp/esp-idf/components/driver/include 	-I/home/physiii/esp/esp-idf/components/spi_flash/include 	-I/home/physiii/esp/esp-idf/components/nvs_flash/include 	-I/home/physiii/esp/esp-idf/components/tcpip_adapter/include 	-I/home/physiii/esp/esp-idf/components/lwip/include/lwip/posix 	-I/home/physiii/esp/esp-idf/components/lwip/include/lwip 	-I/home/physiii/esp/esp-idf/components/lwip/include/lwip/port 	-I/home/physiii/esp/esp-idf/components/esp32/include/ 	-I/home/physiii/esp/esp-idf/components/bootloader_support/include/ 	-I/home/physiii/esp/esp-idf/components/app_update/include/ 	-I/home/physiii/esp/esp-idf/components/soc/esp32/include/ 	-std=gnu99 -Os -ggdb -ffunction-sections -fdata-sections -fstrict-volatile-bitfields -mlongcalls -nostdlib -Wall -Werror=all -Wno-error=unused-function -Wno-error=unused-but-set-variable -Wno-error=unused-variable -Wno-error=deprecated-declarations -Wextra -Wno-unused-parameter -Wno-sign-compare -Wno-old-style-declaration -DWITH_POSIX -DMBEDTLS_CONFIG_FILE='mbedtls/esp_config.h' -DHAVE_CONFIG_H -I/home/physiii/circuits/liger/code/main/../components/libwebsockets/plugins  -DLWS_IS_FACTORY_APPLICATION=0 -DNDEBUG=1 -Os 	-I/home/physiii/esp/esp-idf/components/nvs_flash/test_nvs_host 	-I/home/physiii/esp/esp-idf/components/freertos/include -DCHECK_FUNCTION_EXISTS=bzero   -o CMakeFiles/cmTC_453a7.dir/CheckFunctionExists.c.o   -c /usr/share/cmake-3.7/Modules/CheckFunctionExists.c
<command-line>:0:23: error: conflicting types for built-in function 'bzero' [-Werror]
/usr/share/cmake-3.7/Modules/CheckFunctionExists.c:7:3: note: in expansion of macro 'CHECK_FUNCTION_EXISTS'
   CHECK_FUNCTION_EXISTS();
   ^
cc1: all warnings being treated as errors
CMakeFiles/cmTC_453a7.dir/build.make:65: recipe for target 'CMakeFiles/cmTC_453a7.dir/CheckFunctionExists.c.o' failed
make[3]: *** [CMakeFiles/cmTC_453a7.dir/CheckFunctionExists.c.o] Error 1
make[3]: Leaving directory '/home/physiii/circuits/liger/code/build/libwebsockets/CMakeFiles/CMakeTmp'
Makefile:126: recipe for target 'cmTC_453a7/fast' failed
make[2]: *** [cmTC_453a7/fast] Error 2
make[2]: Leaving directory '/home/physiii/circuits/liger/code/build/libwebsockets/CMakeFiles/CMakeTmp'


Determining if the function fork exists failed with the following output:
Change Dir: /home/physiii/circuits/liger/code/build/libwebsockets/CMakeFiles/CMakeTmp

Run Build Command:"/usr/bin/make" "cmTC_ba405/fast"
make[2]: Entering directory '/home/physiii/circuits/liger/code/build/libwebsockets/CMakeFiles/CMakeTmp'
/usr/bin/make -f CMakeFiles/cmTC_ba405.dir/build.make CMakeFiles/cmTC_ba405.dir/build
make[3]: Entering directory '/home/physiii/circuits/liger/code/build/libwebsockets/CMakeFiles/CMakeTmp'
Building C object CMakeFiles/cmTC_ba405.dir/CheckFunctionExists.c.o
/home/physiii/xtensa-esp32-elf/bin/../bin/xtensa-esp32-elf-gcc  -DKEYWORD=__inline  -nostdlib -Wall -Werror 	-I/home/physiii/circuits/liger/code/build/include 	-I/home/physiii/esp/esp-idf/components/mdns/include 	-I/home/physiii/esp/esp-idf/components/driver/include 	-I/home/physiii/esp/esp-idf/components/spi_flash/include 	-I/home/physiii/esp/esp-idf/components/nvs_flash/include 	-I/home/physiii/esp/esp-idf/components/tcpip_adapter/include 	-I/home/physiii/esp/esp-idf/components/lwip/include/lwip/posix 	-I/home/physiii/esp/esp-idf/components/lwip/include/lwip 	-I/home/physiii/esp/esp-idf/components/lwip/include/lwip/port 	-I/home/physiii/esp/esp-idf/components/esp32/include/ 	-I/home/physiii/esp/esp-idf/components/bootloader_support/include/ 	-I/home/physiii/esp/esp-idf/components/app_update/include/ 	-I/home/physiii/esp/esp-idf/components/soc/esp32/include/ 	-std=gnu99 -Os -ggdb -ffunction-sections -fdata-sections -fstrict-volatile-bitfields -mlongcalls -nostdlib -Wall -Werror=all -Wno-error=unused-function -Wno-error=unused-but-set-variable -Wno-error=unused-variable -Wno-error=deprecated-declarations -Wextra -Wno-unused-parameter -Wno-sign-compare -Wno-old-style-declaration -DWITH_POSIX -DMBEDTLS_CONFIG_FILE='mbedtls/esp_config.h' -DHAVE_CONFIG_H -I/home/physiii/circuits/liger/code/main/../components/libwebsockets/plugins  -DLWS_IS_FACTORY_APPLICATION=0 -DNDEBUG=1 -Os 	-I/home/physiii/esp/esp-idf/components/nvs_flash/test_nvs_host 	-I/home/physiii/esp/esp-idf/components/freertos/include -DCHECK_FUNCTION_EXISTS=fork   -o CMakeFiles/cmTC_ba405.dir/CheckFunctionExists.c.o   -c /usr/share/cmake-3.7/Modules/CheckFunctionExists.c
<command-line>:0:23: error: conflicting types for built-in function 'fork' [-Werror]
/usr/share/cmake-3.7/Modules/CheckFunctionExists.c:7:3: note: in expansion of macro 'CHECK_FUNCTION_EXISTS'
   CHECK_FUNCTION_EXISTS();
   ^
cc1: all warnings being treated as errors
CMakeFiles/cmTC_ba405.dir/build.make:65: recipe for target 'CMakeFiles/cmTC_ba405.dir/CheckFunctionExists.c.o' failed
make[3]: *** [CMakeFiles/cmTC_ba405.dir/CheckFunctionExists.c.o] Error 1
make[3]: Leaving directory '/home/physiii/circuits/liger/code/build/libwebsockets/CMakeFiles/CMakeTmp'
Makefile:126: recipe for target 'cmTC_ba405/fast' failed
make[2]: *** [cmTC_ba405/fast] Error 2
make[2]: Leaving directory '/home/physiii/circuits/liger/code/build/libwebsockets/CMakeFiles/CMakeTmp'


Determining if the function getenv exists failed with the following output:
Change Dir: /home/physiii/circuits/liger/code/build/libwebsockets/CMakeFiles/CMakeTmp

Run Build Command:"/usr/bin/make" "cmTC_c39e7/fast"
make[2]: Entering directory '/home/physiii/circuits/liger/code/build/libwebsockets/CMakeFiles/CMakeTmp'
/usr/bin/make -f CMakeFiles/cmTC_c39e7.dir/build.make CMakeFiles/cmTC_c39e7.dir/build
make[3]: Entering directory '/home/physiii/circuits/liger/code/build/libwebsockets/CMakeFiles/CMakeTmp'
Building C object CMakeFiles/cmTC_c39e7.dir/CheckFunctionExists.c.o
/home/physiii/xtensa-esp32-elf/bin/../bin/xtensa-esp32-elf-gcc  -DKEYWORD=__inline  -nostdlib -Wall -Werror 	-I/home/physiii/circuits/liger/code/build/include 	-I/home/physiii/esp/esp-idf/components/mdns/include 	-I/home/physiii/esp/esp-idf/components/driver/include 	-I/home/physiii/esp/esp-idf/components/spi_flash/include 	-I/home/physiii/esp/esp-idf/components/nvs_flash/include 	-I/home/physiii/esp/esp-idf/components/tcpip_adapter/include 	-I/home/physiii/esp/esp-idf/components/lwip/include/lwip/posix 	-I/home/physiii/esp/esp-idf/components/lwip/include/lwip 	-I/home/physiii/esp/esp-idf/components/lwip/include/lwip/port 	-I/home/physiii/esp/esp-idf/components/esp32/include/ 	-I/home/physiii/esp/esp-idf/components/bootloader_support/include/ 	-I/home/physiii/esp/esp-idf/components/app_update/include/ 	-I/home/physiii/esp/esp-idf/components/soc/esp32/include/ 	-std=gnu99 -Os -ggdb -ffunction-sections -fdata-sections -fstrict-volatile-bitfields -mlongcalls -nostdlib -Wall -Werror=all -Wno-error=unused-function -Wno-error=unused-but-set-variable -Wno-error=unused-variable -Wno-error=deprecated-declarations -Wextra -Wno-unused-parameter -Wno-sign-compare -Wno-old-style-declaration -DWITH_POSIX -DMBEDTLS_CONFIG_FILE='mbedtls/esp_config.h' -DHAVE_CONFIG_H -I/home/physiii/circuits/liger/code/main/../components/libwebsockets/plugins  -DLWS_IS_FACTORY_APPLICATION=0 -DNDEBUG=1 -Os 	-I/home/physiii/esp/esp-idf/components/nvs_flash/test_nvs_host 	-I/home/physiii/esp/esp-idf/components/freertos/include -DCHECK_FUNCTION_EXISTS=getenv   -o CMakeFiles/cmTC_c39e7.dir/CheckFunctionExists.c.o   -c /usr/share/cmake-3.7/Modules/CheckFunctionExists.c
Linking C executable cmTC_c39e7
/usr/bin/cmake -E cmake_link_script CMakeFiles/cmTC_c39e7.dir/link.txt --verbose=1
/home/physiii/xtensa-esp32-elf/bin/../bin/xtensa-esp32-elf-gcc  -nostdlib -Wall -Werror 	-I/home/physiii/circuits/liger/code/build/include 	-I/home/physiii/esp/esp-idf/components/mdns/include 	-I/home/physiii/esp/esp-idf/components/driver/include 	-I/home/physiii/esp/esp-idf/components/spi_flash/include 	-I/home/physiii/esp/esp-idf/components/nvs_flash/include 	-I/home/physiii/esp/esp-idf/components/tcpip_adapter/include 	-I/home/physiii/esp/esp-idf/components/lwip/include/lwip/posix 	-I/home/physiii/esp/esp-idf/components/lwip/include/lwip 	-I/home/physiii/esp/esp-idf/components/lwip/include/lwip/port 	-I/home/physiii/esp/esp-idf/components/esp32/include/ 	-I/home/physiii/esp/esp-idf/components/bootloader_support/include/ 	-I/home/physiii/esp/esp-idf/components/app_update/include/ 	-I$(IDF_PATH)/components/soc/esp32/include/ 	-std=gnu99 -Os -ggdb -ffunction-sections -fdata-sections -fstrict-volatile-bitfields -mlongcalls -nostdlib -Wall -Werror=all -Wno-error=unused-function -Wno-error=unused-but-set-variable -Wno-error=unused-variable -Wno-error=deprecated-declarations -Wextra -Wno-unused-parameter -Wno-sign-compare -Wno-old-style-declaration -DWITH_POSIX -DMBEDTLS_CONFIG_FILE='mbedtls/esp_config.h' -DHAVE_CONFIG_H -I/home/physiii/circuits/liger/code/main/../components/libwebsockets/plugins  -DLWS_IS_FACTORY_APPLICATION=0 -DNDEBUG=1 -Os 	-I/home/physiii/esp/esp-idf/components/nvs_flash/test_nvs_host 	-I/home/physiii/esp/esp-idf/components/freertos/include -DCHECK_FUNCTION_EXISTS=getenv    CMakeFiles/cmTC_c39e7.dir/CheckFunctionExists.c.o  -o cmTC_c39e7  
/home/physiii/xtensa-esp32-elf/bin/../lib/gcc/xtensa-esp32-elf/5.2.0/../../../../xtensa-esp32-elf/bin/ld: warning: cannot find entry symbol _start; defaulting to 0000000000400054
CMakeFiles/cmTC_c39e7.dir/CheckFunctionExists.c.o:(.literal.startup.main+0x0): undefined reference to `getenv'
CMakeFiles/cmTC_c39e7.dir/CheckFunctionExists.c.o: In function `main':
/usr/share/cmake-3.7/Modules/CheckFunctionExists.c:17: undefined reference to `getenv'
collect2: error: ld returned 1 exit status
CMakeFiles/cmTC_c39e7.dir/build.make:97: recipe for target 'cmTC_c39e7' failed
make[3]: *** [cmTC_c39e7] Error 1
make[3]: Leaving directory '/home/physiii/circuits/liger/code/build/libwebsockets/CMakeFiles/CMakeTmp'
Makefile:126: recipe for target 'cmTC_c39e7/fast' failed
make[2]: *** [cmTC_c39e7/fast] Error 2
make[2]: Leaving directory '/home/physiii/circuits/liger/code/build/libwebsockets/CMakeFiles/CMakeTmp'


Determining if the function memset exists failed with the following output:
Change Dir: /home/physiii/circuits/liger/code/build/libwebsockets/CMakeFiles/CMakeTmp

Run Build Command:"/usr/bin/make" "cmTC_c9c81/fast"
make[2]: Entering directory '/home/physiii/circuits/liger/code/build/libwebsockets/CMakeFiles/CMakeTmp'
/usr/bin/make -f CMakeFiles/cmTC_c9c81.dir/build.make CMakeFiles/cmTC_c9c81.dir/build
make[3]: Entering directory '/home/physiii/circuits/liger/code/build/libwebsockets/CMakeFiles/CMakeTmp'
Building C object CMakeFiles/cmTC_c9c81.dir/CheckFunctionExists.c.o
/home/physiii/xtensa-esp32-elf/bin/../bin/xtensa-esp32-elf-gcc  -DKEYWORD=__inline  -nostdlib -Wall -Werror 	-I/home/physiii/circuits/liger/code/build/include 	-I/home/physiii/esp/esp-idf/components/mdns/include 	-I/home/physiii/esp/esp-idf/components/driver/include 	-I/home/physiii/esp/esp-idf/components/spi_flash/include 	-I/home/physiii/esp/esp-idf/components/nvs_flash/include 	-I/home/physiii/esp/esp-idf/components/tcpip_adapter/include 	-I/home/physiii/esp/esp-idf/components/lwip/include/lwip/posix 	-I/home/physiii/esp/esp-idf/components/lwip/include/lwip 	-I/home/physiii/esp/esp-idf/components/lwip/include/lwip/port 	-I/home/physiii/esp/esp-idf/components/esp32/include/ 	-I/home/physiii/esp/esp-idf/components/bootloader_support/include/ 	-I/home/physiii/esp/esp-idf/components/app_update/include/ 	-I/home/physiii/esp/esp-idf/components/soc/esp32/include/ 	-std=gnu99 -Os -ggdb -ffunction-sections -fdata-sections -fstrict-volatile-bitfields -mlongcalls -nostdlib -Wall -Werror=all -Wno-error=unused-function -Wno-error=unused-but-set-variable -Wno-error=unused-variable -Wno-error=deprecated-declarations -Wextra -Wno-unused-parameter -Wno-sign-compare -Wno-old-style-declaration -DWITH_POSIX -DMBEDTLS_CONFIG_FILE='mbedtls/esp_config.h' -DHAVE_CONFIG_H -I/home/physiii/circuits/liger/code/main/../components/libwebsockets/plugins  -DLWS_IS_FACTORY_APPLICATION=0 -DNDEBUG=1 -Os 	-I/home/physiii/esp/esp-idf/components/nvs_flash/test_nvs_host 	-I/home/physiii/esp/esp-idf/components/freertos/include -DCHECK_FUNCTION_EXISTS=memset   -o CMakeFiles/cmTC_c9c81.dir/CheckFunctionExists.c.o   -c /usr/share/cmake-3.7/Modules/CheckFunctionExists.c
<command-line>:0:23: error: conflicting types for built-in function 'memset' [-Werror]
/usr/share/cmake-3.7/Modules/CheckFunctionExists.c:7:3: note: in expansion of macro 'CHECK_FUNCTION_EXISTS'
   CHECK_FUNCTION_EXISTS();
   ^
cc1: all warnings being treated as errors
CMakeFiles/cmTC_c9c81.dir/build.make:65: recipe for target 'CMakeFiles/cmTC_c9c81.dir/CheckFunctionExists.c.o' failed
make[3]: *** [CMakeFiles/cmTC_c9c81.dir/CheckFunctionExists.c.o] Error 1
make[3]: Leaving directory '/home/physiii/circuits/liger/code/build/libwebsockets/CMakeFiles/CMakeTmp'
Makefile:126: recipe for target 'cmTC_c9c81/fast' failed
make[2]: *** [cmTC_c9c81/fast] Error 2
make[2]: Leaving directory '/home/physiii/circuits/liger/code/build/libwebsockets/CMakeFiles/CMakeTmp'


Determining if the function socket exists failed with the following output:
Change Dir: /home/physiii/circuits/liger/code/build/libwebsockets/CMakeFiles/CMakeTmp

Run Build Command:"/usr/bin/make" "cmTC_e61e4/fast"
make[2]: Entering directory '/home/physiii/circuits/liger/code/build/libwebsockets/CMakeFiles/CMakeTmp'
/usr/bin/make -f CMakeFiles/cmTC_e61e4.dir/build.make CMakeFiles/cmTC_e61e4.dir/build
make[3]: Entering directory '/home/physiii/circuits/liger/code/build/libwebsockets/CMakeFiles/CMakeTmp'
Building C object CMakeFiles/cmTC_e61e4.dir/CheckFunctionExists.c.o
/home/physiii/xtensa-esp32-elf/bin/../bin/xtensa-esp32-elf-gcc  -DKEYWORD=__inline  -nostdlib -Wall -Werror 	-I/home/physiii/circuits/liger/code/build/include 	-I/home/physiii/esp/esp-idf/components/mdns/include 	-I/home/physiii/esp/esp-idf/components/driver/include 	-I/home/physiii/esp/esp-idf/components/spi_flash/include 	-I/home/physiii/esp/esp-idf/components/nvs_flash/include 	-I/home/physiii/esp/esp-idf/components/tcpip_adapter/include 	-I/home/physiii/esp/esp-idf/components/lwip/include/lwip/posix 	-I/home/physiii/esp/esp-idf/components/lwip/include/lwip 	-I/home/physiii/esp/esp-idf/components/lwip/include/lwip/port 	-I/home/physiii/esp/esp-idf/components/esp32/include/ 	-I/home/physiii/esp/esp-idf/components/bootloader_support/include/ 	-I/home/physiii/esp/esp-idf/components/app_update/include/ 	-I/home/physiii/esp/esp-idf/components/soc/esp32/include/ 	-std=gnu99 -Os -ggdb -ffunction-sections -fdata-sections -fstrict-volatile-bitfields -mlongcalls -nostdlib -Wall -Werror=all -Wno-error=unused-function -Wno-error=unused-but-set-variable -Wno-error=unused-variable -Wno-error=deprecated-declarations -Wextra -Wno-unused-parameter -Wno-sign-compare -Wno-old-style-declaration -DWITH_POSIX -DMBEDTLS_CONFIG_FILE='mbedtls/esp_config.h' -DHAVE_CONFIG_H -I/home/physiii/circuits/liger/code/main/../components/libwebsockets/plugins  -DLWS_IS_FACTORY_APPLICATION=0 -DNDEBUG=1 -Os 	-I/home/physiii/esp/esp-idf/components/nvs_flash/test_nvs_host 	-I/home/physiii/esp/esp-idf/components/freertos/include -DCHECK_FUNCTION_EXISTS=socket   -o CMakeFiles/cmTC_e61e4.dir/CheckFunctionExists.c.o   -c /usr/share/cmake-3.7/Modules/CheckFunctionExists.c
Linking C executable cmTC_e61e4
/usr/bin/cmake -E cmake_link_script CMakeFiles/cmTC_e61e4.dir/link.txt --verbose=1
/home/physiii/xtensa-esp32-elf/bin/../bin/xtensa-esp32-elf-gcc  -nostdlib -Wall -Werror 	-I/home/physiii/circuits/liger/code/build/include 	-I/home/physiii/esp/esp-idf/components/mdns/include 	-I/home/physiii/esp/esp-idf/components/driver/include 	-I/home/physiii/esp/esp-idf/components/spi_flash/include 	-I/home/physiii/esp/esp-idf/components/nvs_flash/include 	-I/home/physiii/esp/esp-idf/components/tcpip_adapter/include 	-I/home/physiii/esp/esp-idf/components/lwip/include/lwip/posix 	-I/home/physiii/esp/esp-idf/components/lwip/include/lwip 	-I/home/physiii/esp/esp-idf/components/lwip/include/lwip/port 	-I/home/physiii/esp/esp-idf/components/esp32/include/ 	-I/home/physiii/esp/esp-idf/components/bootloader_support/include/ 	-I/home/physiii/esp/esp-idf/components/app_update/include/ 	-I$(IDF_PATH)/components/soc/esp32/include/ 	-std=gnu99 -Os -ggdb -ffunction-sections -fdata-sections -fstrict-volatile-bitfields -mlongcalls -nostdlib -Wall -Werror=all -Wno-error=unused-function -Wno-error=unused-but-set-variable -Wno-error=unused-variable -Wno-error=deprecated-declarations -Wextra -Wno-unused-parameter -Wno-sign-compare -Wno-old-style-declaration -DWITH_POSIX -DMBEDTLS_CONFIG_FILE='mbedtls/esp_config.h' -DHAVE_CONFIG_H -I/home/physiii/circuits/liger/code/main/../components/libwebsockets/plugins  -DLWS_IS_FACTORY_APPLICATION=0 -DNDEBUG=1 -Os 	-I/home/physiii/esp/esp-idf/components/nvs_flash/test_nvs_host 	-I/home/physiii/esp/esp-idf/components/freertos/include -DCHECK_FUNCTION_EXISTS=socket    CMakeFiles/cmTC_e61e4.dir/CheckFunctionExists.c.o  -o cmTC_e61e4  
/home/physiii/xtensa-esp32-elf/bin/../lib/gcc/xtensa-esp32-elf/5.2.0/../../../../xtensa-esp32-elf/bin/ld: warning: cannot find entry symbol _start; defaulting to 0000000000400054
CMakeFiles/cmTC_e61e4.dir/CheckFunctionExists.c.o:(.literal.startup.main+0x0): undefined reference to `socket'
CMakeFiles/cmTC_e61e4.dir/CheckFunctionExists.c.o: In function `main':
/usr/share/cmake-3.7/Modules/CheckFunctionExists.c:17: undefined reference to `socket'
collect2: error: ld returned 1 exit status
CMakeFiles/cmTC_e61e4.dir/build.make:97: recipe for target 'cmTC_e61e4' failed
make[3]: *** [cmTC_e61e4] Error 1
make[3]: Leaving directory '/home/physiii/circuits/liger/code/build/libwebsockets/CMakeFiles/CMakeTmp'
Makefile:126: recipe for target 'cmTC_e61e4/fast' failed
make[2]: *** [cmTC_e61e4/fast] Error 2
make[2]: Leaving directory '/home/physiii/circuits/liger/code/build/libwebsockets/CMakeFiles/CMakeTmp'


Determining if the function strerror exists failed with the following output:
Change Dir: /home/physiii/circuits/liger/code/build/libwebsockets/CMakeFiles/CMakeTmp

Run Build Command:"/usr/bin/make" "cmTC_3be39/fast"
make[2]: Entering directory '/home/physiii/circuits/liger/code/build/libwebsockets/CMakeFiles/CMakeTmp'
/usr/bin/make -f CMakeFiles/cmTC_3be39.dir/build.make CMakeFiles/cmTC_3be39.dir/build
make[3]: Entering directory '/home/physiii/circuits/liger/code/build/libwebsockets/CMakeFiles/CMakeTmp'
Building C object CMakeFiles/cmTC_3be39.dir/CheckFunctionExists.c.o
/home/physiii/xtensa-esp32-elf/bin/../bin/xtensa-esp32-elf-gcc  -DKEYWORD=__inline  -nostdlib -Wall -Werror 	-I/home/physiii/circuits/liger/code/build/include 	-I/home/physiii/esp/esp-idf/components/mdns/include 	-I/home/physiii/esp/esp-idf/components/driver/include 	-I/home/physiii/esp/esp-idf/components/spi_flash/include 	-I/home/physiii/esp/esp-idf/components/nvs_flash/include 	-I/home/physiii/esp/esp-idf/components/tcpip_adapter/include 	-I/home/physiii/esp/esp-idf/components/lwip/include/lwip/posix 	-I/home/physiii/esp/esp-idf/components/lwip/include/lwip 	-I/home/physiii/esp/esp-idf/components/lwip/include/lwip/port 	-I/home/physiii/esp/esp-idf/components/esp32/include/ 	-I/home/physiii/esp/esp-idf/components/bootloader_support/include/ 	-I/home/physiii/esp/esp-idf/components/app_update/include/ 	-I/home/physiii/esp/esp-idf/components/soc/esp32/include/ 	-std=gnu99 -Os -ggdb -ffunction-sections -fdata-sections -fstrict-volatile-bitfields -mlongcalls -nostdlib -Wall -Werror=all -Wno-error=unused-function -Wno-error=unused-but-set-variable -Wno-error=unused-variable -Wno-error=deprecated-declarations -Wextra -Wno-unused-parameter -Wno-sign-compare -Wno-old-style-declaration -DWITH_POSIX -DMBEDTLS_CONFIG_FILE='mbedtls/esp_config.h' -DHAVE_CONFIG_H -I/home/physiii/circuits/liger/code/main/../components/libwebsockets/plugins  -DLWS_IS_FACTORY_APPLICATION=0 -DNDEBUG=1 -Os 	-I/home/physiii/esp/esp-idf/components/nvs_flash/test_nvs_host 	-I/home/physiii/esp/esp-idf/components/freertos/include -DCHECK_FUNCTION_EXISTS=strerror   -o CMakeFiles/cmTC_3be39.dir/CheckFunctionExists.c.o   -c /usr/share/cmake-3.7/Modules/CheckFunctionExists.c
Linking C executable cmTC_3be39
/usr/bin/cmake -E cmake_link_script CMakeFiles/cmTC_3be39.dir/link.txt --verbose=1
/home/physiii/xtensa-esp32-elf/bin/../bin/xtensa-esp32-elf-gcc  -nostdlib -Wall -Werror 	-I/home/physiii/circuits/liger/code/build/include 	-I/home/physiii/esp/esp-idf/components/mdns/include 	-I/home/physiii/esp/esp-idf/components/driver/include 	-I/home/physiii/esp/esp-idf/components/spi_flash/include 	-I/home/physiii/esp/esp-idf/components/nvs_flash/include 	-I/home/physiii/esp/esp-idf/components/tcpip_adapter/include 	-I/home/physiii/esp/esp-idf/components/lwip/include/lwip/posix 	-I/home/physiii/esp/esp-idf/components/lwip/include/lwip 	-I/home/physiii/esp/esp-idf/components/lwip/include/lwip/port 	-I/home/physiii/esp/esp-idf/components/esp32/include/ 	-I/home/physiii/esp/esp-idf/components/bootloader_support/include/ 	-I/home/physiii/esp/esp-idf/components/app_update/include/ 	-I$(IDF_PATH)/components/soc/esp32/include/ 	-std=gnu99 -Os -ggdb -ffunction-sections -fdata-sections -fstrict-volatile-bitfields -mlongcalls -nostdlib -Wall -Werror=all -Wno-error=unused-function -Wno-error=unused-but-set-variable -Wno-error=unused-variable -Wno-error=deprecated-declarations -Wextra -Wno-unused-parameter -Wno-sign-compare -Wno-old-style-declaration -DWITH_POSIX -DMBEDTLS_CONFIG_FILE='mbedtls/esp_config.h' -DHAVE_CONFIG_H -I/home/physiii/circuits/liger/code/main/../components/libwebsockets/plugins  -DLWS_IS_FACTORY_APPLICATION=0 -DNDEBUG=1 -Os 	-I/home/physiii/esp/esp-idf/components/nvs_flash/test_nvs_host 	-I/home/physiii/esp/esp-idf/components/freertos/include -DCHECK_FUNCTION_EXISTS=strerror    CMakeFiles/cmTC_3be39.dir/CheckFunctionExists.c.o  -o cmTC_3be39  
/home/physiii/xtensa-esp32-elf/bin/../lib/gcc/xtensa-esp32-elf/5.2.0/../../../../xtensa-esp32-elf/bin/ld: warning: cannot find entry symbol _start; defaulting to 0000000000400054
CMakeFiles/cmTC_3be39.dir/CheckFunctionExists.c.o:(.literal.startup.main+0x0): undefined reference to `strerror'
CMakeFiles/cmTC_3be39.dir/CheckFunctionExists.c.o: In function `main':
/usr/share/cmake-3.7/Modules/CheckFunctionExists.c:17: undefined reference to `strerror'
collect2: error: ld returned 1 exit status
CMakeFiles/cmTC_3be39.dir/build.make:97: recipe for target 'cmTC_3be39' failed
make[3]: *** [cmTC_3be39] Error 1
make[3]: Leaving directory '/home/physiii/circuits/liger/code/build/libwebsockets/CMakeFiles/CMakeTmp'
Makefile:126: recipe for target 'cmTC_3be39/fast' failed
make[2]: *** [cmTC_3be39/fast] Error 2
make[2]: Leaving directory '/home/physiii/circuits/liger/code/build/libwebsockets/CMakeFiles/CMakeTmp'


Determining if the function vfork exists failed with the following output:
Change Dir: /home/physiii/circuits/liger/code/build/libwebsockets/CMakeFiles/CMakeTmp

Run Build Command:"/usr/bin/make" "cmTC_2b263/fast"
make[2]: Entering directory '/home/physiii/circuits/liger/code/build/libwebsockets/CMakeFiles/CMakeTmp'
/usr/bin/make -f CMakeFiles/cmTC_2b263.dir/build.make CMakeFiles/cmTC_2b263.dir/build
make[3]: Entering directory '/home/physiii/circuits/liger/code/build/libwebsockets/CMakeFiles/CMakeTmp'
Building C object CMakeFiles/cmTC_2b263.dir/CheckFunctionExists.c.o
/home/physiii/xtensa-esp32-elf/bin/../bin/xtensa-esp32-elf-gcc  -DKEYWORD=__inline  -nostdlib -Wall -Werror 	-I/home/physiii/circuits/liger/code/build/include 	-I/home/physiii/esp/esp-idf/components/mdns/include 	-I/home/physiii/esp/esp-idf/components/driver/include 	-I/home/physiii/esp/esp-idf/components/spi_flash/include 	-I/home/physiii/esp/esp-idf/components/nvs_flash/include 	-I/home/physiii/esp/esp-idf/components/tcpip_adapter/include 	-I/home/physiii/esp/esp-idf/components/lwip/include/lwip/posix 	-I/home/physiii/esp/esp-idf/components/lwip/include/lwip 	-I/home/physiii/esp/esp-idf/components/lwip/include/lwip/port 	-I/home/physiii/esp/esp-idf/components/esp32/include/ 	-I/home/physiii/esp/esp-idf/components/bootloader_support/include/ 	-I/home/physiii/esp/esp-idf/components/app_update/include/ 	-I/home/physiii/esp/esp-idf/components/soc/esp32/include/ 	-std=gnu99 -Os -ggdb -ffunction-sections -fdata-sections -fstrict-volatile-bitfields -mlongcalls -nostdlib -Wall -Werror=all -Wno-error=unused-function -Wno-error=unused-but-set-variable -Wno-error=unused-variable -Wno-error=deprecated-declarations -Wextra -Wno-unused-parameter -Wno-sign-compare -Wno-old-style-declaration -DWITH_POSIX -DMBEDTLS_CONFIG_FILE='mbedtls/esp_config.h' -DHAVE_CONFIG_H -I/home/physiii/circuits/liger/code/main/../components/libwebsockets/plugins  -DLWS_IS_FACTORY_APPLICATION=0 -DNDEBUG=1 -Os 	-I/home/physiii/esp/esp-idf/components/nvs_flash/test_nvs_host 	-I/home/physiii/esp/esp-idf/components/freertos/include -DCHECK_FUNCTION_EXISTS=vfork   -o CMakeFiles/cmTC_2b263.dir/CheckFunctionExists.c.o   -c /usr/share/cmake-3.7/Modules/CheckFunctionExists.c
Linking C executable cmTC_2b263
/usr/bin/cmake -E cmake_link_script CMakeFiles/cmTC_2b263.dir/link.txt --verbose=1
/home/physiii/xtensa-esp32-elf/bin/../bin/xtensa-esp32-elf-gcc  -nostdlib -Wall -Werror 	-I/home/physiii/circuits/liger/code/build/include 	-I/home/physiii/esp/esp-idf/components/mdns/include 	-I/home/physiii/esp/esp-idf/components/driver/include 	-I/home/physiii/esp/esp-idf/components/spi_flash/include 	-I/home/physiii/esp/esp-idf/components/nvs_flash/include 	-I/home/physiii/esp/esp-idf/components/tcpip_adapter/include 	-I/home/physiii/esp/esp-idf/components/lwip/include/lwip/posix 	-I/home/physiii/esp/esp-idf/components/lwip/include/lwip 	-I/home/physiii/esp/esp-idf/components/lwip/include/lwip/port 	-I/home/physiii/esp/esp-idf/components/esp32/include/ 	-I/home/physiii/esp/esp-idf/components/bootloader_support/include/ 	-I/home/physiii/esp/esp-idf/components/app_update/include/ 	-I$(IDF_PATH)/components/soc/esp32/include/ 	-std=gnu99 -Os -ggdb -ffunction-sections -fdata-sections -fstrict-volatile-bitfields -mlongcalls -nostdlib -Wall -Werror=all -Wno-error=unused-function -Wno-error=unused-but-set-variable -Wno-error=unused-variable -Wno-error=deprecated-declarations -Wextra -Wno-unused-parameter -Wno-sign-compare -Wno-old-style-declaration -DWITH_POSIX -DMBEDTLS_CONFIG_FILE='mbedtls/esp_config.h' -DHAVE_CONFIG_H -I/home/physiii/circuits/liger/code/main/../components/libwebsockets/plugins  -DLWS_IS_FACTORY_APPLICATION=0 -DNDEBUG=1 -Os 	-I/home/physiii/esp/esp-idf/components/nvs_flash/test_nvs_host 	-I/home/physiii/esp/esp-idf/components/freertos/include -DCHECK_FUNCTION_EXISTS=vfork    CMakeFiles/cmTC_2b263.dir/CheckFunctionExists.c.o  -o cmTC_2b263  
/home/physiii/xtensa-esp32-elf/bin/../lib/gcc/xtensa-esp32-elf/5.2.0/../../../../xtensa-esp32-elf/bin/ld: warning: cannot find entry symbol _start; defaulting to 0000000000400054
CMakeFiles/cmTC_2b263.dir/CheckFunctionExists.c.o:(.literal.startup.main+0x0): undefined reference to `vfork'
CMakeFiles/cmTC_2b263.dir/CheckFunctionExists.c.o: In function `main':
/usr/share/cmake-3.7/Modules/CheckFunctionExists.c:17: undefined reference to `vfork'
collect2: error: ld returned 1 exit status
CMakeFiles/cmTC_2b263.dir/build.make:97: recipe for target 'cmTC_2b263' failed
make[3]: *** [cmTC_2b263] Error 1
make[3]: Leaving directory '/home/physiii/circuits/liger/code/build/libwebsockets/CMakeFiles/CMakeTmp'
Makefile:126: recipe for target 'cmTC_2b263/fast' failed
make[2]: *** [cmTC_2b263/fast] Error 2
make[2]: Leaving directory '/home/physiii/circuits/liger/code/build/libwebsockets/CMakeFiles/CMakeTmp'


Determining if the function execvpe exists failed with the following output:
Change Dir: /home/physiii/circuits/liger/code/build/libwebsockets/CMakeFiles/CMakeTmp

Run Build Command:"/usr/bin/make" "cmTC_cab91/fast"
make[2]: Entering directory '/home/physiii/circuits/liger/code/build/libwebsockets/CMakeFiles/CMakeTmp'
/usr/bin/make -f CMakeFiles/cmTC_cab91.dir/build.make CMakeFiles/cmTC_cab91.dir/build
make[3]: Entering directory '/home/physiii/circuits/liger/code/build/libwebsockets/CMakeFiles/CMakeTmp'
Building C object CMakeFiles/cmTC_cab91.dir/CheckFunctionExists.c.o
/home/physiii/xtensa-esp32-elf/bin/../bin/xtensa-esp32-elf-gcc  -DKEYWORD=__inline  -nostdlib -Wall -Werror 	-I/home/physiii/circuits/liger/code/build/include 	-I/home/physiii/esp/esp-idf/components/mdns/include 	-I/home/physiii/esp/esp-idf/components/driver/include 	-I/home/physiii/esp/esp-idf/components/spi_flash/include 	-I/home/physiii/esp/esp-idf/components/nvs_flash/include 	-I/home/physiii/esp/esp-idf/components/tcpip_adapter/include 	-I/home/physiii/esp/esp-idf/components/lwip/include/lwip/posix 	-I/home/physiii/esp/esp-idf/components/lwip/include/lwip 	-I/home/physiii/esp/esp-idf/components/lwip/include/lwip/port 	-I/home/physiii/esp/esp-idf/components/esp32/include/ 	-I/home/physiii/esp/esp-idf/components/bootloader_support/include/ 	-I/home/physiii/esp/esp-idf/components/app_update/include/ 	-I/home/physiii/esp/esp-idf/components/soc/esp32/include/ 	-std=gnu99 -Os -ggdb -ffunction-sections -fdata-sections -fstrict-volatile-bitfields -mlongcalls -nostdlib -Wall -Werror=all -Wno-error=unused-function -Wno-error=unused-but-set-variable -Wno-error=unused-variable -Wno-error=deprecated-declarations -Wextra -Wno-unused-parameter -Wno-sign-compare -Wno-old-style-declaration -DWITH_POSIX -DMBEDTLS_CONFIG_FILE='mbedtls/esp_config.h' -DHAVE_CONFIG_H -I/home/physiii/circuits/liger/code/main/../components/libwebsockets/plugins  -DLWS_IS_FACTORY_APPLICATION=0 -DNDEBUG=1 -Os 	-I/home/physiii/esp/esp-idf/components/nvs_flash/test_nvs_host 	-I/home/physiii/esp/esp-idf/components/freertos/include -DCHECK_FUNCTION_EXISTS=execvpe   -o CMakeFiles/cmTC_cab91.dir/CheckFunctionExists.c.o   -c /usr/share/cmake-3.7/Modules/CheckFunctionExists.c
Linking C executable cmTC_cab91
/usr/bin/cmake -E cmake_link_script CMakeFiles/cmTC_cab91.dir/link.txt --verbose=1
/home/physiii/xtensa-esp32-elf/bin/../bin/xtensa-esp32-elf-gcc  -nostdlib -Wall -Werror 	-I/home/physiii/circuits/liger/code/build/include 	-I/home/physiii/esp/esp-idf/components/mdns/include 	-I/home/physiii/esp/esp-idf/components/driver/include 	-I/home/physiii/esp/esp-idf/components/spi_flash/include 	-I/home/physiii/esp/esp-idf/components/nvs_flash/include 	-I/home/physiii/esp/esp-idf/components/tcpip_adapter/include 	-I/home/physiii/esp/esp-idf/components/lwip/include/lwip/posix 	-I/home/physiii/esp/esp-idf/components/lwip/include/lwip 	-I/home/physiii/esp/esp-idf/components/lwip/include/lwip/port 	-I/home/physiii/esp/esp-idf/components/esp32/include/ 	-I/home/physiii/esp/esp-idf/components/bootloader_support/include/ 	-I/home/physiii/esp/esp-idf/components/app_update/include/ 	-I$(IDF_PATH)/components/soc/esp32/include/ 	-std=gnu99 -Os -ggdb -ffunction-sections -fdata-sections -fstrict-volatile-bitfields -mlongcalls -nostdlib -Wall -Werror=all -Wno-error=unused-function -Wno-error=unused-but-set-variable -Wno-error=unused-variable -Wno-error=deprecated-declarations -Wextra -Wno-unused-parameter -Wno-sign-compare -Wno-old-style-declaration -DWITH_POSIX -DMBEDTLS_CONFIG_FILE='mbedtls/esp_config.h' -DHAVE_CONFIG_H -I/home/physiii/circuits/liger/code/main/../components/libwebsockets/plugins  -DLWS_IS_FACTORY_APPLICATION=0 -DNDEBUG=1 -Os 	-I/home/physiii/esp/esp-idf/components/nvs_flash/test_nvs_host 	-I/home/physiii/esp/esp-idf/components/freertos/include -DCHECK_FUNCTION_EXISTS=execvpe    CMakeFiles/cmTC_cab91.dir/CheckFunctionExists.c.o  -o cmTC_cab91  
/home/physiii/xtensa-esp32-elf/bin/../lib/gcc/xtensa-esp32-elf/5.2.0/../../../../xtensa-esp32-elf/bin/ld: warning: cannot find entry symbol _start; defaulting to 0000000000400054
CMakeFiles/cmTC_cab91.dir/CheckFunctionExists.c.o:(.literal.startup.main+0x0): undefined reference to `execvpe'
CMakeFiles/cmTC_cab91.dir/CheckFunctionExists.c.o: In function `main':
/usr/share/cmake-3.7/Modules/CheckFunctionExists.c:17: undefined reference to `execvpe'
collect2: error: ld returned 1 exit status
CMakeFiles/cmTC_cab91.dir/build.make:97: recipe for target 'cmTC_cab91' failed
make[3]: *** [cmTC_cab91] Error 1
make[3]: Leaving directory '/home/physiii/circuits/liger/code/build/libwebsockets/CMakeFiles/CMakeTmp'
Makefile:126: recipe for target 'cmTC_cab91/fast' failed
make[2]: *** [cmTC_cab91/fast] Error 2
make[2]: Leaving directory '/home/physiii/circuits/liger/code/build/libwebsockets/CMakeFiles/CMakeTmp'


Determining if the function snprintf exists failed with the following output:
Change Dir: /home/physiii/circuits/liger/code/build/libwebsockets/CMakeFiles/CMakeTmp

Run Build Command:"/usr/bin/make" "cmTC_22c27/fast"
make[2]: Entering directory '/home/physiii/circuits/liger/code/build/libwebsockets/CMakeFiles/CMakeTmp'
/usr/bin/make -f CMakeFiles/cmTC_22c27.dir/build.make CMakeFiles/cmTC_22c27.dir/build
make[3]: Entering directory '/home/physiii/circuits/liger/code/build/libwebsockets/CMakeFiles/CMakeTmp'
Building C object CMakeFiles/cmTC_22c27.dir/CheckFunctionExists.c.o
/home/physiii/xtensa-esp32-elf/bin/../bin/xtensa-esp32-elf-gcc  -DKEYWORD=__inline  -nostdlib -Wall -Werror 	-I/home/physiii/circuits/liger/code/build/include 	-I/home/physiii/esp/esp-idf/components/mdns/include 	-I/home/physiii/esp/esp-idf/components/driver/include 	-I/home/physiii/esp/esp-idf/components/spi_flash/include 	-I/home/physiii/esp/esp-idf/components/nvs_flash/include 	-I/home/physiii/esp/esp-idf/components/tcpip_adapter/include 	-I/home/physiii/esp/esp-idf/components/lwip/include/lwip/posix 	-I/home/physiii/esp/esp-idf/components/lwip/include/lwip 	-I/home/physiii/esp/esp-idf/components/lwip/include/lwip/port 	-I/home/physiii/esp/esp-idf/components/esp32/include/ 	-I/home/physiii/esp/esp-idf/components/bootloader_support/include/ 	-I/home/physiii/esp/esp-idf/components/app_update/include/ 	-I/home/physiii/esp/esp-idf/components/soc/esp32/include/ 	-std=gnu99 -Os -ggdb -ffunction-sections -fdata-sections -fstrict-volatile-bitfields -mlongcalls -nostdlib -Wall -Werror=all -Wno-error=unused-function -Wno-error=unused-but-set-variable -Wno-error=unused-variable -Wno-error=deprecated-declarations -Wextra -Wno-unused-parameter -Wno-sign-compare -Wno-old-style-declaration -DWITH_POSIX -DMBEDTLS_CONFIG_FILE='mbedtls/esp_config.h' -DHAVE_CONFIG_H -I/home/physiii/circuits/liger/code/main/../components/libwebsockets/plugins  -DLWS_IS_FACTORY_APPLICATION=0 -DNDEBUG=1 -Os 	-I/home/physiii/esp/esp-idf/components/nvs_flash/test_nvs_host 	-I/home/physiii/esp/esp-idf/components/freertos/include -DCHECK_FUNCTION_EXISTS=snprintf   -o CMakeFiles/cmTC_22c27.dir/CheckFunctionExists.c.o   -c /usr/share/cmake-3.7/Modules/CheckFunctionExists.c
<command-line>:0:23: error: conflicting types for built-in function 'snprintf' [-Werror]
/usr/share/cmake-3.7/Modules/CheckFunctionExists.c:7:3: note: in expansion of macro 'CHECK_FUNCTION_EXISTS'
   CHECK_FUNCTION_EXISTS();
   ^
cc1: all warnings being treated as errors
CMakeFiles/cmTC_22c27.dir/build.make:65: recipe for target 'CMakeFiles/cmTC_22c27.dir/CheckFunctionExists.c.o' failed
make[3]: *** [CMakeFiles/cmTC_22c27.dir/CheckFunctionExists.c.o] Error 1
make[3]: Leaving directory '/home/physiii/circuits/liger/code/build/libwebsockets/CMakeFiles/CMakeTmp'
Makefile:126: recipe for target 'cmTC_22c27/fast' failed
make[2]: *** [cmTC_22c27/fast] Error 2
make[2]: Leaving directory '/home/physiii/circuits/liger/code/build/libwebsockets/CMakeFiles/CMakeTmp'


Determining if the function _snprintf exists failed with the following output:
Change Dir: /home/physiii/circuits/liger/code/build/libwebsockets/CMakeFiles/CMakeTmp

Run Build Command:"/usr/bin/make" "cmTC_de704/fast"
make[2]: Entering directory '/home/physiii/circuits/liger/code/build/libwebsockets/CMakeFiles/CMakeTmp'
/usr/bin/make -f CMakeFiles/cmTC_de704.dir/build.make CMakeFiles/cmTC_de704.dir/build
make[3]: Entering directory '/home/physiii/circuits/liger/code/build/libwebsockets/CMakeFiles/CMakeTmp'
Building C object CMakeFiles/cmTC_de704.dir/CheckFunctionExists.c.o
/home/physiii/xtensa-esp32-elf/bin/../bin/xtensa-esp32-elf-gcc  -DKEYWORD=__inline  -nostdlib -Wall -Werror 	-I/home/physiii/circuits/liger/code/build/include 	-I/home/physiii/esp/esp-idf/components/mdns/include 	-I/home/physiii/esp/esp-idf/components/driver/include 	-I/home/physiii/esp/esp-idf/components/spi_flash/include 	-I/home/physiii/esp/esp-idf/components/nvs_flash/include 	-I/home/physiii/esp/esp-idf/components/tcpip_adapter/include 	-I/home/physiii/esp/esp-idf/components/lwip/include/lwip/posix 	-I/home/physiii/esp/esp-idf/components/lwip/include/lwip 	-I/home/physiii/esp/esp-idf/components/lwip/include/lwip/port 	-I/home/physiii/esp/esp-idf/components/esp32/include/ 	-I/home/physiii/esp/esp-idf/components/bootloader_support/include/ 	-I/home/physiii/esp/esp-idf/components/app_update/include/ 	-I/home/physiii/esp/esp-idf/components/soc/esp32/include/ 	-std=gnu99 -Os -ggdb -ffunction-sections -fdata-sections -fstrict-volatile-bitfields -mlongcalls -nostdlib -Wall -Werror=all -Wno-error=unused-function -Wno-error=unused-but-set-variable -Wno-error=unused-variable -Wno-error=deprecated-declarations -Wextra -Wno-unused-parameter -Wno-sign-compare -Wno-old-style-declaration -DWITH_POSIX -DMBEDTLS_CONFIG_FILE='mbedtls/esp_config.h' -DHAVE_CONFIG_H -I/home/physiii/circuits/liger/code/main/../components/libwebsockets/plugins  -DLWS_IS_FACTORY_APPLICATION=0 -DNDEBUG=1 -Os 	-I/home/physiii/esp/esp-idf/components/nvs_flash/test_nvs_host 	-I/home/physiii/esp/esp-idf/components/freertos/include -DCHECK_FUNCTION_EXISTS=_snprintf   -o CMakeFiles/cmTC_de704.dir/CheckFunctionExists.c.o   -c /usr/share/cmake-3.7/Modules/CheckFunctionExists.c
Linking C executable cmTC_de704
/usr/bin/cmake -E cmake_link_script CMakeFiles/cmTC_de704.dir/link.txt --verbose=1
/home/physiii/xtensa-esp32-elf/bin/../bin/xtensa-esp32-elf-gcc  -nostdlib -Wall -Werror 	-I/home/physiii/circuits/liger/code/build/include 	-I/home/physiii/esp/esp-idf/components/mdns/include 	-I/home/physiii/esp/esp-idf/components/driver/include 	-I/home/physiii/esp/esp-idf/components/spi_flash/include 	-I/home/physiii/esp/esp-idf/components/nvs_flash/include 	-I/home/physiii/esp/esp-idf/components/tcpip_adapter/include 	-I/home/physiii/esp/esp-idf/components/lwip/include/lwip/posix 	-I/home/physiii/esp/esp-idf/components/lwip/include/lwip 	-I/home/physiii/esp/esp-idf/components/lwip/include/lwip/port 	-I/home/physiii/esp/esp-idf/components/esp32/include/ 	-I/home/physiii/esp/esp-idf/components/bootloader_support/include/ 	-I/home/physiii/esp/esp-idf/components/app_update/include/ 	-I$(IDF_PATH)/components/soc/esp32/include/ 	-std=gnu99 -Os -ggdb -ffunction-sections -fdata-sections -fstrict-volatile-bitfields -mlongcalls -nostdlib -Wall -Werror=all -Wno-error=unused-function -Wno-error=unused-but-set-variable -Wno-error=unused-variable -Wno-error=deprecated-declarations -Wextra -Wno-unused-parameter -Wno-sign-compare -Wno-old-style-declaration -DWITH_POSIX -DMBEDTLS_CONFIG_FILE='mbedtls/esp_config.h' -DHAVE_CONFIG_H -I/home/physiii/circuits/liger/code/main/../components/libwebsockets/plugins  -DLWS_IS_FACTORY_APPLICATION=0 -DNDEBUG=1 -Os 	-I/home/physiii/esp/esp-idf/components/nvs_flash/test_nvs_host 	-I/home/physiii/esp/esp-idf/components/freertos/include -DCHECK_FUNCTION_EXISTS=_snprintf    CMakeFiles/cmTC_de704.dir/CheckFunctionExists.c.o  -o cmTC_de704  
/home/physiii/xtensa-esp32-elf/bin/../lib/gcc/xtensa-esp32-elf/5.2.0/../../../../xtensa-esp32-elf/bin/ld: warning: cannot find entry symbol _start; defaulting to 0000000000400054
CMakeFiles/cmTC_de704.dir/CheckFunctionExists.c.o:(.literal.startup.main+0x0): undefined reference to `_snprintf'
CMakeFiles/cmTC_de704.dir/CheckFunctionExists.c.o: In function `main':
/usr/share/cmake-3.7/Modules/CheckFunctionExists.c:17: undefined reference to `_snprintf'
collect2: error: ld returned 1 exit status
CMakeFiles/cmTC_de704.dir/build.make:97: recipe for target 'cmTC_de704' failed
make[3]: *** [cmTC_de704] Error 1
make[3]: Leaving directory '/home/physiii/circuits/liger/code/build/libwebsockets/CMakeFiles/CMakeTmp'
Makefile:126: recipe for target 'cmTC_de704/fast' failed
make[2]: *** [cmTC_de704/fast] Error 2
make[2]: Leaving directory '/home/physiii/circuits/liger/code/build/libwebsockets/CMakeFiles/CMakeTmp'


Determining if the function _vsnprintf exists failed with the following output:
Change Dir: /home/physiii/circuits/liger/code/build/libwebsockets/CMakeFiles/CMakeTmp

Run Build Command:"/usr/bin/make" "cmTC_2233d/fast"
make[2]: Entering directory '/home/physiii/circuits/liger/code/build/libwebsockets/CMakeFiles/CMakeTmp'
/usr/bin/make -f CMakeFiles/cmTC_2233d.dir/build.make CMakeFiles/cmTC_2233d.dir/build
make[3]: Entering directory '/home/physiii/circuits/liger/code/build/libwebsockets/CMakeFiles/CMakeTmp'
Building C object CMakeFiles/cmTC_2233d.dir/CheckFunctionExists.c.o
/home/physiii/xtensa-esp32-elf/bin/../bin/xtensa-esp32-elf-gcc  -DKEYWORD=__inline  -nostdlib -Wall -Werror 	-I/home/physiii/circuits/liger/code/build/include 	-I/home/physiii/esp/esp-idf/components/mdns/include 	-I/home/physiii/esp/esp-idf/components/driver/include 	-I/home/physiii/esp/esp-idf/components/spi_flash/include 	-I/home/physiii/esp/esp-idf/components/nvs_flash/include 	-I/home/physiii/esp/esp-idf/components/tcpip_adapter/include 	-I/home/physiii/esp/esp-idf/components/lwip/include/lwip/posix 	-I/home/physiii/esp/esp-idf/components/lwip/include/lwip 	-I/home/physiii/esp/esp-idf/components/lwip/include/lwip/port 	-I/home/physiii/esp/esp-idf/components/esp32/include/ 	-I/home/physiii/esp/esp-idf/components/bootloader_support/include/ 	-I/home/physiii/esp/esp-idf/components/app_update/include/ 	-I/home/physiii/esp/esp-idf/components/soc/esp32/include/ 	-std=gnu99 -Os -ggdb -ffunction-sections -fdata-sections -fstrict-volatile-bitfields -mlongcalls -nostdlib -Wall -Werror=all -Wno-error=unused-function -Wno-error=unused-but-set-variable -Wno-error=unused-variable -Wno-error=deprecated-declarations -Wextra -Wno-unused-parameter -Wno-sign-compare -Wno-old-style-declaration -DWITH_POSIX -DMBEDTLS_CONFIG_FILE='mbedtls/esp_config.h' -DHAVE_CONFIG_H -I/home/physiii/circuits/liger/code/main/../components/libwebsockets/plugins  -DLWS_IS_FACTORY_APPLICATION=0 -DNDEBUG=1 -Os 	-I/home/physiii/esp/esp-idf/components/nvs_flash/test_nvs_host 	-I/home/physiii/esp/esp-idf/components/freertos/include -DCHECK_FUNCTION_EXISTS=_vsnprintf   -o CMakeFiles/cmTC_2233d.dir/CheckFunctionExists.c.o   -c /usr/share/cmake-3.7/Modules/CheckFunctionExists.c
Linking C executable cmTC_2233d
/usr/bin/cmake -E cmake_link_script CMakeFiles/cmTC_2233d.dir/link.txt --verbose=1
/home/physiii/xtensa-esp32-elf/bin/../bin/xtensa-esp32-elf-gcc  -nostdlib -Wall -Werror 	-I/home/physiii/circuits/liger/code/build/include 	-I/home/physiii/esp/esp-idf/components/mdns/include 	-I/home/physiii/esp/esp-idf/components/driver/include 	-I/home/physiii/esp/esp-idf/components/spi_flash/include 	-I/home/physiii/esp/esp-idf/components/nvs_flash/include 	-I/home/physiii/esp/esp-idf/components/tcpip_adapter/include 	-I/home/physiii/esp/esp-idf/components/lwip/include/lwip/posix 	-I/home/physiii/esp/esp-idf/components/lwip/include/lwip 	-I/home/physiii/esp/esp-idf/components/lwip/include/lwip/port 	-I/home/physiii/esp/esp-idf/components/esp32/include/ 	-I/home/physiii/esp/esp-idf/components/bootloader_support/include/ 	-I/home/physiii/esp/esp-idf/components/app_update/include/ 	-I$(IDF_PATH)/components/soc/esp32/include/ 	-std=gnu99 -Os -ggdb -ffunction-sections -fdata-sections -fstrict-volatile-bitfields -mlongcalls -nostdlib -Wall -Werror=all -Wno-error=unused-function -Wno-error=unused-but-set-variable -Wno-error=unused-variable -Wno-error=deprecated-declarations -Wextra -Wno-unused-parameter -Wno-sign-compare -Wno-old-style-declaration -DWITH_POSIX -DMBEDTLS_CONFIG_FILE='mbedtls/esp_config.h' -DHAVE_CONFIG_H -I/home/physiii/circuits/liger/code/main/../components/libwebsockets/plugins  -DLWS_IS_FACTORY_APPLICATION=0 -DNDEBUG=1 -Os 	-I/home/physiii/esp/esp-idf/components/nvs_flash/test_nvs_host 	-I/home/physiii/esp/esp-idf/components/freertos/include -DCHECK_FUNCTION_EXISTS=_vsnprintf    CMakeFiles/cmTC_2233d.dir/CheckFunctionExists.c.o  -o cmTC_2233d  
/home/physiii/xtensa-esp32-elf/bin/../lib/gcc/xtensa-esp32-elf/5.2.0/../../../../xtensa-esp32-elf/bin/ld: warning: cannot find entry symbol _start; defaulting to 0000000000400054
CMakeFiles/cmTC_2233d.dir/CheckFunctionExists.c.o:(.literal.startup.main+0x0): undefined reference to `_vsnprintf'
CMakeFiles/cmTC_2233d.dir/CheckFunctionExists.c.o: In function `main':
/usr/share/cmake-3.7/Modules/CheckFunctionExists.c:17: undefined reference to `_vsnprintf'
collect2: error: ld returned 1 exit status
CMakeFiles/cmTC_2233d.dir/build.make:97: recipe for target 'cmTC_2233d' failed
make[3]: *** [cmTC_2233d] Error 1
make[3]: Leaving directory '/home/physiii/circuits/liger/code/build/libwebsockets/CMakeFiles/CMakeTmp'
Makefile:126: recipe for target 'cmTC_2233d/fast' failed
make[2]: *** [cmTC_2233d/fast] Error 2
make[2]: Leaving directory '/home/physiii/circuits/liger/code/build/libwebsockets/CMakeFiles/CMakeTmp'


Determining if the function getloadavg exists failed with the following output:
Change Dir: /home/physiii/circuits/liger/code/build/libwebsockets/CMakeFiles/CMakeTmp

Run Build Command:"/usr/bin/make" "cmTC_30b9d/fast"
make[2]: Entering directory '/home/physiii/circuits/liger/code/build/libwebsockets/CMakeFiles/CMakeTmp'
/usr/bin/make -f CMakeFiles/cmTC_30b9d.dir/build.make CMakeFiles/cmTC_30b9d.dir/build
make[3]: Entering directory '/home/physiii/circuits/liger/code/build/libwebsockets/CMakeFiles/CMakeTmp'
Building C object CMakeFiles/cmTC_30b9d.dir/CheckFunctionExists.c.o
/home/physiii/xtensa-esp32-elf/bin/../bin/xtensa-esp32-elf-gcc  -DKEYWORD=__inline  -nostdlib -Wall -Werror 	-I/home/physiii/circuits/liger/code/build/include 	-I/home/physiii/esp/esp-idf/components/mdns/include 	-I/home/physiii/esp/esp-idf/components/driver/include 	-I/home/physiii/esp/esp-idf/components/spi_flash/include 	-I/home/physiii/esp/esp-idf/components/nvs_flash/include 	-I/home/physiii/esp/esp-idf/components/tcpip_adapter/include 	-I/home/physiii/esp/esp-idf/components/lwip/include/lwip/posix 	-I/home/physiii/esp/esp-idf/components/lwip/include/lwip 	-I/home/physiii/esp/esp-idf/components/lwip/include/lwip/port 	-I/home/physiii/esp/esp-idf/components/esp32/include/ 	-I/home/physiii/esp/esp-idf/components/bootloader_support/include/ 	-I/home/physiii/esp/esp-idf/components/app_update/include/ 	-I/home/physiii/esp/esp-idf/components/soc/esp32/include/ 	-std=gnu99 -Os -ggdb -ffunction-sections -fdata-sections -fstrict-volatile-bitfields -mlongcalls -nostdlib -Wall -Werror=all -Wno-error=unused-function -Wno-error=unused-but-set-variable -Wno-error=unused-variable -Wno-error=deprecated-declarations -Wextra -Wno-unused-parameter -Wno-sign-compare -Wno-old-style-declaration -DWITH_POSIX -DMBEDTLS_CONFIG_FILE='mbedtls/esp_config.h' -DHAVE_CONFIG_H -I/home/physiii/circuits/liger/code/main/../components/libwebsockets/plugins  -DLWS_IS_FACTORY_APPLICATION=0 -DNDEBUG=1 -Os 	-I/home/physiii/esp/esp-idf/components/nvs_flash/test_nvs_host 	-I/home/physiii/esp/esp-idf/components/freertos/include -DCHECK_FUNCTION_EXISTS=getloadavg   -o CMakeFiles/cmTC_30b9d.dir/CheckFunctionExists.c.o   -c /usr/share/cmake-3.7/Modules/CheckFunctionExists.c
Linking C executable cmTC_30b9d
/usr/bin/cmake -E cmake_link_script CMakeFiles/cmTC_30b9d.dir/link.txt --verbose=1
/home/physiii/xtensa-esp32-elf/bin/../bin/xtensa-esp32-elf-gcc  -nostdlib -Wall -Werror 	-I/home/physiii/circuits/liger/code/build/include 	-I/home/physiii/esp/esp-idf/components/mdns/include 	-I/home/physiii/esp/esp-idf/components/driver/include 	-I/home/physiii/esp/esp-idf/components/spi_flash/include 	-I/home/physiii/esp/esp-idf/components/nvs_flash/include 	-I/home/physiii/esp/esp-idf/components/tcpip_adapter/include 	-I/home/physiii/esp/esp-idf/components/lwip/include/lwip/posix 	-I/home/physiii/esp/esp-idf/components/lwip/include/lwip 	-I/home/physiii/esp/esp-idf/components/lwip/include/lwip/port 	-I/home/physiii/esp/esp-idf/components/esp32/include/ 	-I/home/physiii/esp/esp-idf/components/bootloader_support/include/ 	-I/home/physiii/esp/esp-idf/components/app_update/include/ 	-I$(IDF_PATH)/components/soc/esp32/include/ 	-std=gnu99 -Os -ggdb -ffunction-sections -fdata-sections -fstrict-volatile-bitfields -mlongcalls -nostdlib -Wall -Werror=all -Wno-error=unused-function -Wno-error=unused-but-set-variable -Wno-error=unused-variable -Wno-error=deprecated-declarations -Wextra -Wno-unused-parameter -Wno-sign-compare -Wno-old-style-declaration -DWITH_POSIX -DMBEDTLS_CONFIG_FILE='mbedtls/esp_config.h' -DHAVE_CONFIG_H -I/home/physiii/circuits/liger/code/main/../components/libwebsockets/plugins  -DLWS_IS_FACTORY_APPLICATION=0 -DNDEBUG=1 -Os 	-I/home/physiii/esp/esp-idf/components/nvs_flash/test_nvs_host 	-I/home/physiii/esp/esp-idf/components/freertos/include -DCHECK_FUNCTION_EXISTS=getloadavg    CMakeFiles/cmTC_30b9d.dir/CheckFunctionExists.c.o  -o cmTC_30b9d  
/home/physiii/xtensa-esp32-elf/bin/../lib/gcc/xtensa-esp32-elf/5.2.0/../../../../xtensa-esp32-elf/bin/ld: warning: cannot find entry symbol _start; defaulting to 0000000000400054
CMakeFiles/cmTC_30b9d.dir/CheckFunctionExists.c.o:(.literal.startup.main+0x0): undefined reference to `getloadavg'
CMakeFiles/cmTC_30b9d.dir/CheckFunctionExists.c.o: In function `main':
/usr/share/cmake-3.7/Modules/CheckFunctionExists.c:17: undefined reference to `getloadavg'
collect2: error: ld returned 1 exit status
CMakeFiles/cmTC_30b9d.dir/build.make:97: recipe for target 'cmTC_30b9d' failed
make[3]: *** [cmTC_30b9d] Error 1
make[3]: Leaving directory '/home/physiii/circuits/liger/code/build/libwebsockets/CMakeFiles/CMakeTmp'
Makefile:126: recipe for target 'cmTC_30b9d/fast' failed
make[2]: *** [cmTC_30b9d/fast] Error 2
make[2]: Leaving directory '/home/physiii/circuits/liger/code/build/libwebsockets/CMakeFiles/CMakeTmp'


Determining if the include file dlfcn.h exists failed with the following output:
Change Dir: /home/physiii/circuits/liger/code/build/libwebsockets/CMakeFiles/CMakeTmp

Run Build Command:"/usr/bin/make" "cmTC_623af/fast"
make[2]: Entering directory '/home/physiii/circuits/liger/code/build/libwebsockets/CMakeFiles/CMakeTmp'
/usr/bin/make -f CMakeFiles/cmTC_623af.dir/build.make CMakeFiles/cmTC_623af.dir/build
make[3]: Entering directory '/home/physiii/circuits/liger/code/build/libwebsockets/CMakeFiles/CMakeTmp'
Building C object CMakeFiles/cmTC_623af.dir/CheckIncludeFile.c.o
/home/physiii/xtensa-esp32-elf/bin/../bin/xtensa-esp32-elf-gcc  -DKEYWORD=__inline  -nostdlib -Wall -Werror 	-I/home/physiii/circuits/liger/code/build/include 	-I/home/physiii/esp/esp-idf/components/mdns/include 	-I/home/physiii/esp/esp-idf/components/driver/include 	-I/home/physiii/esp/esp-idf/components/spi_flash/include 	-I/home/physiii/esp/esp-idf/components/nvs_flash/include 	-I/home/physiii/esp/esp-idf/components/tcpip_adapter/include 	-I/home/physiii/esp/esp-idf/components/lwip/include/lwip/posix 	-I/home/physiii/esp/esp-idf/components/lwip/include/lwip 	-I/home/physiii/esp/esp-idf/components/lwip/include/lwip/port 	-I/home/physiii/esp/esp-idf/components/esp32/include/ 	-I/home/physiii/esp/esp-idf/components/bootloader_support/include/ 	-I/home/physiii/esp/esp-idf/components/app_update/include/ 	-I/home/physiii/esp/esp-idf/components/soc/esp32/include/ 	-std=gnu99 -Os -ggdb -ffunction-sections -fdata-sections -fstrict-volatile-bitfields -mlongcalls -nostdlib -Wall -Werror=all -Wno-error=unused-function -Wno-error=unused-but-set-variable -Wno-error=unused-variable -Wno-error=deprecated-declarations -Wextra -Wno-unused-parameter -Wno-sign-compare -Wno-old-style-declaration -DWITH_POSIX -DMBEDTLS_CONFIG_FILE='mbedtls/esp_config.h' -DHAVE_CONFIG_H -I/home/physiii/circuits/liger/code/main/../components/libwebsockets/plugins  -DLWS_IS_FACTORY_APPLICATION=0 -DNDEBUG=1 -Os 	-I/home/physiii/esp/esp-idf/components/nvs_flash/test_nvs_host 	-I/home/physiii/esp/esp-idf/components/freertos/include    -o CMakeFiles/cmTC_623af.dir/CheckIncludeFile.c.o   -c /home/physiii/circuits/liger/code/build/libwebsockets/CMakeFiles/CMakeTmp/CheckIncludeFile.c
/home/physiii/circuits/liger/code/build/libwebsockets/CMakeFiles/CMakeTmp/CheckIncludeFile.c:1:19: fatal error: dlfcn.h: No such file or directory
compilation terminated.
CMakeFiles/cmTC_623af.dir/build.make:65: recipe for target 'CMakeFiles/cmTC_623af.dir/CheckIncludeFile.c.o' failed
make[3]: *** [CMakeFiles/cmTC_623af.dir/CheckIncludeFile.c.o] Error 1
make[3]: Leaving directory '/home/physiii/circuits/liger/code/build/libwebsockets/CMakeFiles/CMakeTmp'
Makefile:126: recipe for target 'cmTC_623af/fast' failed
make[2]: *** [cmTC_623af/fast] Error 2
make[2]: Leaving directory '/home/physiii/circuits/liger/code/build/libwebsockets/CMakeFiles/CMakeTmp'


Determining if the include file in6addr.h exists failed with the following output:
Change Dir: /home/physiii/circuits/liger/code/build/libwebsockets/CMakeFiles/CMakeTmp

Run Build Command:"/usr/bin/make" "cmTC_30edc/fast"
make[2]: Entering directory '/home/physiii/circuits/liger/code/build/libwebsockets/CMakeFiles/CMakeTmp'
/usr/bin/make -f CMakeFiles/cmTC_30edc.dir/build.make CMakeFiles/cmTC_30edc.dir/build
make[3]: Entering directory '/home/physiii/circuits/liger/code/build/libwebsockets/CMakeFiles/CMakeTmp'
Building C object CMakeFiles/cmTC_30edc.dir/CheckIncludeFile.c.o
/home/physiii/xtensa-esp32-elf/bin/../bin/xtensa-esp32-elf-gcc  -DKEYWORD=__inline  -nostdlib -Wall -Werror 	-I/home/physiii/circuits/liger/code/build/include 	-I/home/physiii/esp/esp-idf/components/mdns/include 	-I/home/physiii/esp/esp-idf/components/driver/include 	-I/home/physiii/esp/esp-idf/components/spi_flash/include 	-I/home/physiii/esp/esp-idf/components/nvs_flash/include 	-I/home/physiii/esp/esp-idf/components/tcpip_adapter/include 	-I/home/physiii/esp/esp-idf/components/lwip/include/lwip/posix 	-I/home/physiii/esp/esp-idf/components/lwip/include/lwip 	-I/home/physiii/esp/esp-idf/components/lwip/include/lwip/port 	-I/home/physiii/esp/esp-idf/components/esp32/include/ 	-I/home/physiii/esp/esp-idf/components/bootloader_support/include/ 	-I/home/physiii/esp/esp-idf/components/app_update/include/ 	-I/home/physiii/esp/esp-idf/components/soc/esp32/include/ 	-std=gnu99 -Os -ggdb -ffunction-sections -fdata-sections -fstrict-volatile-bitfields -mlongcalls -nostdlib -Wall -Werror=all -Wno-error=unused-function -Wno-error=unused-but-set-variable -Wno-error=unused-variable -Wno-error=deprecated-declarations -Wextra -Wno-unused-parameter -Wno-sign-compare -Wno-old-style-declaration -DWITH_POSIX -DMBEDTLS_CONFIG_FILE='mbedtls/esp_config.h' -DHAVE_CONFIG_H -I/home/physiii/circuits/liger/code/main/../components/libwebsockets/plugins  -DLWS_IS_FACTORY_APPLICATION=0 -DNDEBUG=1 -Os 	-I/home/physiii/esp/esp-idf/components/nvs_flash/test_nvs_host 	-I/home/physiii/esp/esp-idf/components/freertos/include    -o CMakeFiles/cmTC_30edc.dir/CheckIncludeFile.c.o   -c /home/physiii/circuits/liger/code/build/libwebsockets/CMakeFiles/CMakeTmp/CheckIncludeFile.c
/home/physiii/circuits/liger/code/build/libwebsockets/CMakeFiles/CMakeTmp/CheckIncludeFile.c:1:21: fatal error: in6addr.h: No such file or directory
compilation terminated.
CMakeFiles/cmTC_30edc.dir/build.make:65: recipe for target 'CMakeFiles/cmTC_30edc.dir/CheckIncludeFile.c.o' failed
make[3]: *** [CMakeFiles/cmTC_30edc.dir/CheckIncludeFile.c.o] Error 1
make[3]: Leaving directory '/home/physiii/circuits/liger/code/build/libwebsockets/CMakeFiles/CMakeTmp'
Makefile:126: recipe for target 'cmTC_30edc/fast' failed
make[2]: *** [cmTC_30edc/fast] Error 2
make[2]: Leaving directory '/home/physiii/circuits/liger/code/build/libwebsockets/CMakeFiles/CMakeTmp'


Determining if the include file memory.h exists failed with the following output:
Change Dir: /home/physiii/circuits/liger/code/build/libwebsockets/CMakeFiles/CMakeTmp

Run Build Command:"/usr/bin/make" "cmTC_9c1c1/fast"
make[2]: Entering directory '/home/physiii/circuits/liger/code/build/libwebsockets/CMakeFiles/CMakeTmp'
/usr/bin/make -f CMakeFiles/cmTC_9c1c1.dir/build.make CMakeFiles/cmTC_9c1c1.dir/build
make[3]: Entering directory '/home/physiii/circuits/liger/code/build/libwebsockets/CMakeFiles/CMakeTmp'
Building C object CMakeFiles/cmTC_9c1c1.dir/CheckIncludeFile.c.o
/home/physiii/xtensa-esp32-elf/bin/../bin/xtensa-esp32-elf-gcc  -DKEYWORD=__inline  -nostdlib -Wall -Werror 	-I/home/physiii/circuits/liger/code/build/include 	-I/home/physiii/esp/esp-idf/components/mdns/include 	-I/home/physiii/esp/esp-idf/components/driver/include 	-I/home/physiii/esp/esp-idf/components/spi_flash/include 	-I/home/physiii/esp/esp-idf/components/nvs_flash/include 	-I/home/physiii/esp/esp-idf/components/tcpip_adapter/include 	-I/home/physiii/esp/esp-idf/components/lwip/include/lwip/posix 	-I/home/physiii/esp/esp-idf/components/lwip/include/lwip 	-I/home/physiii/esp/esp-idf/components/lwip/include/lwip/port 	-I/home/physiii/esp/esp-idf/components/esp32/include/ 	-I/home/physiii/esp/esp-idf/components/bootloader_support/include/ 	-I/home/physiii/esp/esp-idf/components/app_update/include/ 	-I/home/physiii/esp/esp-idf/components/soc/esp32/include/ 	-std=gnu99 -Os -ggdb -ffunction-sections -fdata-sections -fstrict-volatile-bitfields -mlongcalls -nostdlib -Wall -Werror=all -Wno-error=unused-function -Wno-error=unused-but-set-variable -Wno-error=unused-variable -Wno-error=deprecated-declarations -Wextra -Wno-unused-parameter -Wno-sign-compare -Wno-old-style-declaration -DWITH_POSIX -DMBEDTLS_CONFIG_FILE='mbedtls/esp_config.h' -DHAVE_CONFIG_H -I/home/physiii/circuits/liger/code/main/../components/libwebsockets/plugins  -DLWS_IS_FACTORY_APPLICATION=0 -DNDEBUG=1 -Os 	-I/home/physiii/esp/esp-idf/components/nvs_flash/test_nvs_host 	-I/home/physiii/esp/esp-idf/components/freertos/include    -o CMakeFiles/cmTC_9c1c1.dir/CheckIncludeFile.c.o   -c /home/physiii/circuits/liger/code/build/libwebsockets/CMakeFiles/CMakeTmp/CheckIncludeFile.c
/home/physiii/circuits/liger/code/build/libwebsockets/CMakeFiles/CMakeTmp/CheckIncludeFile.c:1:20: fatal error: memory.h: No such file or directory
compilation terminated.
CMakeFiles/cmTC_9c1c1.dir/build.make:65: recipe for target 'CMakeFiles/cmTC_9c1c1.dir/CheckIncludeFile.c.o' failed
make[3]: *** [CMakeFiles/cmTC_9c1c1.dir/CheckIncludeFile.c.o] Error 1
make[3]: Leaving directory '/home/physiii/circuits/liger/code/build/libwebsockets/CMakeFiles/CMakeTmp'
Makefile:126: recipe for target 'cmTC_9c1c1/fast' failed
make[2]: *** [cmTC_9c1c1/fast] Error 2
make[2]: Leaving directory '/home/physiii/circuits/liger/code/build/libwebsockets/CMakeFiles/CMakeTmp'


Determining if the include file sys/prctl.h exists failed with the following output:
Change Dir: /home/physiii/circuits/liger/code/build/libwebsockets/CMakeFiles/CMakeTmp

Run Build Command:"/usr/bin/make" "cmTC_3bc52/fast"
make[2]: Entering directory '/home/physiii/circuits/liger/code/build/libwebsockets/CMakeFiles/CMakeTmp'
/usr/bin/make -f CMakeFiles/cmTC_3bc52.dir/build.make CMakeFiles/cmTC_3bc52.dir/build
make[3]: Entering directory '/home/physiii/circuits/liger/code/build/libwebsockets/CMakeFiles/CMakeTmp'
Building C object CMakeFiles/cmTC_3bc52.dir/CheckIncludeFile.c.o
/home/physiii/xtensa-esp32-elf/bin/../bin/xtensa-esp32-elf-gcc  -DKEYWORD=__inline  -nostdlib -Wall -Werror 	-I/home/physiii/circuits/liger/code/build/include 	-I/home/physiii/esp/esp-idf/components/mdns/include 	-I/home/physiii/esp/esp-idf/components/driver/include 	-I/home/physiii/esp/esp-idf/components/spi_flash/include 	-I/home/physiii/esp/esp-idf/components/nvs_flash/include 	-I/home/physiii/esp/esp-idf/components/tcpip_adapter/include 	-I/home/physiii/esp/esp-idf/components/lwip/include/lwip/posix 	-I/home/physiii/esp/esp-idf/components/lwip/include/lwip 	-I/home/physiii/esp/esp-idf/components/lwip/include/lwip/port 	-I/home/physiii/esp/esp-idf/components/esp32/include/ 	-I/home/physiii/esp/esp-idf/components/bootloader_support/include/ 	-I/home/physiii/esp/esp-idf/components/app_update/include/ 	-I/home/physiii/esp/esp-idf/components/soc/esp32/include/ 	-std=gnu99 -Os -ggdb -ffunction-sections -fdata-sections -fstrict-volatile-bitfields -mlongcalls -nostdlib -Wall -Werror=all -Wno-error=unused-function -Wno-error=unused-but-set-variable -Wno-error=unused-variable -Wno-error=deprecated-declarations -Wextra -Wno-unused-parameter -Wno-sign-compare -Wno-old-style-declaration -DWITH_POSIX -DMBEDTLS_CONFIG_FILE='mbedtls/esp_config.h' -DHAVE_CONFIG_H -I/home/physiii/circuits/liger/code/main/../components/libwebsockets/plugins  -DLWS_IS_FACTORY_APPLICATION=0 -DNDEBUG=1 -Os 	-I/home/physiii/esp/esp-idf/components/nvs_flash/test_nvs_host 	-I/home/physiii/esp/esp-idf/components/freertos/include    -o CMakeFiles/cmTC_3bc52.dir/CheckIncludeFile.c.o   -c /home/physiii/circuits/liger/code/build/libwebsockets/CMakeFiles/CMakeTmp/CheckIncludeFile.c
/home/physiii/circuits/liger/code/build/libwebsockets/CMakeFiles/CMakeTmp/CheckIncludeFile.c:1:23: fatal error: sys/prctl.h: No such file or directory
compilation terminated.
CMakeFiles/cmTC_3bc52.dir/build.make:65: recipe for target 'CMakeFiles/cmTC_3bc52.dir/CheckIncludeFile.c.o' failed
make[3]: *** [CMakeFiles/cmTC_3bc52.dir/CheckIncludeFile.c.o] Error 1
make[3]: Leaving directory '/home/physiii/circuits/liger/code/build/libwebsockets/CMakeFiles/CMakeTmp'
Makefile:126: recipe for target 'cmTC_3bc52/fast' failed
make[2]: *** [cmTC_3bc52/fast] Error 2
make[2]: Leaving directory '/home/physiii/circuits/liger/code/build/libwebsockets/CMakeFiles/CMakeTmp'


Determining if the include file sys/sockio.h exists failed with the following output:
Change Dir: /home/physiii/circuits/liger/code/build/libwebsockets/CMakeFiles/CMakeTmp

Run Build Command:"/usr/bin/make" "cmTC_efbcd/fast"
make[2]: Entering directory '/home/physiii/circuits/liger/code/build/libwebsockets/CMakeFiles/CMakeTmp'
/usr/bin/make -f CMakeFiles/cmTC_efbcd.dir/build.make CMakeFiles/cmTC_efbcd.dir/build
make[3]: Entering directory '/home/physiii/circuits/liger/code/build/libwebsockets/CMakeFiles/CMakeTmp'
Building C object CMakeFiles/cmTC_efbcd.dir/CheckIncludeFile.c.o
/home/physiii/xtensa-esp32-elf/bin/../bin/xtensa-esp32-elf-gcc  -DKEYWORD=__inline  -nostdlib -Wall -Werror 	-I/home/physiii/circuits/liger/code/build/include 	-I/home/physiii/esp/esp-idf/components/mdns/include 	-I/home/physiii/esp/esp-idf/components/driver/include 	-I/home/physiii/esp/esp-idf/components/spi_flash/include 	-I/home/physiii/esp/esp-idf/components/nvs_flash/include 	-I/home/physiii/esp/esp-idf/components/tcpip_adapter/include 	-I/home/physiii/esp/esp-idf/components/lwip/include/lwip/posix 	-I/home/physiii/esp/esp-idf/components/lwip/include/lwip 	-I/home/physiii/esp/esp-idf/components/lwip/include/lwip/port 	-I/home/physiii/esp/esp-idf/components/esp32/include/ 	-I/home/physiii/esp/esp-idf/components/bootloader_support/include/ 	-I/home/physiii/esp/esp-idf/components/app_update/include/ 	-I/home/physiii/esp/esp-idf/components/soc/esp32/include/ 	-std=gnu99 -Os -ggdb -ffunction-sections -fdata-sections -fstrict-volatile-bitfields -mlongcalls -nostdlib -Wall -Werror=all -Wno-error=unused-function -Wno-error=unused-but-set-variable -Wno-error=unused-variable -Wno-error=deprecated-declarations -Wextra -Wno-unused-parameter -Wno-sign-compare -Wno-old-style-declaration -DWITH_POSIX -DMBEDTLS_CONFIG_FILE='mbedtls/esp_config.h' -DHAVE_CONFIG_H -I/home/physiii/circuits/liger/code/main/../components/libwebsockets/plugins  -DLWS_IS_FACTORY_APPLICATION=0 -DNDEBUG=1 -Os 	-I/home/physiii/esp/esp-idf/components/nvs_flash/test_nvs_host 	-I/home/physiii/esp/esp-idf/components/freertos/include    -o CMakeFiles/cmTC_efbcd.dir/CheckIncludeFile.c.o   -c /home/physiii/circuits/liger/code/build/libwebsockets/CMakeFiles/CMakeTmp/CheckIncludeFile.c
/home/physiii/circuits/liger/code/build/libwebsockets/CMakeFiles/CMakeTmp/CheckIncludeFile.c:1:24: fatal error: sys/sockio.h: No such file or directory
compilation terminated.
CMakeFiles/cmTC_efbcd.dir/build.make:65: recipe for target 'CMakeFiles/cmTC_efbcd.dir/CheckIncludeFile.c.o' failed
make[3]: *** [CMakeFiles/cmTC_efbcd.dir/CheckIncludeFile.c.o] Error 1
make[3]: Leaving directory '/home/physiii/circuits/liger/code/build/libwebsockets/CMakeFiles/CMakeTmp'
Makefile:126: recipe for target 'cmTC_efbcd/fast' failed
make[2]: *** [cmTC_efbcd/fast] Error 2
make[2]: Leaving directory '/home/physiii/circuits/liger/code/build/libwebsockets/CMakeFiles/CMakeTmp'


Determining if the include file vfork.h exists failed with the following output:
Change Dir: /home/physiii/circuits/liger/code/build/libwebsockets/CMakeFiles/CMakeTmp

Run Build Command:"/usr/bin/make" "cmTC_a3113/fast"
make[2]: Entering directory '/home/physiii/circuits/liger/code/build/libwebsockets/CMakeFiles/CMakeTmp'
/usr/bin/make -f CMakeFiles/cmTC_a3113.dir/build.make CMakeFiles/cmTC_a3113.dir/build
make[3]: Entering directory '/home/physiii/circuits/liger/code/build/libwebsockets/CMakeFiles/CMakeTmp'
Building C object CMakeFiles/cmTC_a3113.dir/CheckIncludeFile.c.o
/home/physiii/xtensa-esp32-elf/bin/../bin/xtensa-esp32-elf-gcc  -DKEYWORD=__inline  -nostdlib -Wall -Werror 	-I/home/physiii/circuits/liger/code/build/include 	-I/home/physiii/esp/esp-idf/components/mdns/include 	-I/home/physiii/esp/esp-idf/components/driver/include 	-I/home/physiii/esp/esp-idf/components/spi_flash/include 	-I/home/physiii/esp/esp-idf/components/nvs_flash/include 	-I/home/physiii/esp/esp-idf/components/tcpip_adapter/include 	-I/home/physiii/esp/esp-idf/components/lwip/include/lwip/posix 	-I/home/physiii/esp/esp-idf/components/lwip/include/lwip 	-I/home/physiii/esp/esp-idf/components/lwip/include/lwip/port 	-I/home/physiii/esp/esp-idf/components/esp32/include/ 	-I/home/physiii/esp/esp-idf/components/bootloader_support/include/ 	-I/home/physiii/esp/esp-idf/components/app_update/include/ 	-I/home/physiii/esp/esp-idf/components/soc/esp32/include/ 	-std=gnu99 -Os -ggdb -ffunction-sections -fdata-sections -fstrict-volatile-bitfields -mlongcalls -nostdlib -Wall -Werror=all -Wno-error=unused-function -Wno-error=unused-but-set-variable -Wno-error=unused-variable -Wno-error=deprecated-declarations -Wextra -Wno-unused-parameter -Wno-sign-compare -Wno-old-style-declaration -DWITH_POSIX -DMBEDTLS_CONFIG_FILE='mbedtls/esp_config.h' -DHAVE_CONFIG_H -I/home/physiii/circuits/liger/code/main/../components/libwebsockets/plugins  -DLWS_IS_FACTORY_APPLICATION=0 -DNDEBUG=1 -Os 	-I/home/physiii/esp/esp-idf/components/nvs_flash/test_nvs_host 	-I/home/physiii/esp/esp-idf/components/freertos/include    -o CMakeFiles/cmTC_a3113.dir/CheckIncludeFile.c.o   -c /home/physiii/circuits/liger/code/build/libwebsockets/CMakeFiles/CMakeTmp/CheckIncludeFile.c
/home/physiii/circuits/liger/code/build/libwebsockets/CMakeFiles/CMakeTmp/CheckIncludeFile.c:1:19: fatal error: vfork.h: No such file or directory
compilation terminated.
CMakeFiles/cmTC_a3113.dir/build.make:65: recipe for target 'CMakeFiles/cmTC_a3113.dir/CheckIncludeFile.c.o' failed
make[3]: *** [CMakeFiles/cmTC_a3113.dir/CheckIncludeFile.c.o] Error 1
make[3]: Leaving directory '/home/physiii/circuits/liger/code/build/libwebsockets/CMakeFiles/CMakeTmp'
Makefile:126: recipe for target 'cmTC_a3113/fast' failed
make[2]: *** [cmTC_a3113/fast] Error 2
make[2]: Leaving directory '/home/physiii/circuits/liger/code/build/libwebsockets/CMakeFiles/CMakeTmp'


Determining if the include file zlib.h exists failed with the following output:
Change Dir: /home/physiii/circuits/liger/code/build/libwebsockets/CMakeFiles/CMakeTmp

Run Build Command:"/usr/bin/make" "cmTC_72975/fast"
make[2]: Entering directory '/home/physiii/circuits/liger/code/build/libwebsockets/CMakeFiles/CMakeTmp'
/usr/bin/make -f CMakeFiles/cmTC_72975.dir/build.make CMakeFiles/cmTC_72975.dir/build
make[3]: Entering directory '/home/physiii/circuits/liger/code/build/libwebsockets/CMakeFiles/CMakeTmp'
Building C object CMakeFiles/cmTC_72975.dir/CheckIncludeFile.c.o
/home/physiii/xtensa-esp32-elf/bin/../bin/xtensa-esp32-elf-gcc  -DKEYWORD=__inline  -nostdlib -Wall -Werror 	-I/home/physiii/circuits/liger/code/build/include 	-I/home/physiii/esp/esp-idf/components/mdns/include 	-I/home/physiii/esp/esp-idf/components/driver/include 	-I/home/physiii/esp/esp-idf/components/spi_flash/include 	-I/home/physiii/esp/esp-idf/components/nvs_flash/include 	-I/home/physiii/esp/esp-idf/components/tcpip_adapter/include 	-I/home/physiii/esp/esp-idf/components/lwip/include/lwip/posix 	-I/home/physiii/esp/esp-idf/components/lwip/include/lwip 	-I/home/physiii/esp/esp-idf/components/lwip/include/lwip/port 	-I/home/physiii/esp/esp-idf/components/esp32/include/ 	-I/home/physiii/esp/esp-idf/components/bootloader_support/include/ 	-I/home/physiii/esp/esp-idf/components/app_update/include/ 	-I/home/physiii/esp/esp-idf/components/soc/esp32/include/ 	-std=gnu99 -Os -ggdb -ffunction-sections -fdata-sections -fstrict-volatile-bitfields -mlongcalls -nostdlib -Wall -Werror=all -Wno-error=unused-function -Wno-error=unused-but-set-variable -Wno-error=unused-variable -Wno-error=deprecated-declarations -Wextra -Wno-unused-parameter -Wno-sign-compare -Wno-old-style-declaration -DWITH_POSIX -DMBEDTLS_CONFIG_FILE='mbedtls/esp_config.h' -DHAVE_CONFIG_H -I/home/physiii/circuits/liger/code/main/../components/libwebsockets/plugins  -DLWS_IS_FACTORY_APPLICATION=0 -DNDEBUG=1 -Os 	-I/home/physiii/esp/esp-idf/components/nvs_flash/test_nvs_host 	-I/home/physiii/esp/esp-idf/components/freertos/include    -o CMakeFiles/cmTC_72975.dir/CheckIncludeFile.c.o   -c /home/physiii/circuits/liger/code/build/libwebsockets/CMakeFiles/CMakeTmp/CheckIncludeFile.c
/home/physiii/circuits/liger/code/build/libwebsockets/CMakeFiles/CMakeTmp/CheckIncludeFile.c:1:18: fatal error: zlib.h: No such file or directory
compilation terminated.
CMakeFiles/cmTC_72975.dir/build.make:65: recipe for target 'CMakeFiles/cmTC_72975.dir/CheckIncludeFile.c.o' failed
make[3]: *** [CMakeFiles/cmTC_72975.dir/CheckIncludeFile.c.o] Error 1
make[3]: Leaving directory '/home/physiii/circuits/liger/code/build/libwebsockets/CMakeFiles/CMakeTmp'
Makefile:126: recipe for target 'cmTC_72975/fast' failed
make[2]: *** [cmTC_72975/fast] Error 2
make[2]: Leaving directory '/home/physiii/circuits/liger/code/build/libwebsockets/CMakeFiles/CMakeTmp'


Determining if the include file openssl/ecdh.h exists failed with the following output:
Change Dir: /home/physiii/circuits/liger/code/build/libwebsockets/CMakeFiles/CMakeTmp

Run Build Command:"/usr/bin/make" "cmTC_defb6/fast"
make[2]: Entering directory '/home/physiii/circuits/liger/code/build/libwebsockets/CMakeFiles/CMakeTmp'
/usr/bin/make -f CMakeFiles/cmTC_defb6.dir/build.make CMakeFiles/cmTC_defb6.dir/build
make[3]: Entering directory '/home/physiii/circuits/liger/code/build/libwebsockets/CMakeFiles/CMakeTmp'
Building C object CMakeFiles/cmTC_defb6.dir/CheckIncludeFile.c.o
/home/physiii/xtensa-esp32-elf/bin/../bin/xtensa-esp32-elf-gcc  -DKEYWORD=__inline -I/home/physiii/esp/esp-idf/components/openssl/include  -nostdlib -Wall -Werror 	-I/home/physiii/circuits/liger/code/build/include 	-I/home/physiii/esp/esp-idf/components/mdns/include 	-I/home/physiii/esp/esp-idf/components/driver/include 	-I/home/physiii/esp/esp-idf/components/spi_flash/include 	-I/home/physiii/esp/esp-idf/components/nvs_flash/include 	-I/home/physiii/esp/esp-idf/components/tcpip_adapter/include 	-I/home/physiii/esp/esp-idf/components/lwip/include/lwip/posix 	-I/home/physiii/esp/esp-idf/components/lwip/include/lwip 	-I/home/physiii/esp/esp-idf/components/lwip/include/lwip/port 	-I/home/physiii/esp/esp-idf/components/esp32/include/ 	-I/home/physiii/esp/esp-idf/components/bootloader_support/include/ 	-I/home/physiii/esp/esp-idf/components/app_update/include/ 	-I/home/physiii/esp/esp-idf/components/soc/esp32/include/ 	-std=gnu99 -Os -ggdb -ffunction-sections -fdata-sections -fstrict-volatile-bitfields -mlongcalls -nostdlib -Wall -Werror=all -Wno-error=unused-function -Wno-error=unused-but-set-variable -Wno-error=unused-variable -Wno-error=deprecated-declarations -Wextra -Wno-unused-parameter -Wno-sign-compare -Wno-old-style-declaration -DWITH_POSIX -DMBEDTLS_CONFIG_FILE='mbedtls/esp_config.h' -DHAVE_CONFIG_H -I/home/physiii/circuits/liger/code/main/../components/libwebsockets/plugins  -DLWS_IS_FACTORY_APPLICATION=0 -DNDEBUG=1 -Os 	-I/home/physiii/esp/esp-idf/components/nvs_flash/test_nvs_host 	-I/home/physiii/esp/esp-idf/components/freertos/include    -o CMakeFiles/cmTC_defb6.dir/CheckIncludeFile.c.o   -c /home/physiii/circuits/liger/code/build/libwebsockets/CMakeFiles/CMakeTmp/CheckIncludeFile.c
/home/physiii/circuits/liger/code/build/libwebsockets/CMakeFiles/CMakeTmp/CheckIncludeFile.c:1:26: fatal error: openssl/ecdh.h: No such file or directory
compilation terminated.
CMakeFiles/cmTC_defb6.dir/build.make:65: recipe for target 'CMakeFiles/cmTC_defb6.dir/CheckIncludeFile.c.o' failed
make[3]: *** [CMakeFiles/cmTC_defb6.dir/CheckIncludeFile.c.o] Error 1
make[3]: Leaving directory '/home/physiii/circuits/liger/code/build/libwebsockets/CMakeFiles/CMakeTmp'
Makefile:126: recipe for target 'cmTC_defb6/fast' failed
make[2]: *** [cmTC_defb6/fast] Error 2
make[2]: Leaving directory '/home/physiii/circuits/liger/code/build/libwebsockets/CMakeFiles/CMakeTmp'


Determining if the function SSL_CTX_set1_param exists failed with the following output:
Change Dir: /home/physiii/circuits/liger/code/build/libwebsockets/CMakeFiles/CMakeTmp

Run Build Command:"/usr/bin/make" "cmTC_dae4d/fast"
make[2]: Entering directory '/home/physiii/circuits/liger/code/build/libwebsockets/CMakeFiles/CMakeTmp'
/usr/bin/make -f CMakeFiles/cmTC_dae4d.dir/build.make CMakeFiles/cmTC_dae4d.dir/build
make[3]: Entering directory '/home/physiii/circuits/liger/code/build/libwebsockets/CMakeFiles/CMakeTmp'
Building C object CMakeFiles/cmTC_dae4d.dir/CheckFunctionExists.c.o
/home/physiii/xtensa-esp32-elf/bin/../bin/xtensa-esp32-elf-gcc  -DKEYWORD=__inline -I/home/physiii/esp/esp-idf/components/openssl/include  -nostdlib -Wall -Werror 	-I/home/physiii/circuits/liger/code/build/include 	-I/home/physiii/esp/esp-idf/components/mdns/include 	-I/home/physiii/esp/esp-idf/components/driver/include 	-I/home/physiii/esp/esp-idf/components/spi_flash/include 	-I/home/physiii/esp/esp-idf/components/nvs_flash/include 	-I/home/physiii/esp/esp-idf/components/tcpip_adapter/include 	-I/home/physiii/esp/esp-idf/components/lwip/include/lwip/posix 	-I/home/physiii/esp/esp-idf/components/lwip/include/lwip 	-I/home/physiii/esp/esp-idf/components/lwip/include/lwip/port 	-I/home/physiii/esp/esp-idf/components/esp32/include/ 	-I/home/physiii/esp/esp-idf/components/bootloader_support/include/ 	-I/home/physiii/esp/esp-idf/components/app_update/include/ 	-I/home/physiii/esp/esp-idf/components/soc/esp32/include/ 	-std=gnu99 -Os -ggdb -ffunction-sections -fdata-sections -fstrict-volatile-bitfields -mlongcalls -nostdlib -Wall -Werror=all -Wno-error=unused-function -Wno-error=unused-but-set-variable -Wno-error=unused-variable -Wno-error=deprecated-declarations -Wextra -Wno-unused-parameter -Wno-sign-compare -Wno-old-style-declaration -DWITH_POSIX -DMBEDTLS_CONFIG_FILE='mbedtls/esp_config.h' -DHAVE_CONFIG_H -I/home/physiii/circuits/liger/code/main/../components/libwebsockets/plugins  -DLWS_IS_FACTORY_APPLICATION=0 -DNDEBUG=1 -Os 	-I/home/physiii/esp/esp-idf/components/nvs_flash/test_nvs_host 	-I/home/physiii/esp/esp-idf/components/freertos/include -DCHECK_FUNCTION_EXISTS=SSL_CTX_set1_param   -o CMakeFiles/cmTC_dae4d.dir/CheckFunctionExists.c.o   -c /usr/share/cmake-3.7/Modules/CheckFunctionExists.c
make[3]: *** No rule to make target '/home/physiii/circuits/liger/code/build/zlib/libzlib.a', needed by 'cmTC_dae4d'.  Stop.
make[3]: Leaving directory '/home/physiii/circuits/liger/code/build/libwebsockets/CMakeFiles/CMakeTmp'
Makefile:126: recipe for target 'cmTC_dae4d/fast' failed
make[2]: *** [cmTC_dae4d/fast] Error 2
make[2]: Leaving directory '/home/physiii/circuits/liger/code/build/libwebsockets/CMakeFiles/CMakeTmp'


Determining if the function X509_VERIFY_PARAM_set1_host exists failed with the following output:
Change Dir: /home/physiii/circuits/liger/code/build/libwebsockets/CMakeFiles/CMakeTmp

Run Build Command:"/usr/bin/make" "cmTC_21a6a/fast"
make[2]: Entering directory '/home/physiii/circuits/liger/code/build/libwebsockets/CMakeFiles/CMakeTmp'
/usr/bin/make -f CMakeFiles/cmTC_21a6a.dir/build.make CMakeFiles/cmTC_21a6a.dir/build
make[3]: Entering directory '/home/physiii/circuits/liger/code/build/libwebsockets/CMakeFiles/CMakeTmp'
Building C object CMakeFiles/cmTC_21a6a.dir/CheckFunctionExists.c.o
/home/physiii/xtensa-esp32-elf/bin/../bin/xtensa-esp32-elf-gcc  -DKEYWORD=__inline -I/home/physiii/esp/esp-idf/components/openssl/include  -nostdlib -Wall -Werror 	-I/home/physiii/circuits/liger/code/build/include 	-I/home/physiii/esp/esp-idf/components/mdns/include 	-I/home/physiii/esp/esp-idf/components/driver/include 	-I/home/physiii/esp/esp-idf/components/spi_flash/include 	-I/home/physiii/esp/esp-idf/components/nvs_flash/include 	-I/home/physiii/esp/esp-idf/components/tcpip_adapter/include 	-I/home/physiii/esp/esp-idf/components/lwip/include/lwip/posix 	-I/home/physiii/esp/esp-idf/components/lwip/include/lwip 	-I/home/physiii/esp/esp-idf/components/lwip/include/lwip/port 	-I/home/physiii/esp/esp-idf/components/esp32/include/ 	-I/home/physiii/esp/esp-idf/components/bootloader_support/include/ 	-I/home/physiii/esp/esp-idf/components/app_update/include/ 	-I/home/physiii/esp/esp-idf/components/soc/esp32/include/ 	-std=gnu99 -Os -ggdb -ffunction-sections -fdata-sections -fstrict-volatile-bitfields -mlongcalls -nostdlib -Wall -Werror=all -Wno-error=unused-function -Wno-error=unused-but-set-variable -Wno-error=unused-variable -Wno-error=deprecated-declarations -Wextra -Wno-unused-parameter -Wno-sign-compare -Wno-old-style-declaration -DWITH_POSIX -DMBEDTLS_CONFIG_FILE='mbedtls/esp_config.h' -DHAVE_CONFIG_H -I/home/physiii/circuits/liger/code/main/../components/libwebsockets/plugins  -DLWS_IS_FACTORY_APPLICATION=0 -DNDEBUG=1 -Os 	-I/home/physiii/esp/esp-idf/components/nvs_flash/test_nvs_host 	-I/home/physiii/esp/esp-idf/components/freertos/include -DCHECK_FUNCTION_EXISTS=X509_VERIFY_PARAM_set1_host   -o CMakeFiles/cmTC_21a6a.dir/CheckFunctionExists.c.o   -c /usr/share/cmake-3.7/Modules/CheckFunctionExists.c
make[3]: *** No rule to make target '/home/physiii/circuits/liger/code/build/zlib/libzlib.a', needed by 'cmTC_21a6a'.  Stop.
make[3]: Leaving directory '/home/physiii/circuits/liger/code/build/libwebsockets/CMakeFiles/CMakeTmp'
Makefile:126: recipe for target 'cmTC_21a6a/fast' failed
make[2]: *** [cmTC_21a6a/fast] Error 2
make[2]: Leaving directory '/home/physiii/circuits/liger/code/build/libwebsockets/CMakeFiles/CMakeTmp'


